INFO:root:- Step 1 -
INFO:root:Grid transfered: 10, Local transferred: 0
INFO:root:Energy balance: 0, Daily cost: -100
INFO:root:- Step 2 -
INFO:root:Grid transfered: 10, Local transferred: 0
INFO:root:Energy balance: 0, Daily cost: -100
INFO:root:- Step 3 -
INFO:root:Grid transfered: 10, Local transferred: 0
INFO:root:Energy balance: 0, Daily cost: -100
INFO:root:- Step 4 -
INFO:root:Grid transfered: 10, Local transferred: 0
INFO:root:Energy balance: 0, Daily cost: -100
INFO:root:- Step 5 -
INFO:root:Grid transfered: 10, Local transferred: 0
INFO:root:Energy balance: 0, Daily cost: -100
INFO:root:- Step 6 -
INFO:root:Grid transfered: 10, Local transferred: 0
INFO:root:Energy balance: 0, Daily cost: -100
INFO:root:- Step 7 -
INFO:root:Grid transfered: 10, Local transferred: 0
INFO:root:Energy balance: 0, Daily cost: -100
INFO:root:- Step 8 -
INFO:root:Grid transfered: 10, Local transferred: 0
INFO:root:Energy balance: 0, Daily cost: -100
INFO:root:- Step 9 -
INFO:root:Grid transfered: 10, Local transferred: 0
INFO:root:Energy balance: 0, Daily cost: -100
INFO:root:- Step 10 -
INFO:root:Grid transfered: 10, Local transferred: 0
INFO:root:Energy balance: 0, Daily cost: -100
INFO:root:- Step 11 -
INFO:root:Grid transfered: 10, Local transferred: 0
INFO:root:Energy balance: 0, Daily cost: -100
INFO:root:- Step 12 -
INFO:root:Grid transfered: 10, Local transferred: 0
INFO:root:Energy balance: 0, Daily cost: -100
INFO:root:- Step 13 -
INFO:root:Grid transfered: 10, Local transferred: 0
INFO:root:Energy balance: 0, Daily cost: -100
INFO:root:- Step 14 -
INFO:root:Grid transfered: 10, Local transferred: 0
INFO:root:Energy balance: 0, Daily cost: -100
INFO:root:- Step 15 -
INFO:root:Grid transfered: 10, Local transferred: 0
INFO:root:Energy balance: 0, Daily cost: -100
INFO:root:- Step 16 -
INFO:root:Grid transfered: 10, Local transferred: 0
INFO:root:Energy balance: 0, Daily cost: -100
INFO:root:- Step 17 -
INFO:root:Grid transfered: 10, Local transferred: 0
INFO:root:Energy balance: 0, Daily cost: -100
INFO:root:- Step 18 -
INFO:root:Grid transfered: 10, Local transferred: 0
INFO:root:Energy balance: 0, Daily cost: -100
INFO:root:- Step 19 -
INFO:root:Grid transfered: 10, Local transferred: 0
INFO:root:Energy balance: 0, Daily cost: -100
INFO:root:- Step 20 -
INFO:root:Grid transfered: 10, Local transferred: 0
INFO:root:Energy balance: 0, Daily cost: -100
INFO:root:- Step 21 -
INFO:root:Grid transfered: 10, Local transferred: 0
INFO:root:Energy balance: 0, Daily cost: -100
INFO:root:- Step 22 -
INFO:root:Grid transfered: 10, Local transferred: 0
INFO:root:Energy balance: 0, Daily cost: -100
INFO:root:- Step 23 -
INFO:root:Grid transfered: 10, Local transferred: 0
INFO:root:Energy balance: 0, Daily cost: -100
INFO:root:- Step 24 -
INFO:root:Grid transfered: 10, Local transferred: 0
INFO:root:Energy balance: 0, Daily cost: -100
INFO:root:- Step 25 -
INFO:root:Grid transfered: 10, Local transferred: 0
INFO:root:Energy balance: 0, Daily cost: -100
INFO:root:- Step 26 -
INFO:root:Grid transfered: 10, Local transferred: 0
INFO:root:Energy balance: 0, Daily cost: -100
INFO:root:- Step 27 -
INFO:root:Grid transfered: 10, Local transferred: 0
INFO:root:Energy balance: 0, Daily cost: -100
INFO:root:- Step 28 -
INFO:root:Grid transfered: 10, Local transferred: 0
INFO:root:Energy balance: 0, Daily cost: -100
INFO:root:- Step 29 -
INFO:root:Grid transfered: 10, Local transferred: 0
INFO:root:Energy balance: 0, Daily cost: -100
INFO:root:- Step 30 -
INFO:root:Grid transfered: 10, Local transferred: 0
INFO:root:Energy balance: 0, Daily cost: -100
INFO:root:- Step 31 -
INFO:root:Grid transfered: 10, Local transferred: 0
INFO:root:Energy balance: 0, Daily cost: -100
INFO:root:- Step 32 -
INFO:root:Grid transfered: 10, Local transferred: 0
INFO:root:Energy balance: 0, Daily cost: -100
INFO:root:- Step 33 -
INFO:root:Grid transfered: 10, Local transferred: 0
INFO:root:Energy balance: 0, Daily cost: -100
INFO:root:- Step 34 -
INFO:root:Grid transfered: 10, Local transferred: 0
INFO:root:Energy balance: 0, Daily cost: -100
INFO:root:- Step 35 -
INFO:root:Grid transfered: 10, Local transferred: 0
INFO:root:Energy balance: 0, Daily cost: -100
INFO:root:- Step 36 -
INFO:root:Grid transfered: 10, Local transferred: 0
INFO:root:Energy balance: 0, Daily cost: -100
INFO:root:- Step 37 -
INFO:root:Grid transfered: 10, Local transferred: 0
INFO:root:Energy balance: 0, Daily cost: -100
INFO:root:- Step 38 -
INFO:root:Grid transfered: 10, Local transferred: 0
INFO:root:Energy balance: 0, Daily cost: -100
INFO:root:- Step 39 -
INFO:root:Grid transfered: 10, Local transferred: 0
INFO:root:Energy balance: 0, Daily cost: -100
INFO:root:- Step 40 -
INFO:root:Grid transfered: 10, Local transferred: 0
INFO:root:Energy balance: 0, Daily cost: -100
INFO:root:- Step 41 -
INFO:root:Grid transfered: 10, Local transferred: 0
INFO:root:Energy balance: 0, Daily cost: -100
INFO:root:- Step 42 -
INFO:root:Grid transfered: 10, Local transferred: 0
INFO:root:Energy balance: 0, Daily cost: -100
INFO:root:- Step 43 -
INFO:root:Grid transfered: 10, Local transferred: 0
INFO:root:Energy balance: 0, Daily cost: -100
INFO:root:- Step 44 -
INFO:root:Grid transfered: 10, Local transferred: 0
INFO:root:Energy balance: 0, Daily cost: -100
INFO:root:- Step 45 -
INFO:root:Grid transfered: 10, Local transferred: 0
INFO:root:Energy balance: 0, Daily cost: -100
INFO:root:- Step 46 -
INFO:root:Grid transfered: 10, Local transferred: 0
INFO:root:Energy balance: 0, Daily cost: -100
INFO:root:- Step 47 -
INFO:root:Grid transfered: 10, Local transferred: 0
INFO:root:Energy balance: 0, Daily cost: -100
INFO:root:- Step 48 -
INFO:root:Grid transfered: 10, Local transferred: 0
INFO:root:Energy balance: 0, Daily cost: -100
INFO:root:- Step 49 -
INFO:root:Grid transfered: 10, Local transferred: 0
INFO:root:Energy balance: 0, Daily cost: -100
INFO:root:- Step 50 -
INFO:root:Grid transfered: 10, Local transferred: 0
INFO:root:Energy balance: 0, Daily cost: -100
INFO:root:- Step 51 -
INFO:root:Grid transfered: 10, Local transferred: 0
INFO:root:Energy balance: 0, Daily cost: -100
INFO:root:- Step 52 -
INFO:root:Grid transfered: 10, Local transferred: 0
INFO:root:Energy balance: 0, Daily cost: -100
INFO:root:- Step 53 -
INFO:root:Grid transfered: 10, Local transferred: 0
INFO:root:Energy balance: 0, Daily cost: -100
INFO:root:- Step 54 -
INFO:root:Grid transfered: 10, Local transferred: 0
INFO:root:Energy balance: 0, Daily cost: -100
INFO:root:- Step 55 -
INFO:root:Grid transfered: 10, Local transferred: 0
INFO:root:Energy balance: 0, Daily cost: -100
INFO:root:- Step 56 -
INFO:root:Grid transfered: 10, Local transferred: 0
INFO:root:Energy balance: 0, Daily cost: -100
INFO:root:- Step 57 -
INFO:root:Grid transfered: 10, Local transferred: 0
INFO:root:Energy balance: 0, Daily cost: -100
INFO:root:- Step 58 -
INFO:root:Grid transfered: 10, Local transferred: 0
INFO:root:Energy balance: 0, Daily cost: -100
INFO:root:- Step 59 -
INFO:root:Grid transfered: 10, Local transferred: 0
INFO:root:Energy balance: 0, Daily cost: -100
INFO:root:- Step 60 -
INFO:root:Grid transfered: 10, Local transferred: 0
INFO:root:Energy balance: 0, Daily cost: -100
INFO:root:- Step 61 -
INFO:root:Grid transfered: 10, Local transferred: 0
INFO:root:Energy balance: 0, Daily cost: -100
INFO:root:- Step 62 -
INFO:root:Grid transfered: 10, Local transferred: 0
INFO:root:Energy balance: 0, Daily cost: -100
INFO:root:- Step 63 -
INFO:root:Grid transfered: 10, Local transferred: 0
INFO:root:Energy balance: 0, Daily cost: -100
INFO:root:- Step 64 -
INFO:root:Grid transfered: 10, Local transferred: 0
INFO:root:Energy balance: 0, Daily cost: -100
INFO:root:- Step 65 -
INFO:root:Grid transfered: 10, Local transferred: 0
INFO:root:Energy balance: 0, Daily cost: -100
INFO:root:- Step 66 -
INFO:root:Grid transfered: 10, Local transferred: 0
INFO:root:Energy balance: 0, Daily cost: -100
INFO:root:- Step 67 -
INFO:root:Grid transfered: 10, Local transferred: 0
INFO:root:Energy balance: 0, Daily cost: -100
INFO:root:- Step 68 -
INFO:root:Grid transfered: 10, Local transferred: 0
INFO:root:Energy balance: 0, Daily cost: -100
INFO:root:- Step 69 -
INFO:root:Grid transfered: 10, Local transferred: 0
INFO:root:Energy balance: 0, Daily cost: -100
INFO:root:- Step 70 -
INFO:root:Grid transfered: 10, Local transferred: 0
INFO:root:Energy balance: 0, Daily cost: -100
INFO:root:- Step 71 -
INFO:root:Grid transfered: 10, Local transferred: 0
INFO:root:Energy balance: 0, Daily cost: -100
INFO:root:- Step 72 -
INFO:root:Grid transfered: 10, Local transferred: 0
INFO:root:Energy balance: 0, Daily cost: -100
INFO:root:- Step 73 -
INFO:root:Grid transfered: 10, Local transferred: 0
INFO:root:Energy balance: 0, Daily cost: -100
INFO:root:- Step 74 -
INFO:root:Grid transfered: 10, Local transferred: 0
INFO:root:Energy balance: 0, Daily cost: -100
INFO:root:- Step 75 -
INFO:root:Grid transfered: 10, Local transferred: 0
INFO:root:Energy balance: 0, Daily cost: -100
INFO:root:- Step 76 -
INFO:root:Grid transfered: 10, Local transferred: 0
INFO:root:Energy balance: 0, Daily cost: -100
INFO:root:- Step 77 -
INFO:root:Grid transfered: 10, Local transferred: 0
INFO:root:Energy balance: 0, Daily cost: -100
INFO:root:- Step 78 -
INFO:root:Grid transfered: 10, Local transferred: 0
INFO:root:Energy balance: 0, Daily cost: -100
INFO:root:- Step 79 -
INFO:root:Grid transfered: 10, Local transferred: 0
INFO:root:Energy balance: 0, Daily cost: -100
INFO:root:- Step 80 -
INFO:root:Grid transfered: 10, Local transferred: 0
INFO:root:Energy balance: 0, Daily cost: -100
INFO:root:- Step 81 -
INFO:root:Grid transfered: 10, Local transferred: 0
INFO:root:Energy balance: 0, Daily cost: -100
INFO:root:- Step 82 -
INFO:root:Grid transfered: 10, Local transferred: 0
INFO:root:Energy balance: 0, Daily cost: -100
INFO:root:- Step 83 -
INFO:root:Grid transfered: 10, Local transferred: 0
INFO:root:Energy balance: 0, Daily cost: -100
INFO:root:- Step 84 -
INFO:root:Grid transfered: 10, Local transferred: 0
INFO:root:Energy balance: 0, Daily cost: -100
INFO:root:- Step 85 -
INFO:root:Grid transfered: 10, Local transferred: 0
INFO:root:Energy balance: 0, Daily cost: -100
INFO:root:- Step 86 -
INFO:root:Grid transfered: 10, Local transferred: 0
INFO:root:Energy balance: 0, Daily cost: -100
INFO:root:- Step 87 -
INFO:root:Grid transfered: 10, Local transferred: 0
INFO:root:Energy balance: 0, Daily cost: -100
INFO:root:- Step 88 -
INFO:root:Grid transfered: 10, Local transferred: 0
INFO:root:Energy balance: 0, Daily cost: -100
INFO:root:- Step 89 -
INFO:root:Grid transfered: 10, Local transferred: 0
INFO:root:Energy balance: 0, Daily cost: -100
INFO:root:- Step 90 -
INFO:root:Grid transfered: 10, Local transferred: 0
INFO:root:Energy balance: 0, Daily cost: -100
INFO:root:- Step 91 -
INFO:root:Grid transfered: 10, Local transferred: 0
INFO:root:Energy balance: 0, Daily cost: -100
INFO:root:- Step 92 -
INFO:root:Grid transfered: 10, Local transferred: 0
INFO:root:Energy balance: 0, Daily cost: -100
INFO:root:- Step 93 -
INFO:root:Grid transfered: 10, Local transferred: 0
INFO:root:Energy balance: 0, Daily cost: -100
INFO:root:- Step 94 -
INFO:root:Grid transfered: 10, Local transferred: 0
INFO:root:Energy balance: 0, Daily cost: -100
INFO:root:- Step 95 -
INFO:root:Grid transfered: 10, Local transferred: 0
INFO:root:Energy balance: 0, Daily cost: -100
INFO:root:- Step 96 -
INFO:root:Grid transfered: 10, Local transferred: 0
INFO:root:Energy balance: 0, Daily cost: -100
INFO:root:- Step 97 -
INFO:root:Grid transfered: 10, Local transferred: 0
INFO:root:Energy balance: 0, Daily cost: -100
INFO:root:- Step 98 -
INFO:root:Grid transfered: 10, Local transferred: 0
INFO:root:Energy balance: 0, Daily cost: -100
INFO:root:- Step 99 -
INFO:root:Grid transfered: 10, Local transferred: 0
INFO:root:Energy balance: 0, Daily cost: -100
INFO:root:- Step 100 -
INFO:root:Grid transfered: 10, Local transferred: 0
INFO:root:Energy balance: 0, Daily cost: -100
INFO:root:-- Step 1 --
INFO:root:Grid transfered: 0, Local transferred: 0
INFO:root:Energy balance: 3.425325417155875, Daily cost: 3.425325417155875
INFO:root:-- Step 2 --
INFO:root:Grid transfered: 4.716217201351954, Local transferred: 0
INFO:root:Energy balance: 0, Daily cost: -47.16217201351954
INFO:root:-- Step 3 --
INFO:root:Grid transfered: 2.356290945720363, Local transferred: 0
INFO:root:Energy balance: 0, Daily cost: -23.56290945720363
INFO:root:-- Step 4 --
INFO:root:Grid transfered: 0, Local transferred: 0
INFO:root:Energy balance: 1.1227767371171602, Daily cost: 1.1227767371171602
INFO:root:-- Step 5 --
INFO:root:Grid transfered: 0, Local transferred: 0
INFO:root:Energy balance: 1.83165952294247, Daily cost: 1.83165952294247
INFO:root:-- Step 6 --
INFO:root:Grid transfered: 0, Local transferred: 0
INFO:root:Energy balance: 2.861350803976494, Daily cost: 2.861350803976494
INFO:root:-- Step 7 --
INFO:root:Grid transfered: 1.0904809871448347, Local transferred: 0
INFO:root:Energy balance: 0, Daily cost: -10.904809871448347
INFO:root:-- Step 8 --
INFO:root:Grid transfered: 0, Local transferred: 0
INFO:root:Energy balance: 0.2947500458739203, Daily cost: 0.2947500458739203
INFO:root:-- Step 9 --
INFO:root:Grid transfered: 0.49558634027109605, Local transferred: 0
INFO:root:Energy balance: 0, Daily cost: -4.9558634027109605
INFO:root:-- Step 10 --
INFO:root:Grid transfered: 2.1219534208417015, Local transferred: 0
INFO:root:Energy balance: 0, Daily cost: -21.219534208417016
