INFO:root:-- Step 1 --
INFO:root:Grid transfered: 0, Local transferred: 0
INFO:root:Energy balance: 2.3464760667409212, Daily cost: 2.3464760667409212
INFO:root:-- Step 2 --
INFO:root:Grid transfered: 0, Local transferred: 0
INFO:root:Energy balance: 0.5597607498412707, Daily cost: 0.5597607498412707
INFO:root:-- Step 3 --
INFO:root:Grid transfered: 4.407286782360099, Local transferred: 0
INFO:root:Energy balance: 0, Daily cost: -44.072867823600994
INFO:root:-- Step 4 --
INFO:root:Grid transfered: 3.6656866564233876, Local transferred: 0
INFO:root:Energy balance: 0, Daily cost: -36.65686656423388
INFO:root:-- Step 5 --
INFO:root:Grid transfered: 2.3625811704475295, Local transferred: 0
INFO:root:Energy balance: 0, Daily cost: -23.625811704475296
INFO:root:-- Step 6 --
INFO:root:Grid transfered: 0, Local transferred: 0
INFO:root:Energy balance: 3.1605285932337175, Daily cost: 3.1605285932337175
INFO:root:-- Step 7 --
INFO:root:Grid transfered: 0, Local transferred: 0
INFO:root:Energy balance: 0.4272644403914292, Daily cost: 0.4272644403914292
INFO:root:-- Step 8 --
INFO:root:Grid transfered: 0, Local transferred: 0
INFO:root:Energy balance: 7.555236976129741, Daily cost: 7.555236976129741
INFO:root:-- Step 9 --
INFO:root:Grid transfered: 1.0631742798705126, Local transferred: 0
INFO:root:Energy balance: 0, Daily cost: -10.631742798705126
INFO:root:-- Step 10 --
INFO:root:Grid transfered: 0.8814117318858781, Local transferred: 0
INFO:root:Energy balance: 0, Daily cost: -8.81411731885878
INFO:root:-- Step 11 --
INFO:root:Grid transfered: 0, Local transferred: 0
INFO:root:Energy balance: 1.2535774040316952, Daily cost: 1.2535774040316952
INFO:root:-- Step 12 --
INFO:root:Grid transfered: 0, Local transferred: 0
INFO:root:Energy balance: 2.26091926038049, Daily cost: 2.26091926038049
INFO:root:-- Step 13 --
INFO:root:Grid transfered: 6.943680471873302, Local transferred: 0
INFO:root:Energy balance: 0, Daily cost: -69.43680471873301
INFO:root:-- Step 14 --
INFO:root:Grid transfered: 3.828289661492204, Local transferred: 0
INFO:root:Energy balance: 0, Daily cost: -38.28289661492204
INFO:root:-- Step 15 --
INFO:root:Grid transfered: 0, Local transferred: 0
INFO:root:Energy balance: 0.32266550658024684, Daily cost: 0.32266550658024684
INFO:root:-- Step 16 --
INFO:root:Grid transfered: 7.438481205624597, Local transferred: 0
INFO:root:Energy balance: 0, Daily cost: -74.38481205624596
INFO:root:-- Step 17 --
INFO:root:Grid transfered: 1.7064585243300705, Local transferred: 0
INFO:root:Energy balance: 0, Daily cost: -17.064585243300705
INFO:root:-- Step 18 --
INFO:root:Grid transfered: 0.28476374289293993, Local transferred: 0
INFO:root:Energy balance: 0, Daily cost: -2.8476374289293993
INFO:root:-- Step 19 --
INFO:root:Grid transfered: 5.783897623529061, Local transferred: 0
INFO:root:Energy balance: 0, Daily cost: -57.83897623529061
INFO:root:-- Step 20 --
INFO:root:Grid transfered: 0.722697335522156, Local transferred: 0
INFO:root:Energy balance: 0, Daily cost: -7.22697335522156
INFO:root:-- Step 1 --
INFO:root:Grid transfered: 0, Local transferred: 0
INFO:root:Energy balance: 2.3464760667409212, Daily cost: 2.3464760667409212
INFO:root:-- Step 2 --
INFO:root:Grid transfered: 0, Local transferred: 0
INFO:root:Energy balance: 0.5597607498412707, Daily cost: 0.5597607498412707
INFO:root:-- Step 3 --
INFO:root:Grid transfered: 4.407286782360099, Local transferred: 0
INFO:root:Energy balance: 0, Daily cost: -44.072867823600994
INFO:root:-- Step 4 --
INFO:root:Grid transfered: 3.6656866564233876, Local transferred: 0
INFO:root:Energy balance: 0, Daily cost: -36.65686656423388
INFO:root:-- Step 5 --
INFO:root:Grid transfered: 2.3625811704475295, Local transferred: 0
INFO:root:Energy balance: 0, Daily cost: -23.625811704475296
INFO:root:-- Step 6 --
INFO:root:Grid transfered: 0, Local transferred: 0
INFO:root:Energy balance: 3.1605285932337175, Daily cost: 3.1605285932337175
INFO:root:-- Step 7 --
INFO:root:Grid transfered: 0, Local transferred: 0
INFO:root:Energy balance: 0.4272644403914292, Daily cost: 0.4272644403914292
INFO:root:-- Step 8 --
INFO:root:Grid transfered: 0, Local transferred: 0
INFO:root:Energy balance: 7.555236976129741, Daily cost: 7.555236976129741
INFO:root:-- Step 9 --
INFO:root:Grid transfered: 1.0631742798705126, Local transferred: 0
INFO:root:Energy balance: 0, Daily cost: -10.631742798705126
INFO:root:-- Step 10 --
INFO:root:Grid transfered: 0.8814117318858781, Local transferred: 0
INFO:root:Energy balance: 0, Daily cost: -8.81411731885878
INFO:root:-- Step 11 --
INFO:root:Grid transfered: 0, Local transferred: 0
INFO:root:Energy balance: 1.2535774040316952, Daily cost: 1.2535774040316952
INFO:root:-- Step 12 --
INFO:root:Grid transfered: 0, Local transferred: 0
INFO:root:Energy balance: 2.26091926038049, Daily cost: 2.26091926038049
INFO:root:-- Step 13 --
INFO:root:Grid transfered: 6.943680471873302, Local transferred: 0
INFO:root:Energy balance: 0, Daily cost: -69.43680471873301
INFO:root:-- Step 14 --
INFO:root:Grid transfered: 3.828289661492204, Local transferred: 0
INFO:root:Energy balance: 0, Daily cost: -38.28289661492204
INFO:root:-- Step 15 --
INFO:root:Grid transfered: 0, Local transferred: 0
INFO:root:Energy balance: 0.32266550658024684, Daily cost: 0.32266550658024684
INFO:root:-- Step 16 --
INFO:root:Grid transfered: 7.438481205624597, Local transferred: 0
INFO:root:Energy balance: 0, Daily cost: -74.38481205624596
INFO:root:-- Step 17 --
INFO:root:Grid transfered: 1.7064585243300705, Local transferred: 0
INFO:root:Energy balance: 0, Daily cost: -17.064585243300705
INFO:root:-- Step 18 --
INFO:root:Grid transfered: 0.28476374289293993, Local transferred: 0
INFO:root:Energy balance: 0, Daily cost: -2.8476374289293993
INFO:root:-- Step 19 --
INFO:root:Grid transfered: 5.783897623529061, Local transferred: 0
INFO:root:Energy balance: 0, Daily cost: -57.83897623529061
INFO:root:-- Step 20 --
INFO:root:Grid transfered: 0.722697335522156, Local transferred: 0
INFO:root:Energy balance: 0, Daily cost: -7.22697335522156
INFO:root:-- Step 1 --
INFO:root:Grid transfered: 10, Local transferred: 0
INFO:root:Energy balance: 0, Daily cost: -100
INFO:root:-- Step 2 --
INFO:root:Grid transfered: 10, Local transferred: 0
INFO:root:Energy balance: 0, Daily cost: -100
INFO:root:-- Step 3 --
INFO:root:Grid transfered: 10, Local transferred: 0
INFO:root:Energy balance: 0, Daily cost: -100
INFO:root:-- Step 4 --
INFO:root:Grid transfered: 10, Local transferred: 0
INFO:root:Energy balance: 0, Daily cost: -100
INFO:root:-- Step 5 --
INFO:root:Grid transfered: 10, Local transferred: 0
INFO:root:Energy balance: 0, Daily cost: -100
INFO:root:-- Step 6 --
INFO:root:Grid transfered: 10, Local transferred: 0
INFO:root:Energy balance: 0, Daily cost: -100
INFO:root:-- Step 7 --
INFO:root:Grid transfered: 10, Local transferred: 0
INFO:root:Energy balance: 0, Daily cost: -100
INFO:root:-- Step 8 --
INFO:root:Grid transfered: 10, Local transferred: 0
INFO:root:Energy balance: 0, Daily cost: -100
INFO:root:-- Step 9 --
INFO:root:Grid transfered: 10, Local transferred: 0
INFO:root:Energy balance: 0, Daily cost: -100
INFO:root:-- Step 10 --
INFO:root:Grid transfered: 10, Local transferred: 0
INFO:root:Energy balance: 0, Daily cost: -100
INFO:root:-- Step 11 --
INFO:root:Grid transfered: 10, Local transferred: 0
INFO:root:Energy balance: 0, Daily cost: -100
INFO:root:-- Step 12 --
INFO:root:Grid transfered: 10, Local transferred: 0
INFO:root:Energy balance: 0, Daily cost: -100
INFO:root:-- Step 13 --
INFO:root:Grid transfered: 10, Local transferred: 0
INFO:root:Energy balance: 0, Daily cost: -100
INFO:root:-- Step 14 --
INFO:root:Grid transfered: 10, Local transferred: 0
INFO:root:Energy balance: 0, Daily cost: -100
INFO:root:-- Step 15 --
INFO:root:Grid transfered: 10, Local transferred: 0
INFO:root:Energy balance: 0, Daily cost: -100
INFO:root:-- Step 16 --
INFO:root:Grid transfered: 10, Local transferred: 0
INFO:root:Energy balance: 0, Daily cost: -100
INFO:root:-- Step 17 --
INFO:root:Grid transfered: 10, Local transferred: 0
INFO:root:Energy balance: 0, Daily cost: -100
INFO:root:-- Step 18 --
INFO:root:Grid transfered: 10, Local transferred: 0
INFO:root:Energy balance: 0, Daily cost: -100
INFO:root:-- Step 19 --
INFO:root:Grid transfered: 10, Local transferred: 0
INFO:root:Energy balance: 0, Daily cost: -100
INFO:root:-- Step 20 --
INFO:root:Grid transfered: 10, Local transferred: 0
INFO:root:Energy balance: 0, Daily cost: -100
INFO:root:-- Step 1 --
INFO:root:Grid transfered: 0, Local transferred: 0
INFO:root:Energy balance: 2.3464760667409212, Daily cost: 2.3464760667409212
INFO:root:-- Step 2 --
INFO:root:Grid transfered: 0, Local transferred: 0
INFO:root:Energy balance: 0.5597607498412707, Daily cost: 0.5597607498412707
INFO:root:-- Step 3 --
INFO:root:Grid transfered: 4.407286782360099, Local transferred: 0
INFO:root:Energy balance: 0, Daily cost: -44.072867823600994
INFO:root:-- Step 4 --
INFO:root:Grid transfered: 3.6656866564233876, Local transferred: 0
INFO:root:Energy balance: 0, Daily cost: -36.65686656423388
INFO:root:-- Step 5 --
INFO:root:Grid transfered: 2.3625811704475295, Local transferred: 0
INFO:root:Energy balance: 0, Daily cost: -23.625811704475296
INFO:root:-- Step 6 --
INFO:root:Grid transfered: 0, Local transferred: 0
INFO:root:Energy balance: 3.1605285932337175, Daily cost: 3.1605285932337175
INFO:root:-- Step 7 --
INFO:root:Grid transfered: 0, Local transferred: 0
INFO:root:Energy balance: 0.4272644403914292, Daily cost: 0.4272644403914292
INFO:root:-- Step 8 --
INFO:root:Grid transfered: 0, Local transferred: 0
INFO:root:Energy balance: 7.555236976129741, Daily cost: 7.555236976129741
INFO:root:-- Step 9 --
INFO:root:Grid transfered: 1.0631742798705126, Local transferred: 0
INFO:root:Energy balance: 0, Daily cost: -10.631742798705126
INFO:root:-- Step 10 --
INFO:root:Grid transfered: 0.8814117318858781, Local transferred: 0
INFO:root:Energy balance: 0, Daily cost: -8.81411731885878
INFO:root:-- Step 11 --
INFO:root:Grid transfered: 0, Local transferred: 0
INFO:root:Energy balance: 1.2535774040316952, Daily cost: 1.2535774040316952
INFO:root:-- Step 12 --
INFO:root:Grid transfered: 0, Local transferred: 0
INFO:root:Energy balance: 2.26091926038049, Daily cost: 2.26091926038049
INFO:root:-- Step 13 --
INFO:root:Grid transfered: 6.943680471873302, Local transferred: 0
INFO:root:Energy balance: 0, Daily cost: -69.43680471873301
INFO:root:-- Step 14 --
INFO:root:Grid transfered: 3.828289661492204, Local transferred: 0
INFO:root:Energy balance: 0, Daily cost: -38.28289661492204
INFO:root:-- Step 15 --
INFO:root:Grid transfered: 0, Local transferred: 0
INFO:root:Energy balance: 0.32266550658024684, Daily cost: 0.32266550658024684
INFO:root:-- Step 16 --
INFO:root:Grid transfered: 7.438481205624597, Local transferred: 0
INFO:root:Energy balance: 0, Daily cost: -74.38481205624596
INFO:root:-- Step 17 --
INFO:root:Grid transfered: 1.7064585243300705, Local transferred: 0
INFO:root:Energy balance: 0, Daily cost: -17.064585243300705
INFO:root:-- Step 18 --
INFO:root:Grid transfered: 0.28476374289293993, Local transferred: 0
INFO:root:Energy balance: 0, Daily cost: -2.8476374289293993
INFO:root:-- Step 19 --
INFO:root:Grid transfered: 5.783897623529061, Local transferred: 0
INFO:root:Energy balance: 0, Daily cost: -57.83897623529061
INFO:root:-- Step 20 --
INFO:root:Grid transfered: 0.722697335522156, Local transferred: 0
INFO:root:Energy balance: 0, Daily cost: -7.22697335522156
WARNING:matplotlib.legend:No artists with labels found to put in legend.  Note that artists whose label start with an underscore are ignored when legend() is called with no argument.
INFO:matplotlib.animation:Animation.save using <class 'matplotlib.animation.HTMLWriter'>
INFO:root:-- Step 1 --
INFO:root:Grid transfered: 10, Local transferred: 0
INFO:root:Energy balance: 0, Daily cost: -100
INFO:root:-- Step 2 --
INFO:root:Grid transfered: 10, Local transferred: 0
INFO:root:Energy balance: 0, Daily cost: -100
INFO:root:-- Step 3 --
INFO:root:Grid transfered: 10, Local transferred: 0
INFO:root:Energy balance: 0, Daily cost: -100
INFO:root:-- Step 4 --
INFO:root:Grid transfered: 10, Local transferred: 0
INFO:root:Energy balance: 0, Daily cost: -100
INFO:root:-- Step 5 --
INFO:root:Grid transfered: 10, Local transferred: 0
INFO:root:Energy balance: 0, Daily cost: -100
INFO:root:-- Step 6 --
INFO:root:Grid transfered: 10, Local transferred: 0
INFO:root:Energy balance: 0, Daily cost: -100
INFO:root:-- Step 7 --
INFO:root:Grid transfered: 10, Local transferred: 0
INFO:root:Energy balance: 0, Daily cost: -100
INFO:root:-- Step 8 --
INFO:root:Grid transfered: 10, Local transferred: 0
INFO:root:Energy balance: 0, Daily cost: -100
INFO:root:-- Step 9 --
INFO:root:Grid transfered: 10, Local transferred: 0
INFO:root:Energy balance: 0, Daily cost: -100
INFO:root:-- Step 10 --
INFO:root:Grid transfered: 10, Local transferred: 0
INFO:root:Energy balance: 0, Daily cost: -100
INFO:root:-- Step 11 --
INFO:root:Grid transfered: 10, Local transferred: 0
INFO:root:Energy balance: 0, Daily cost: -100
INFO:root:-- Step 12 --
INFO:root:Grid transfered: 10, Local transferred: 0
INFO:root:Energy balance: 0, Daily cost: -100
INFO:root:-- Step 13 --
INFO:root:Grid transfered: 10, Local transferred: 0
INFO:root:Energy balance: 0, Daily cost: -100
INFO:root:-- Step 14 --
INFO:root:Grid transfered: 10, Local transferred: 0
INFO:root:Energy balance: 0, Daily cost: -100
INFO:root:-- Step 15 --
INFO:root:Grid transfered: 10, Local transferred: 0
INFO:root:Energy balance: 0, Daily cost: -100
INFO:root:-- Step 16 --
INFO:root:Grid transfered: 10, Local transferred: 0
INFO:root:Energy balance: 0, Daily cost: -100
INFO:root:-- Step 17 --
INFO:root:Grid transfered: 10, Local transferred: 0
INFO:root:Energy balance: 0, Daily cost: -100
INFO:root:-- Step 18 --
INFO:root:Grid transfered: 10, Local transferred: 0
INFO:root:Energy balance: 0, Daily cost: -100
INFO:root:-- Step 19 --
INFO:root:Grid transfered: 10, Local transferred: 0
INFO:root:Energy balance: 0, Daily cost: -100
INFO:root:-- Step 20 --
INFO:root:Grid transfered: 10, Local transferred: 0
INFO:root:Energy balance: 0, Daily cost: -100
INFO:root:-- Step 1 --
INFO:root:Grid transfered: 10, Local transferred: 0
INFO:root:Energy balance: 0, Daily cost: -100
INFO:root:-- Step 2 --
INFO:root:Grid transfered: 10, Local transferred: 0
INFO:root:Energy balance: 0, Daily cost: -100
INFO:root:-- Step 3 --
INFO:root:Grid transfered: 10, Local transferred: 0
INFO:root:Energy balance: 0, Daily cost: -100
INFO:root:-- Step 4 --
INFO:root:Grid transfered: 10, Local transferred: 0
INFO:root:Energy balance: 0, Daily cost: -100
INFO:root:-- Step 5 --
INFO:root:Grid transfered: 10, Local transferred: 0
INFO:root:Energy balance: 0, Daily cost: -100
INFO:root:-- Step 6 --
INFO:root:Grid transfered: 10, Local transferred: 0
INFO:root:Energy balance: 0, Daily cost: -100
INFO:root:-- Step 7 --
INFO:root:Grid transfered: 10, Local transferred: 0
INFO:root:Energy balance: 0, Daily cost: -100
INFO:root:-- Step 8 --
INFO:root:Grid transfered: 10, Local transferred: 0
INFO:root:Energy balance: 0, Daily cost: -100
INFO:root:-- Step 9 --
INFO:root:Grid transfered: 10, Local transferred: 0
INFO:root:Energy balance: 0, Daily cost: -100
INFO:root:-- Step 10 --
INFO:root:Grid transfered: 10, Local transferred: 0
INFO:root:Energy balance: 0, Daily cost: -100
INFO:root:-- Step 11 --
INFO:root:Grid transfered: 10, Local transferred: 0
INFO:root:Energy balance: 0, Daily cost: -100
INFO:root:-- Step 12 --
INFO:root:Grid transfered: 10, Local transferred: 0
INFO:root:Energy balance: 0, Daily cost: -100
INFO:root:-- Step 13 --
INFO:root:Grid transfered: 10, Local transferred: 0
INFO:root:Energy balance: 0, Daily cost: -100
INFO:root:-- Step 14 --
INFO:root:Grid transfered: 10, Local transferred: 0
INFO:root:Energy balance: 0, Daily cost: -100
INFO:root:-- Step 15 --
INFO:root:Grid transfered: 10, Local transferred: 0
INFO:root:Energy balance: 0, Daily cost: -100
INFO:root:-- Step 16 --
INFO:root:Grid transfered: 10, Local transferred: 0
INFO:root:Energy balance: 0, Daily cost: -100
INFO:root:-- Step 17 --
INFO:root:Grid transfered: 10, Local transferred: 0
INFO:root:Energy balance: 0, Daily cost: -100
INFO:root:-- Step 18 --
INFO:root:Grid transfered: 10, Local transferred: 0
INFO:root:Energy balance: 0, Daily cost: -100
INFO:root:-- Step 19 --
INFO:root:Grid transfered: 10, Local transferred: 0
INFO:root:Energy balance: 0, Daily cost: -100
INFO:root:-- Step 20 --
INFO:root:Grid transfered: 10, Local transferred: 0
INFO:root:Energy balance: 0, Daily cost: -100
INFO:matplotlib.animation:Animation.save using <class 'matplotlib.animation.HTMLWriter'>
INFO:root:-- Step 1 --
INFO:root:Grid transfered: 10, Local transferred: 0
INFO:root:Energy balance: 0, Daily cost: -100
INFO:root:-- Step 1 --
INFO:root:Grid transfered: 3.851117715416069, Local transferred: 0
INFO:root:Energy balance: 0, Daily cost: -38.51117715416069
INFO:root:-- Step 2 --
INFO:root:Grid transfered: 0, Local transferred: 0
INFO:root:Energy balance: 4.448738834329397, Daily cost: 4.448738834329397
INFO:root:-- Step 3 --
INFO:root:Grid transfered: 0.51874931014755, Local transferred: 0
INFO:root:Energy balance: 0, Daily cost: -5.1874931014755
INFO:root:-- Step 4 --
INFO:root:Grid transfered: 0.4213270018417674, Local transferred: 0
INFO:root:Energy balance: 0, Daily cost: -4.213270018417674
INFO:root:-- Step 5 --
INFO:root:Grid transfered: 3.916664895514355, Local transferred: 0
INFO:root:Energy balance: 0, Daily cost: -39.16664895514355
INFO:root:-- Step 6 --
INFO:root:Grid transfered: 2.0772366294920275, Local transferred: 0
INFO:root:Energy balance: 0, Daily cost: -20.772366294920275
INFO:root:-- Step 7 --
INFO:root:Grid transfered: 0, Local transferred: 0
INFO:root:Energy balance: 1.1333747218906165, Daily cost: 1.1333747218906165
INFO:root:-- Step 8 --
INFO:root:Grid transfered: 4.6985392869516645, Local transferred: 0
INFO:root:Energy balance: 0, Daily cost: -46.985392869516645
INFO:root:-- Step 9 --
INFO:root:Grid transfered: 1.1177975088257455, Local transferred: 0
INFO:root:Energy balance: 0, Daily cost: -11.177975088257455
INFO:root:-- Step 10 --
INFO:root:Grid transfered: 0, Local transferred: 0
INFO:root:Energy balance: 0.21730001998130177, Daily cost: 0.21730001998130177
INFO:root:-- Step 11 --
INFO:root:Grid transfered: 0, Local transferred: 0
INFO:root:Energy balance: 2.012726190900146, Daily cost: 2.012726190900146
INFO:root:-- Step 12 --
INFO:root:Grid transfered: 0, Local transferred: 0
INFO:root:Energy balance: 1.7636583976648996, Daily cost: 1.7636583976648996
INFO:root:-- Step 13 --
INFO:root:Grid transfered: 0.8216381068471659, Local transferred: 0
INFO:root:Energy balance: 0, Daily cost: -8.216381068471659
INFO:root:-- Step 14 --
INFO:root:Grid transfered: 3.037749967415455, Local transferred: 0
INFO:root:Energy balance: 0, Daily cost: -30.37749967415455
INFO:root:-- Step 15 --
INFO:root:Grid transfered: 2.148769547394445, Local transferred: 0
INFO:root:Energy balance: 0, Daily cost: -21.48769547394445
INFO:root:-- Step 16 --
INFO:root:Grid transfered: 2.430741587009064, Local transferred: 0
INFO:root:Energy balance: 0, Daily cost: -24.307415870090637
INFO:root:-- Step 17 --
INFO:root:Grid transfered: 5.248487802002494, Local transferred: 0
INFO:root:Energy balance: 0, Daily cost: -52.48487802002494
INFO:root:-- Step 18 --
INFO:root:Grid transfered: 2.9056077750000497, Local transferred: 0
INFO:root:Energy balance: 0, Daily cost: -29.056077750000497
INFO:root:-- Step 19 --
INFO:root:Grid transfered: 3.7461200254974267, Local transferred: 0
INFO:root:Energy balance: 0, Daily cost: -37.461200254974266
INFO:root:-- Step 20 --
INFO:root:Grid transfered: 4.603391003349711, Local transferred: 0
INFO:root:Energy balance: 0, Daily cost: -46.03391003349711
INFO:matplotlib.animation:Animation.save using <class 'matplotlib.animation.HTMLWriter'>
INFO:root:-- Step 1 --
INFO:root:Grid transfered: 0, Local transferred: 0
INFO:root:Energy balance: 0.6764167344743246, Daily cost: 0.6764167344743246
INFO:root:-- Step 2 --
INFO:root:Grid transfered: 6.399517949143004, Local transferred: 0
INFO:root:Energy balance: 0, Daily cost: -63.99517949143004
INFO:root:-- Step 3 --
INFO:root:Grid transfered: 0, Local transferred: 0
INFO:root:Energy balance: 2.4604219707645836, Daily cost: 2.4604219707645836
INFO:root:-- Step 4 --
INFO:root:Grid transfered: 0, Local transferred: 0
INFO:root:Energy balance: 2.8509729619167192, Daily cost: 2.8509729619167192
INFO:root:-- Step 5 --
INFO:root:Grid transfered: 2.7815804488429086, Local transferred: 0
INFO:root:Energy balance: 0, Daily cost: -27.815804488429087
INFO:root:-- Step 6 --
INFO:root:Grid transfered: 2.380132463131396, Local transferred: 0
INFO:root:Energy balance: 0, Daily cost: -23.80132463131396
INFO:root:-- Step 7 --
INFO:root:Grid transfered: 4.982512203554016, Local transferred: 0
INFO:root:Energy balance: 0, Daily cost: -49.82512203554016
INFO:root:-- Step 8 --
INFO:root:Grid transfered: 3.6086551786600847, Local transferred: 0
INFO:root:Energy balance: 0, Daily cost: -36.08655178660085
INFO:root:-- Step 9 --
INFO:root:Grid transfered: 0, Local transferred: 0
INFO:root:Energy balance: 2.225002105194367, Daily cost: 2.225002105194367
INFO:root:-- Step 10 --
INFO:root:Grid transfered: 0, Local transferred: 0
INFO:root:Energy balance: 2.0116770192955844, Daily cost: 2.0116770192955844
INFO:root:-- Step 11 --
INFO:root:Grid transfered: 0, Local transferred: 0
INFO:root:Energy balance: 2.1426845610022394, Daily cost: 2.1426845610022394
INFO:root:-- Step 12 --
INFO:root:Grid transfered: 0, Local transferred: 0
INFO:root:Energy balance: 2.9790373528534033, Daily cost: 2.9790373528534033
INFO:root:-- Step 13 --
INFO:root:Grid transfered: 0, Local transferred: 0
INFO:root:Energy balance: 2.3180689386393123, Daily cost: 2.3180689386393123
INFO:root:-- Step 14 --
INFO:root:Grid transfered: 0, Local transferred: 0
INFO:root:Energy balance: 0.7678709585446448, Daily cost: 0.7678709585446448
INFO:root:-- Step 15 --
INFO:root:Grid transfered: 0, Local transferred: 0
INFO:root:Energy balance: 0.18883308926619868, Daily cost: 0.18883308926619868
INFO:root:-- Step 16 --
INFO:root:Grid transfered: 0, Local transferred: 0
INFO:root:Energy balance: 3.320693780424639, Daily cost: 3.320693780424639
INFO:root:-- Step 17 --
INFO:root:Grid transfered: 1.1757102784463598, Local transferred: 0
INFO:root:Energy balance: 0, Daily cost: -11.757102784463598
INFO:root:-- Step 18 --
INFO:root:Grid transfered: 2.8264155363048804, Local transferred: 0
INFO:root:Energy balance: 0, Daily cost: -28.264155363048804
INFO:root:-- Step 19 --
INFO:root:Grid transfered: 0, Local transferred: 0
INFO:root:Energy balance: 2.1983848189760646, Daily cost: 2.1983848189760646
INFO:root:-- Step 20 --
INFO:root:Grid transfered: 0.3369738324050058, Local transferred: 0
INFO:root:Energy balance: 0, Daily cost: -3.369738324050058
