INFO:root:-- Step 1 --
INFO:root:Current state: (-1, 'clouds', 0)
INFO:root:Action: store
INFO:root:Q-value <- (1 - lr) * Q_value + lr * (reward + discount * max(Q-value-next))
INFO:root:Q-value <- (1 - 0.2) * -20.0 + 0.2 * (-100 + 0.9 * max(Q-value-next)))
INFO:root:Q-value: -20.0
INFO:root:Reward: -100
INFO:root:Grid transfered: 0, Local transferred: 0
INFO:root:Energy balance: -10, Daily cost: 0
INFO:root:-- Step 2 --
INFO:root:Current state: (-1, 'clouds', 0)
INFO:root:Action: buy
INFO:root:Q-value <- (1 - lr) * Q_value + lr * (reward + discount * max(Q-value-next))
INFO:root:Q-value <- (1 - 0.2) * -10.0 + 0.2 * (-50 + 0.9 * max(Q-value-next)))
INFO:root:Q-value: -10.0
INFO:root:Reward: -50
INFO:root:Grid transfered: 10, Local transferred: 0
INFO:root:Energy balance: 0, Daily cost: -50
INFO:root:-- Step 3 --
INFO:root:Current state: (-1, 'sun', 0)
INFO:root:Action: buy
INFO:root:Q-value <- (1 - lr) * Q_value + lr * (reward + discount * max(Q-value-next))
INFO:root:Q-value <- (1 - 0.2) * -9.908330204892419 + 0.2 * (-49.54165102446209 + 0.9 * max(Q-value-next)))
INFO:root:Q-value: -9.908330204892419
INFO:root:Reward: -49.54165102446209
INFO:root:Grid transfered: 9.541651024462093, Local transferred: 0.4583489755379073
INFO:root:Energy balance: 0, Daily cost: -49.54165102446209
INFO:root:-- Step 4 --
INFO:root:Current state: (-1, 'clouds', 0)
INFO:root:Action: sell
INFO:root:Q-value <- (1 - lr) * Q_value + lr * (reward + discount * max(Q-value-next))
INFO:root:Q-value <- (1 - 0.2) * -22.0 + 0.2 * (-110 + 0.9 * max(Q-value-next)))
INFO:root:Q-value: -22.0
INFO:root:Reward: -110
INFO:root:Grid transfered: 0, Local transferred: 0
INFO:root:Energy balance: -10, Daily cost: -10
INFO:root:-- Step 5 --
INFO:root:Current state: (-1, 'clouds', 0)
INFO:root:Action: buy
INFO:root:Q-value <- (1 - lr) * Q_value + lr * (reward + discount * max(Q-value-next))
INFO:root:Q-value <- (1 - 0.2) * -18.0 + 0.2 * (-50 + 0.9 * max(Q-value-next)))
INFO:root:Q-value: -18.0
INFO:root:Reward: -50
INFO:root:Grid transfered: 10, Local transferred: 0
INFO:root:Energy balance: 0, Daily cost: -50
INFO:root:-- Step 6 --
INFO:root:Current state: (-1, 'sun', 0)
INFO:root:Action: sell
INFO:root:Q-value <- (1 - lr) * Q_value + lr * (reward + discount * max(Q-value-next))
INFO:root:Q-value <- (1 - 0.2) * -22.0 + 0.2 * (-110 + 0.9 * max(Q-value-next)))
INFO:root:Q-value: -22.0
INFO:root:Reward: -110
INFO:root:Grid transfered: 0, Local transferred: 0
INFO:root:Energy balance: -10, Daily cost: -10
INFO:root:-- Step 7 --
INFO:root:Current state: (-1, 'sun', 0)
INFO:root:Action: sell
INFO:root:Q-value <- (1 - lr) * Q_value + lr * (reward + discount * max(Q-value-next))
INFO:root:Q-value <- (1 - 0.2) * -42.84 + 0.2 * (-110 + 0.9 * max(Q-value-next)))
INFO:root:Q-value: -42.84
INFO:root:Reward: -110
INFO:root:Grid transfered: 0, Local transferred: 0
INFO:root:Energy balance: -10, Daily cost: -10
INFO:root:-- Step 8 --
INFO:root:Current state: (-1, 'clouds', 0)
INFO:root:Action: buy
INFO:root:Q-value <- (1 - lr) * Q_value + lr * (reward + discount * max(Q-value-next))
INFO:root:Q-value <- (1 - 0.2) * -24.4 + 0.2 * (-50 + 0.9 * max(Q-value-next)))
INFO:root:Q-value: -24.4
INFO:root:Reward: -50
INFO:root:Grid transfered: 10, Local transferred: 0
INFO:root:Energy balance: 0, Daily cost: -50
INFO:root:-- Step 9 --
INFO:root:Current state: (-1, 'sun', 0)
INFO:root:Action: sell
INFO:root:Q-value <- (1 - lr) * Q_value + lr * (reward + discount * max(Q-value-next))
INFO:root:Q-value <- (1 - 0.2) * -59.87200000000001 + 0.2 * (-110 + 0.9 * max(Q-value-next)))
INFO:root:Q-value: -59.87200000000001
INFO:root:Reward: -110
INFO:root:Grid transfered: 0, Local transferred: 0
INFO:root:Energy balance: -10, Daily cost: -10
INFO:root:-- Step 10 --
INFO:root:Current state: (-1, 'clouds', 0)
INFO:root:Action: store
INFO:root:Q-value <- (1 - lr) * Q_value + lr * (reward + discount * max(Q-value-next))
INFO:root:Q-value <- (1 - 0.2) * -39.6 + 0.2 * (-100 + 0.9 * max(Q-value-next)))
INFO:root:Q-value: -39.6
INFO:root:Reward: -100
INFO:root:Grid transfered: 0, Local transferred: 0
INFO:root:Energy balance: -10, Daily cost: 0
INFO:root:-- Step 11 --
INFO:root:Current state: (-1, 'clouds', 0)
INFO:root:Action: buy
INFO:root:Q-value <- (1 - lr) * Q_value + lr * (reward + discount * max(Q-value-next))
INFO:root:Q-value <- (1 - 0.2) * -29.52 + 0.2 * (-50 + 0.9 * max(Q-value-next)))
INFO:root:Q-value: -29.52
INFO:root:Reward: -50
INFO:root:Grid transfered: 10, Local transferred: 0
INFO:root:Energy balance: 0, Daily cost: -50
INFO:root:-- Step 12 --
INFO:root:Current state: (-1, 'sun', 0)
INFO:root:Action: store
INFO:root:Q-value <- (1 - lr) * Q_value + lr * (reward + discount * max(Q-value-next))
INFO:root:Q-value <- (1 - 0.2) * -23.96 + 0.2 * (-100 + 0.9 * max(Q-value-next)))
INFO:root:Q-value: -23.96
INFO:root:Reward: -100
INFO:root:Grid transfered: 0, Local transferred: 0
INFO:root:Energy balance: -10, Daily cost: 0
INFO:root:-- Step 13 --
INFO:root:Current state: (-1, 'clouds', 0)
INFO:root:Action: sell
INFO:root:Q-value <- (1 - lr) * Q_value + lr * (reward + discount * max(Q-value-next))
INFO:root:Q-value <- (1 - 0.2) * -43.56 + 0.2 * (-110 + 0.9 * max(Q-value-next)))
INFO:root:Q-value: -43.56
INFO:root:Reward: -110
INFO:root:Grid transfered: 0, Local transferred: 0
INFO:root:Energy balance: -10, Daily cost: -10
INFO:root:-- Step 14 --
INFO:root:Current state: (-1, 'clouds', 0)
INFO:root:Action: buy
INFO:root:Q-value <- (1 - lr) * Q_value + lr * (reward + discount * max(Q-value-next))
INFO:root:Q-value <- (1 - 0.2) * -33.616 + 0.2 * (-50.0 + 0.9 * max(Q-value-next)))
INFO:root:Q-value: -33.616
INFO:root:Reward: -50.0
INFO:root:Grid transfered: 8.703484096073247, Local transferred: 1.2965159039267533
INFO:root:Energy balance: 0, Daily cost: -50.0
INFO:root:-- Step 15 --
INFO:root:Current state: (-1, 'clouds', 0)
INFO:root:Action: buy
INFO:root:Q-value <- (1 - lr) * Q_value + lr * (reward + discount * max(Q-value-next))
INFO:root:Q-value <- (1 - 0.2) * -36.8928 + 0.2 * (-50 + 0.9 * max(Q-value-next)))
INFO:root:Q-value: -36.8928
INFO:root:Reward: -50
INFO:root:Grid transfered: 10, Local transferred: 0
INFO:root:Energy balance: 0, Daily cost: -50
INFO:root:-- Step 16 --
INFO:root:Current state: (-1, 'clouds', 0)
INFO:root:Action: buy
INFO:root:Q-value <- (1 - lr) * Q_value + lr * (reward + discount * max(Q-value-next))
INFO:root:Q-value <- (1 - 0.2) * -39.51424 + 0.2 * (-50 + 0.9 * max(Q-value-next)))
INFO:root:Q-value: -39.51424
INFO:root:Reward: -50
INFO:root:Grid transfered: 10, Local transferred: 0
INFO:root:Energy balance: 0, Daily cost: -50
INFO:root:-- Step 17 --
INFO:root:Current state: (-1, 'clouds', 0)
INFO:root:Action: buy
INFO:root:Q-value <- (1 - lr) * Q_value + lr * (reward + discount * max(Q-value-next))
INFO:root:Q-value <- (1 - 0.2) * -41.611392 + 0.2 * (-50.0 + 0.9 * max(Q-value-next)))
INFO:root:Q-value: -41.611392
INFO:root:Reward: -50.0
INFO:root:Grid transfered: 9.425565235032408, Local transferred: 0.5744347649675916
INFO:root:Energy balance: 0, Daily cost: -50.0
INFO:root:-- Step 18 --
INFO:root:Current state: (-1, 'sun', 0)
INFO:root:Action: buy
INFO:root:Q-value <- (1 - lr) * Q_value + lr * (reward + discount * max(Q-value-next))
INFO:root:Q-value <- (1 - 0.2) * -13.519715794994434 + 0.2 * (-27.965258155402495 + 0.9 * max(Q-value-next)))
INFO:root:Q-value: -13.519715794994434
INFO:root:Reward: -27.965258155402495
INFO:root:Grid transfered: 0, Local transferred: 10.0
INFO:root:Energy balance: 0, Daily cost: -27.965258155402495
INFO:root:-- Step 19 --
INFO:root:Current state: (-1, 'clouds', 0)
INFO:root:Action: store
INFO:root:Q-value <- (1 - lr) * Q_value + lr * (reward + discount * max(Q-value-next))
INFO:root:Q-value <- (1 - 0.2) * -54.113548843099004 + 0.2 * (-100 + 0.9 * max(Q-value-next)))
INFO:root:Q-value: -54.113548843099004
INFO:root:Reward: -100
INFO:root:Grid transfered: 0, Local transferred: 0
INFO:root:Energy balance: -10, Daily cost: 0
INFO:root:-- Step 20 --
INFO:root:Current state: (-1, 'sun', 0)
INFO:root:Action: buy
INFO:root:Q-value <- (1 - lr) * Q_value + lr * (reward + discount * max(Q-value-next))
INFO:root:Q-value <- (1 - 0.2) * -16.26650052406306 + 0.2 * (-27.25363944033755 + 0.9 * max(Q-value-next)))
INFO:root:Q-value: -16.26650052406306
INFO:root:Reward: -27.25363944033755
INFO:root:Grid transfered: 0, Local transferred: 10.0
INFO:root:Energy balance: 0, Daily cost: -27.25363944033755
INFO:root:-- Step 1 --
INFO:root:Current state: (-1, 'clouds', 0)
INFO:root:Action: sell
INFO:root:Q-value <- (1 - lr) * Q_value + lr * (reward + discount * max(Q-value-next))
INFO:root:Q-value <- (1 - 0.2) * -22.0 + 0.2 * (-110 + 0.9 * max(Q-value-next)))
INFO:root:Q-value: -22.0
INFO:root:Reward: -110
INFO:root:Grid transfered: 0, Local transferred: 0
INFO:root:Energy balance: -10, Daily cost: -10
INFO:root:-- Step 2 --
INFO:root:Current state: (-1, 'clouds', 0)
INFO:root:Action: buy
INFO:root:Q-value <- (1 - lr) * Q_value + lr * (reward + discount * max(Q-value-next))
INFO:root:Q-value <- (1 - 0.2) * -10.0 + 0.2 * (-50 + 0.9 * max(Q-value-next)))
INFO:root:Q-value: -10.0
INFO:root:Reward: -50
INFO:root:Grid transfered: 10, Local transferred: 0
INFO:root:Energy balance: 0, Daily cost: -50
INFO:root:-- Step 3 --
INFO:root:Current state: (-1, 'clouds', 0)
INFO:root:Action: sell
INFO:root:Q-value <- (1 - lr) * Q_value + lr * (reward + discount * max(Q-value-next))
INFO:root:Q-value <- (1 - 0.2) * -39.6 + 0.2 * (-110 + 0.9 * max(Q-value-next)))
INFO:root:Q-value: -39.6
INFO:root:Reward: -110
INFO:root:Grid transfered: 0, Local transferred: 0
INFO:root:Energy balance: -10, Daily cost: -10
INFO:root:-- Step 4 --
INFO:root:Current state: (-1, 'sun', 0)
INFO:root:Action: sell
INFO:root:Q-value <- (1 - lr) * Q_value + lr * (reward + discount * max(Q-value-next))
INFO:root:Q-value <- (1 - 0.2) * -22.0 + 0.2 * (-110 + 0.9 * max(Q-value-next)))
INFO:root:Q-value: -22.0
INFO:root:Reward: -110
INFO:root:Grid transfered: 0, Local transferred: 0
INFO:root:Energy balance: -10, Daily cost: -10
INFO:root:-- Step 5 --
INFO:root:Current state: (-1, 'sun', 0)
INFO:root:Action: buy
INFO:root:Q-value <- (1 - lr) * Q_value + lr * (reward + discount * max(Q-value-next))
INFO:root:Q-value <- (1 - 0.2) * -7.469699866987568 + 0.2 * (-37.34849933493784 + 0.9 * max(Q-value-next)))
INFO:root:Q-value: -7.469699866987568
INFO:root:Reward: -37.34849933493784
INFO:root:Grid transfered: 0.22667630204892042, Local transferred: 9.77332369795108
INFO:root:Energy balance: 0, Daily cost: -37.34849933493784
INFO:root:-- Step 6 --
INFO:root:Current state: (-1, 'clouds', 0)
INFO:root:Action: store
INFO:root:Q-value <- (1 - lr) * Q_value + lr * (reward + discount * max(Q-value-next))
INFO:root:Q-value <- (1 - 0.2) * -20.0 + 0.2 * (-100 + 0.9 * max(Q-value-next)))
INFO:root:Q-value: -20.0
INFO:root:Reward: -100
INFO:root:Grid transfered: 0, Local transferred: 0
INFO:root:Energy balance: -10, Daily cost: 0
INFO:root:-- Step 7 --
INFO:root:Current state: (-1, 'sun', 0)
INFO:root:Action: buy
INFO:root:Q-value <- (1 - lr) * Q_value + lr * (reward + discount * max(Q-value-next))
INFO:root:Q-value <- (1 - 0.2) * -12.154893807225154 + 0.2 * (-30.895669568175485 + 0.9 * max(Q-value-next)))
INFO:root:Q-value: -12.154893807225154
INFO:root:Reward: -30.895669568175485
INFO:root:Grid transfered: 0, Local transferred: 10.0
INFO:root:Energy balance: 0, Daily cost: -30.895669568175485
INFO:root:-- Step 8 --
INFO:root:Current state: (-1, 'sun', 0)
INFO:root:Action: store
INFO:root:Q-value <- (1 - lr) * Q_value + lr * (reward + discount * max(Q-value-next))
INFO:root:Q-value <- (1 - 0.2) * -21.8 + 0.2 * (-100 + 0.9 * max(Q-value-next)))
INFO:root:Q-value: -21.8
INFO:root:Reward: -100
INFO:root:Grid transfered: 0, Local transferred: 0
INFO:root:Energy balance: -10, Daily cost: 0
INFO:root:-- Step 9 --
INFO:root:Current state: (-1, 'clouds', 0)
INFO:root:Action: buy
INFO:root:Q-value <- (1 - lr) * Q_value + lr * (reward + discount * max(Q-value-next))
INFO:root:Q-value <- (1 - 0.2) * -18.0 + 0.2 * (-50 + 0.9 * max(Q-value-next)))
INFO:root:Q-value: -18.0
INFO:root:Reward: -50
INFO:root:Grid transfered: 10, Local transferred: 0
INFO:root:Energy balance: 0, Daily cost: -50
INFO:root:-- Step 10 --
INFO:root:Current state: (-1, 'sun', 0)
INFO:root:Action: buy
INFO:root:Q-value <- (1 - lr) * Q_value + lr * (reward + discount * max(Q-value-next))
INFO:root:Q-value <- (1 - 0.2) * -13.546358618659951 + 0.2 * (-19.112217864399135 + 0.9 * max(Q-value-next)))
INFO:root:Q-value: -13.546358618659951
INFO:root:Reward: -19.112217864399135
INFO:root:Grid transfered: 0, Local transferred: 10.0
INFO:root:Energy balance: 0, Daily cost: -19.112217864399135
INFO:root:-- Step 11 --
INFO:root:Current state: (-1, 'sun', 0)
INFO:root:Action: store
INFO:root:Q-value <- (1 - lr) * Q_value + lr * (reward + discount * max(Q-value-next))
INFO:root:Q-value <- (1 - 0.2) * -39.87834455135879 + 0.2 * (-100 + 0.9 * max(Q-value-next)))
INFO:root:Q-value: -39.87834455135879
INFO:root:Reward: -100
INFO:root:Grid transfered: 0, Local transferred: 0
INFO:root:Energy balance: -10, Daily cost: 0
INFO:root:-- Step 12 --
INFO:root:Current state: (-1, 'sun', 0)
INFO:root:Action: buy
INFO:root:Q-value <- (1 - lr) * Q_value + lr * (reward + discount * max(Q-value-next))
INFO:root:Q-value <- (1 - 0.2) * -15.638655890831014 + 0.2 * (-24.007844979515262 + 0.9 * max(Q-value-next)))
INFO:root:Q-value: -15.638655890831014
INFO:root:Reward: -24.007844979515262
INFO:root:Grid transfered: 0, Local transferred: 10.0
INFO:root:Energy balance: 0, Daily cost: -24.007844979515262
INFO:root:-- Step 13 --
INFO:root:Current state: (-1, 'clouds', 0)
INFO:root:Action: buy
INFO:root:Q-value <- (1 - lr) * Q_value + lr * (reward + discount * max(Q-value-next))
INFO:root:Q-value <- (1 - 0.2) * -24.4 + 0.2 * (-50 + 0.9 * max(Q-value-next)))
INFO:root:Q-value: -24.4
INFO:root:Reward: -50
INFO:root:Grid transfered: 10, Local transferred: 0
INFO:root:Energy balance: 0, Daily cost: -50
INFO:root:-- Step 14 --
INFO:root:Current state: (-1, 'clouds', 0)
INFO:root:Action: store
INFO:root:Q-value <- (1 - lr) * Q_value + lr * (reward + discount * max(Q-value-next))
INFO:root:Q-value <- (1 - 0.2) * -39.6 + 0.2 * (-100 + 0.9 * max(Q-value-next)))
INFO:root:Q-value: -39.6
INFO:root:Reward: -100
INFO:root:Grid transfered: 0, Local transferred: 0
INFO:root:Energy balance: -10, Daily cost: 0
INFO:root:-- Step 15 --
INFO:root:Current state: (-1, 'clouds', 0)
INFO:root:Action: buy
INFO:root:Q-value <- (1 - lr) * Q_value + lr * (reward + discount * max(Q-value-next))
INFO:root:Q-value <- (1 - 0.2) * -29.52 + 0.2 * (-50 + 0.9 * max(Q-value-next)))
INFO:root:Q-value: -29.52
INFO:root:Reward: -50
INFO:root:Grid transfered: 10, Local transferred: 0
INFO:root:Energy balance: 0, Daily cost: -50
INFO:root:-- Step 16 --
INFO:root:Current state: (-1, 'sun', 0)
INFO:root:Action: buy
INFO:root:Q-value <- (1 - lr) * Q_value + lr * (reward + discount * max(Q-value-next))
INFO:root:Q-value <- (1 - 0.2) * -18.123557118266973 + 0.2 * (-28.0631620280108 + 0.9 * max(Q-value-next)))
INFO:root:Q-value: -18.123557118266973
INFO:root:Reward: -28.0631620280108
INFO:root:Grid transfered: 0, Local transferred: 10.0
INFO:root:Energy balance: 0, Daily cost: -28.0631620280108
INFO:root:-- Step 17 --
INFO:root:Current state: (-1, 'clouds', 0)
INFO:root:Action: sell
INFO:root:Q-value <- (1 - lr) * Q_value + lr * (reward + discount * max(Q-value-next))
INFO:root:Q-value <- (1 - 0.2) * -58.99360000000001 + 0.2 * (-110 + 0.9 * max(Q-value-next)))
INFO:root:Q-value: -58.99360000000001
INFO:root:Reward: -110
INFO:root:Grid transfered: 0, Local transferred: 0
INFO:root:Energy balance: -10, Daily cost: -10
INFO:root:-- Step 18 --
INFO:root:Current state: (-1, 'clouds', 0)
INFO:root:Action: buy
INFO:root:Q-value <- (1 - lr) * Q_value + lr * (reward + discount * max(Q-value-next))
INFO:root:Q-value <- (1 - 0.2) * -33.616 + 0.2 * (-50 + 0.9 * max(Q-value-next)))
INFO:root:Q-value: -33.616
INFO:root:Reward: -50
INFO:root:Grid transfered: 10, Local transferred: 0
INFO:root:Energy balance: 0, Daily cost: -50
INFO:root:-- Step 19 --
INFO:root:Current state: (-1, 'sun', 0)
INFO:root:Action: buy
INFO:root:Q-value <- (1 - lr) * Q_value + lr * (reward + discount * max(Q-value-next))
INFO:root:Q-value <- (1 - 0.2) * -20.15356868667269 + 0.2 * (-28.273614960295546 + 0.9 * max(Q-value-next)))
INFO:root:Q-value: -20.15356868667269
INFO:root:Reward: -28.273614960295546
INFO:root:Grid transfered: 0, Local transferred: 10.0
INFO:root:Energy balance: 0, Daily cost: -28.273614960295546
INFO:root:-- Step 20 --
INFO:root:Current state: (-1, 'sun', 0)
INFO:root:Action: buy
INFO:root:Q-value <- (1 - lr) * Q_value + lr * (reward + discount * max(Q-value-next))
INFO:root:Q-value <- (1 - 0.2) * -19.16109797328984 + 0.2 * (-15.19121511975844 + 0.9 * max(Q-value-next)))
INFO:root:Q-value: -19.16109797328984
INFO:root:Reward: -15.19121511975844
INFO:root:Grid transfered: 0, Local transferred: 10.0
INFO:root:Energy balance: 0, Daily cost: -15.19121511975844
WARNING:matplotlib.legend:No artists with labels found to put in legend.  Note that artists whose label start with an underscore are ignored when legend() is called with no argument.
WARNING:matplotlib.legend:No artists with labels found to put in legend.  Note that artists whose label start with an underscore are ignored when legend() is called with no argument.
WARNING:matplotlib.legend:No artists with labels found to put in legend.  Note that artists whose label start with an underscore are ignored when legend() is called with no argument.
WARNING:matplotlib.legend:No artists with labels found to put in legend.  Note that artists whose label start with an underscore are ignored when legend() is called with no argument.
WARNING:matplotlib.legend:No artists with labels found to put in legend.  Note that artists whose label start with an underscore are ignored when legend() is called with no argument.
INFO:matplotlib.animation:Animation.save using <class 'matplotlib.animation.HTMLWriter'>
WARNING:matplotlib.legend:No artists with labels found to put in legend.  Note that artists whose label start with an underscore are ignored when legend() is called with no argument.
WARNING:matplotlib.legend:No artists with labels found to put in legend.  Note that artists whose label start with an underscore are ignored when legend() is called with no argument.
INFO:matplotlib.animation:Animation.save using <class 'matplotlib.animation.HTMLWriter'>
INFO:matplotlib.animation:Animation.save using <class 'matplotlib.animation.HTMLWriter'>
INFO:root:-- Step 1 --
INFO:root:Current state: (-1.0, 'clouds', 0)
INFO:root:Action: buy
INFO:root:Q-value <- (1 - lr) * Q_value + lr * (reward + discount * max(Q-value-next))
INFO:root:Q-value <- (1 - 0.2) * -5.039556127551203 + 0.2 * (-25.19778063775601 + 0.9 * max(Q-value-next)))
INFO:root:Q-value: -5.039556127551203
INFO:root:Reward: -25.19778063775601
INFO:root:Grid transfered: 5.039556127551203, Local transferred: 0
INFO:root:Energy balance: 0, Daily cost: -25.19778063775601
INFO:root:-- Step 2 --
INFO:root:Current state: (1.0, 'sun', 0)
INFO:root:Action: store
INFO:root:Q-value <- (1 - lr) * Q_value + lr * (reward + discount * max(Q-value-next))
INFO:root:Q-value <- (1 - 0.2) * 0.0 + 0.2 * (0 + 0.9 * max(Q-value-next)))
INFO:root:Q-value: 0.0
INFO:root:Reward: 0
INFO:root:Grid transfered: 0, Local transferred: 0
INFO:root:Energy balance: 0, Daily cost: 0
INFO:root:-- Step 3 --
INFO:root:Current state: (1.0, 'clouds', 1)
INFO:root:Action: buy
INFO:root:Q-value <- (1 - lr) * Q_value + lr * (reward + discount * max(Q-value-next))
INFO:root:Q-value <- (1 - 0.2) * -0.16767817045606304 + 0.2 * (-0.8383908522803152 + 0.9 * max(Q-value-next)))
INFO:root:Q-value: -0.16767817045606304
INFO:root:Reward: -0.8383908522803152
INFO:root:Grid transfered: 0.16767817045606304, Local transferred: 0
INFO:root:Energy balance: 0, Daily cost: -0.8383908522803152
INFO:root:-- Step 4 --
INFO:root:Current state: (1.0, 'sun', 0)
INFO:root:Action: sell
INFO:root:Q-value <- (1 - lr) * Q_value + lr * (reward + discount * max(Q-value-next))
INFO:root:Q-value <- (1 - 0.2) * 0.13962152911192227 + 0.2 * (0.6981076455596114 + 0.9 * max(Q-value-next)))
INFO:root:Q-value: 0.13962152911192227
INFO:root:Reward: 0.6981076455596114
INFO:root:Grid transfered: 0, Local transferred: 0
INFO:root:Energy balance: 0.6770881179216719, Daily cost: 0.6981076455596114
INFO:root:-- Step 5 --
INFO:root:Current state: (-1.0, 'clouds', 0)
INFO:root:Action: sell
INFO:root:Q-value <- (1 - lr) * Q_value + lr * (reward + discount * max(Q-value-next))
INFO:root:Q-value <- (1 - 0.2) * -20.715990830848487 + 0.2 * (-103.57995415424243 + 0.9 * max(Q-value-next)))
INFO:root:Q-value: -20.715990830848487
INFO:root:Reward: -103.57995415424243
INFO:root:Grid transfered: 0, Local transferred: 0
INFO:root:Energy balance: -3.579954154242433, Daily cost: -3.579954154242433
INFO:root:-- Step 6 --
INFO:root:Current state: (-1.0, 'clouds', 0)
INFO:root:Action: store
INFO:root:Q-value <- (1 - lr) * Q_value + lr * (reward + discount * max(Q-value-next))
INFO:root:Q-value <- (1 - 0.2) * -20.0 + 0.2 * (-100 + 0.9 * max(Q-value-next)))
INFO:root:Q-value: -20.0
INFO:root:Reward: -100
INFO:root:Grid transfered: 0, Local transferred: 0
INFO:root:Energy balance: -3.2156337974975244, Daily cost: 0
INFO:root:-- Step 7 --
INFO:root:Current state: (1.0, 'sun', 0)
INFO:root:Action: sell
INFO:root:Q-value <- (1 - lr) * Q_value + lr * (reward + discount * max(Q-value-next))
INFO:root:Q-value <- (1 - 0.2) * 0.373364282884862 + 0.2 * (1.1826759217758909 + 0.9 * max(Q-value-next)))
INFO:root:Q-value: 0.373364282884862
INFO:root:Reward: 1.1826759217758909
INFO:root:Grid transfered: 0, Local transferred: 0
INFO:root:Energy balance: 0, Daily cost: 1.1826759217758909
INFO:root:-- Step 8 --
INFO:root:Current state: (1.0, 'sun', 0)
INFO:root:Action: sell
INFO:root:Q-value <- (1 - lr) * Q_value + lr * (reward + discount * max(Q-value-next))
INFO:root:Q-value <- (1 - 0.2) * 0.7754048518500343 + 0.2 * (2.383567127710723 + 0.9 * max(Q-value-next)))
INFO:root:Q-value: 0.7754048518500343
INFO:root:Reward: 2.383567127710723
INFO:root:Grid transfered: 0, Local transferred: 0
INFO:root:Energy balance: 0, Daily cost: 2.383567127710723
INFO:root:-- Step 9 --
INFO:root:Current state: (-1.0, 'clouds', 0)
INFO:root:Action: buy
INFO:root:Q-value <- (1 - lr) * Q_value + lr * (reward + discount * max(Q-value-next))
INFO:root:Q-value <- (1 - 0.2) * -6.095428421605389 + 0.2 * (-11.016781964487166 + 0.9 * max(Q-value-next)))
INFO:root:Q-value: -6.095428421605389
INFO:root:Reward: -11.016781964487166
INFO:root:Grid transfered: 1.557724762330471, Local transferred: 0.645631630566962
INFO:root:Energy balance: 0, Daily cost: -11.016781964487166
INFO:root:-- Step 10 --
INFO:root:Current state: (1.0, 'sun', 0)
INFO:root:Action: sell
INFO:root:Q-value <- (1 - lr) * Q_value + lr * (reward + discount * max(Q-value-next))
INFO:root:Q-value <- (1 - 0.2) * 0.8871052467499987 + 0.2 * (0.6360424596848251 + 0.9 * max(Q-value-next)))
INFO:root:Q-value: 0.8871052467499987
INFO:root:Reward: 0.6360424596848251
INFO:root:Grid transfered: 0, Local transferred: 0
INFO:root:Energy balance: 0, Daily cost: 0.6360424596848251
INFO:root:-- Step 11 --
INFO:root:Current state: (1.0, 'sun', 0)
INFO:root:Action: sell
INFO:root:Q-value <- (1 - lr) * Q_value + lr * (reward + discount * max(Q-value-next))
INFO:root:Q-value <- (1 - 0.2) * 0.8756230541761862 + 0.2 * (0.8296942838809365 + 0.9 * max(Q-value-next)))
INFO:root:Q-value: 0.8756230541761862
INFO:root:Reward: 0.8296942838809365
INFO:root:Grid transfered: 0, Local transferred: 0
INFO:root:Energy balance: 0, Daily cost: 0.8296942838809365
INFO:root:-- Step 12 --
INFO:root:Current state: (-1.0, 'clouds', 0)
INFO:root:Action: sell
INFO:root:Q-value <- (1 - lr) * Q_value + lr * (reward + discount * max(Q-value-next))
INFO:root:Q-value <- (1 - 0.2) * -37.03297049777704 + 0.2 * (-102.30088916549124 + 0.9 * max(Q-value-next)))
INFO:root:Q-value: -37.03297049777704
INFO:root:Reward: -102.30088916549124
INFO:root:Grid transfered: 0, Local transferred: 0
INFO:root:Energy balance: -2.3008891654912444, Daily cost: -2.3008891654912444
INFO:root:-- Step 13 --
INFO:root:Current state: (1.0, 'sun', 0)
INFO:root:Action: sell
INFO:root:Q-value <- (1 - lr) * Q_value + lr * (reward + discount * max(Q-value-next))
INFO:root:Q-value <- (1 - 0.2) * 1.6592278554453437 + 0.2 * (4.793647060521973 + 0.9 * max(Q-value-next)))
INFO:root:Q-value: 1.6592278554453437
INFO:root:Reward: 4.793647060521973
INFO:root:Grid transfered: 0, Local transferred: 0
INFO:root:Energy balance: 4.793647060521973, Daily cost: 4.793647060521973
INFO:root:-- Step 14 --
INFO:root:Current state: (-1.0, 'clouds', 0)
INFO:root:Action: sell
INFO:root:Q-value <- (1 - lr) * Q_value + lr * (reward + discount * max(Q-value-next))
INFO:root:Q-value <- (1 - 0.2) * -51.205801959108044 + 0.2 * (-102.41124222498716 + 0.9 * max(Q-value-next)))
INFO:root:Q-value: -51.205801959108044
INFO:root:Reward: -102.41124222498716
INFO:root:Grid transfered: 0, Local transferred: 0
INFO:root:Energy balance: -2.4112422249871672, Daily cost: -2.4112422249871672
INFO:root:-- Step 15 --
INFO:root:Current state: (-1.0, 'clouds', 0)
INFO:root:Action: buy
INFO:root:Q-value <- (1 - lr) * Q_value + lr * (reward + discount * max(Q-value-next))
INFO:root:Q-value <- (1 - 0.2) * -7.957349831565473 + 0.2 * (-15.40503547140581 + 0.9 * max(Q-value-next)))
INFO:root:Q-value: -7.957349831565473
INFO:root:Reward: -15.40503547140581
INFO:root:Grid transfered: 3.081007094281162, Local transferred: 0
INFO:root:Energy balance: 0, Daily cost: -15.40503547140581
INFO:root:-- Step 16 --
INFO:root:Current state: (-1.0, 'clouds', 0)
INFO:root:Action: buy
INFO:root:Q-value <- (1 - lr) * Q_value + lr * (reward + discount * max(Q-value-next))
INFO:root:Q-value <- (1 - 0.2) * -11.923496910678463 + 0.2 * (-29.281390297031223 + 0.9 * max(Q-value-next)))
INFO:root:Q-value: -11.923496910678463
INFO:root:Reward: -29.281390297031223
INFO:root:Grid transfered: 5.856278059406245, Local transferred: 0
INFO:root:Energy balance: 0, Daily cost: -29.281390297031223
INFO:root:-- Step 17 --
INFO:root:Current state: (1.0, 'sun', 0)
INFO:root:Action: sell
INFO:root:Q-value <- (1 - lr) * Q_value + lr * (reward + discount * max(Q-value-next))
INFO:root:Q-value <- (1 - 0.2) * 2.6166053617563305 + 0.2 * (4.952810317099468 + 0.9 * max(Q-value-next)))
INFO:root:Q-value: 2.6166053617563305
INFO:root:Reward: 4.952810317099468
INFO:root:Grid transfered: 0, Local transferred: 0
INFO:root:Energy balance: 0, Daily cost: 4.952810317099468
INFO:root:-- Step 18 --
INFO:root:Current state: (1.0, 'sun', 0)
INFO:root:Action: sell
INFO:root:Q-value <- (1 - lr) * Q_value + lr * (reward + discount * max(Q-value-next))
INFO:root:Q-value <- (1 - 0.2) * 2.6840451260077693 + 0.2 * (0.5988593574328256 + 0.9 * max(Q-value-next)))
INFO:root:Q-value: 2.6840451260077693
INFO:root:Reward: 0.5988593574328256
INFO:root:Grid transfered: 0, Local transferred: 0
INFO:root:Energy balance: 0, Daily cost: 0.5988593574328256
INFO:root:-- Step 19 --
INFO:root:Current state: (1.0, 'sun', 0)
INFO:root:Action: sell
INFO:root:Q-value <- (1 - lr) * Q_value + lr * (reward + discount * max(Q-value-next))
INFO:root:Q-value <- (1 - 0.2) * 2.9552355039834355 + 0.2 * (1.6243564024791048 + 0.9 * max(Q-value-next)))
INFO:root:Q-value: 2.9552355039834355
INFO:root:Reward: 1.6243564024791048
INFO:root:Grid transfered: 0, Local transferred: 0
INFO:root:Energy balance: 0, Daily cost: 1.6243564024791048
INFO:root:-- Step 20 --
INFO:root:Current state: (-1.0, 'sun', 0)
INFO:root:Action: buy
INFO:root:Q-value <- (1 - lr) * Q_value + lr * (reward + discount * max(Q-value-next))
INFO:root:Q-value <- (1 - 0.2) * -0.6095923444244624 + 0.2 * (-3.047961722122312 + 0.9 * max(Q-value-next)))
INFO:root:Q-value: -0.6095923444244624
INFO:root:Reward: -3.047961722122312
INFO:root:Grid transfered: 0, Local transferred: 3.047961722122312
INFO:root:Energy balance: 0, Daily cost: -3.047961722122312
INFO:matplotlib.animation:Animation.save using <class 'matplotlib.animation.HTMLWriter'>
INFO:root:-- Step 1 --
INFO:root:Current state: (-1.0, 'clouds', 0)
INFO:root:Action: buy
INFO:root:Q-value <- (1 - lr) * Q_value + lr * (reward + discount * max(Q-value-next))
INFO:root:Q-value <- (1 - 0.2) * -2.1441828821847473 + 0.2 * (-10.720914410923736 + 0.9 * max(Q-value-next)))
INFO:root:Q-value: -2.1441828821847473
INFO:root:Reward: -10.720914410923736
INFO:root:Grid transfered: 2.1441828821847473, Local transferred: 0
INFO:root:Energy balance: 0, Daily cost: -10.720914410923736
INFO:root:-- Step 2 --
INFO:root:Current state: (1.0, 'sun', 0)
INFO:root:Action: buy
INFO:root:Q-value <- (1 - lr) * Q_value + lr * (reward + discount * max(Q-value-next))
INFO:root:Q-value <- (1 - 0.2) * -0.46551618671525574 + 0.2 * (-2.3275809335762787 + 0.9 * max(Q-value-next)))
INFO:root:Q-value: -0.46551618671525574
INFO:root:Reward: -2.3275809335762787
INFO:root:Grid transfered: 0, Local transferred: 1.1637904667881394
INFO:root:Energy balance: 4.082455368256074, Daily cost: -2.3275809335762787
INFO:root:-- Step 3 --
INFO:root:Current state: (1.0, 'sun', 0)
INFO:root:Action: store
INFO:root:Q-value <- (1 - lr) * Q_value + lr * (reward + discount * max(Q-value-next))
INFO:root:Q-value <- (1 - 0.2) * 0.0 + 0.2 * (0 + 0.9 * max(Q-value-next)))
INFO:root:Q-value: 0.0
INFO:root:Reward: 0
INFO:root:Grid transfered: 0, Local transferred: 0
INFO:root:Energy balance: 0, Daily cost: 0
INFO:root:-- Step 4 --
INFO:root:Current state: (1.0, 'sun', 1)
INFO:root:Action: buy
INFO:root:Q-value <- (1 - lr) * Q_value + lr * (reward + discount * max(Q-value-next))
INFO:root:Q-value <- (1 - 0.2) * -0.8655671200830355 + 0.2 * (-4.3278356004151775 + 0.9 * max(Q-value-next)))
INFO:root:Q-value: -0.8655671200830355
INFO:root:Reward: -4.3278356004151775
INFO:root:Grid transfered: 0, Local transferred: 2.1639178002075887
INFO:root:Energy balance: 4.541674068731769, Daily cost: -4.3278356004151775
INFO:root:-- Step 5 --
INFO:root:Current state: (1.0, 'sun', 0)
INFO:root:Action: sell
INFO:root:Q-value <- (1 - lr) * Q_value + lr * (reward + discount * max(Q-value-next))
INFO:root:Q-value <- (1 - 0.2) * 0.2654584626346907 + 0.2 * (1.3272923131734533 + 0.9 * max(Q-value-next)))
INFO:root:Q-value: 0.2654584626346907
INFO:root:Reward: 1.3272923131734533
INFO:root:Grid transfered: 0, Local transferred: 0
INFO:root:Energy balance: 0, Daily cost: 1.3272923131734533
INFO:root:-- Step 6 --
INFO:root:Current state: (-1.0, 'clouds', 0)
INFO:root:Action: sell
INFO:root:Q-value <- (1 - lr) * Q_value + lr * (reward + discount * max(Q-value-next))
INFO:root:Q-value <- (1 - 0.2) * -20.197765443117305 + 0.2 * (-100.98882721558651 + 0.9 * max(Q-value-next)))
INFO:root:Q-value: -20.197765443117305
INFO:root:Reward: -100.98882721558651
INFO:root:Grid transfered: 0, Local transferred: 0
INFO:root:Energy balance: -0.9888272155865074, Daily cost: -0.9888272155865074
INFO:root:-- Step 7 --
INFO:root:Current state: (1.0, 'sun', 0)
INFO:root:Action: sell
INFO:root:Q-value <- (1 - lr) * Q_value + lr * (reward + discount * max(Q-value-next))
INFO:root:Q-value <- (1 - 0.2) * 0.5939685515879891 + 0.2 * (1.9080089074011823 + 0.9 * max(Q-value-next)))
INFO:root:Q-value: 0.5939685515879891
INFO:root:Reward: 1.9080089074011823
INFO:root:Grid transfered: 0, Local transferred: 0
INFO:root:Energy balance: 0, Daily cost: 1.9080089074011823
INFO:root:-- Step 8 --
INFO:root:Current state: (-1.0, 'clouds', 0)
INFO:root:Action: sell
INFO:root:Q-value <- (1 - lr) * Q_value + lr * (reward + discount * max(Q-value-next))
INFO:root:Q-value <- (1 - 0.2) * -37.053795683621985 + 0.2 * (-104.47791664564072 + 0.9 * max(Q-value-next)))
INFO:root:Q-value: -37.053795683621985
INFO:root:Reward: -104.47791664564072
INFO:root:Grid transfered: 0, Local transferred: 0
INFO:root:Energy balance: -4.477916645640719, Daily cost: -4.477916645640719
INFO:root:-- Step 9 --
INFO:root:Current state: (1.0, 'sun', 0)
INFO:root:Action: sell
INFO:root:Q-value <- (1 - lr) * Q_value + lr * (reward + discount * max(Q-value-next))
INFO:root:Q-value <- (1 - 0.2) * 0.8915487565469373 + 0.2 * (1.5472978799535397 + 0.9 * max(Q-value-next)))
INFO:root:Q-value: 0.8915487565469373
INFO:root:Reward: 1.5472978799535397
INFO:root:Grid transfered: 0, Local transferred: 0
INFO:root:Energy balance: 0, Daily cost: 1.5472978799535397
INFO:root:-- Step 10 --
INFO:root:Current state: (1.0, 'sun', 0)
INFO:root:Action: sell
INFO:root:Q-value <- (1 - lr) * Q_value + lr * (reward + discount * max(Q-value-next))
INFO:root:Q-value <- (1 - 0.2) * 1.2879090654945626 + 0.2 * (2.07095642039282 + 0.9 * max(Q-value-next)))
INFO:root:Q-value: 1.2879090654945626
INFO:root:Reward: 2.07095642039282
INFO:root:Grid transfered: 0, Local transferred: 0
INFO:root:Energy balance: 0, Daily cost: 2.07095642039282
INFO:root:-- Step 11 --
INFO:root:Current state: (1.0, 'sun', 0)
INFO:root:Action: sell
INFO:root:Q-value <- (1 - lr) * Q_value + lr * (reward + discount * max(Q-value-next))
INFO:root:Q-value <- (1 - 0.2) * 1.7747075826420948 + 0.2 * (3.7219016512322227 + 0.9 * max(Q-value-next)))
INFO:root:Q-value: 1.7747075826420948
INFO:root:Reward: 3.7219016512322227
INFO:root:Grid transfered: 0, Local transferred: 0
INFO:root:Energy balance: 0, Daily cost: 3.7219016512322227
INFO:root:-- Step 12 --
INFO:root:Current state: (-1.0, 'clouds', 0)
INFO:root:Action: buy
INFO:root:Q-value <- (1 - lr) * Q_value + lr * (reward + discount * max(Q-value-next))
INFO:root:Q-value <- (1 - 0.2) * -2.9398915729213373 + 0.2 * (-6.122726335867696 + 0.9 * max(Q-value-next)))
INFO:root:Q-value: -2.9398915729213373
INFO:root:Reward: -6.122726335867696
INFO:root:Grid transfered: 1.2245452671735393, Local transferred: 0
INFO:root:Energy balance: 0, Daily cost: -6.122726335867696
INFO:root:-- Step 13 --
INFO:root:Current state: (-1.0, 'clouds', 0)
INFO:root:Action: buy
INFO:root:Q-value <- (1 - lr) * Q_value + lr * (reward + discount * max(Q-value-next))
INFO:root:Q-value <- (1 - 0.2) * -3.9757523948391795 + 0.2 * (-8.119195682510547 + 0.9 * max(Q-value-next)))
INFO:root:Q-value: -3.9757523948391795
INFO:root:Reward: -8.119195682510547
INFO:root:Grid transfered: 1.6238391365021094, Local transferred: 0
INFO:root:Energy balance: 0, Daily cost: -8.119195682510547
INFO:root:-- Step 14 --
INFO:root:Current state: (-1.0, 'clouds', 0)
INFO:root:Action: store
INFO:root:Q-value <- (1 - lr) * Q_value + lr * (reward + discount * max(Q-value-next))
INFO:root:Q-value <- (1 - 0.2) * -20.0 + 0.2 * (-100 + 0.9 * max(Q-value-next)))
INFO:root:Q-value: -20.0
INFO:root:Reward: -100
INFO:root:Grid transfered: 0, Local transferred: 0
INFO:root:Energy balance: -0.05906233355427126, Daily cost: 0
INFO:root:-- Step 15 --
INFO:root:Current state: (-1.0, 'sun', 0)
INFO:root:Action: buy
INFO:root:Q-value <- (1 - lr) * Q_value + lr * (reward + discount * max(Q-value-next))
INFO:root:Q-value <- (1 - 0.2) * -1.1573798351723077 + 0.2 * (-7.384136000239424 + 0.9 * max(Q-value-next)))
INFO:root:Q-value: -1.1573798351723077
INFO:root:Reward: -7.384136000239424
INFO:root:Grid transfered: 0, Local transferred: 4.052384851732394
INFO:root:Energy balance: 0, Daily cost: -7.384136000239424
INFO:root:-- Step 16 --
INFO:root:Current state: (1.0, 'sun', 0)
INFO:root:Action: sell
INFO:root:Q-value <- (1 - lr) * Q_value + lr * (reward + discount * max(Q-value-next))
INFO:root:Q-value <- (1 - 0.2) * 1.5640694403381206 + 0.2 * (0.7215168711222226 + 0.9 * max(Q-value-next)))
INFO:root:Q-value: 1.5640694403381206
INFO:root:Reward: 0.7215168711222226
INFO:root:Grid transfered: 0, Local transferred: 0
INFO:root:Energy balance: 0, Daily cost: 0.7215168711222226
INFO:root:-- Step 17 --
INFO:root:Current state: (-1.0, 'clouds', 0)
INFO:root:Action: store
INFO:root:Q-value <- (1 - lr) * Q_value + lr * (reward + discount * max(Q-value-next))
INFO:root:Q-value <- (1 - 0.2) * -36.0 + 0.2 * (-100 + 0.9 * max(Q-value-next)))
INFO:root:Q-value: -36.0
INFO:root:Reward: -100
INFO:root:Grid transfered: 0, Local transferred: 0
INFO:root:Energy balance: -4.880137669676529, Daily cost: 0
INFO:root:-- Step 18 --
INFO:root:Current state: (1.0, 'sun', 0)
INFO:root:Action: sell
INFO:root:Q-value <- (1 - lr) * Q_value + lr * (reward + discount * max(Q-value-next))
INFO:root:Q-value <- (1 - 0.2) * 2.6655656219037853 + 0.2 * (5.663887851862135 + 0.9 * max(Q-value-next)))
INFO:root:Q-value: 2.6655656219037853
INFO:root:Reward: 5.663887851862135
INFO:root:Grid transfered: 0, Local transferred: 0
INFO:root:Energy balance: 0, Daily cost: 5.663887851862135
INFO:root:-- Step 19 --
INFO:root:Current state: (-1.0, 'sun', 0)
INFO:root:Action: buy
INFO:root:Q-value <- (1 - lr) * Q_value + lr * (reward + discount * max(Q-value-next))
INFO:root:Q-value <- (1 - 0.2) * -1.0978245951405519 + 0.2 * (-0.8596036350135279 + 0.9 * max(Q-value-next)))
INFO:root:Q-value: -1.0978245951405519
INFO:root:Reward: -0.8596036350135279
INFO:root:Grid transfered: 0, Local transferred: 0.8596036350135279
INFO:root:Energy balance: 0, Daily cost: -0.8596036350135279
INFO:root:-- Step 20 --
INFO:root:Current state: (-1.0, 'clouds', 0)
INFO:root:Action: sell
INFO:root:Q-value <- (1 - lr) * Q_value + lr * (reward + discount * max(Q-value-next))
INFO:root:Q-value <- (1 - 0.2) * -51.194646300634666 + 0.2 * (-104.1798716133301 + 0.9 * max(Q-value-next)))
INFO:root:Q-value: -51.194646300634666
INFO:root:Reward: -104.1798716133301
INFO:root:Grid transfered: 0, Local transferred: 0
INFO:root:Energy balance: -4.1798716133301, Daily cost: -4.1798716133301
INFO:root:-- Step 1 --
INFO:root:Current state: (-1.0, 'clouds', 0)
INFO:root:Action: buy
INFO:root:Q-value <- (1 - lr) * Q_value + lr * (reward + discount * max(Q-value-next))
INFO:root:Q-value <- (1 - 0.2) * -2.326100211124416 + 0.2 * (-11.63050105562208 + 0.9 * max(Q-value-next)))
INFO:root:Q-value: -2.326100211124416
INFO:root:Reward: -11.63050105562208
INFO:root:Grid transfered: 2.326100211124416, Local transferred: 0
INFO:root:Energy balance: 0, Daily cost: -11.63050105562208
INFO:root:-- Step 2 --
INFO:root:Current state: (1.0, 'sun', 0)
INFO:root:Action: sell
INFO:root:Q-value <- (1 - lr) * Q_value + lr * (reward + discount * max(Q-value-next))
INFO:root:Q-value <- (1 - 0.2) * 0.138147968191857 + 0.2 * (0.6907398409592851 + 0.9 * max(Q-value-next)))
INFO:root:Q-value: 0.138147968191857
INFO:root:Reward: 0.6907398409592851
INFO:root:Grid transfered: 0, Local transferred: 0
INFO:root:Energy balance: 0, Daily cost: 0.6907398409592851
INFO:root:-- Step 3 --
INFO:root:Current state: (1.0, 'sun', 0)
INFO:root:Action: sell
INFO:root:Q-value <- (1 - lr) * Q_value + lr * (reward + discount * max(Q-value-next))
INFO:root:Q-value <- (1 - 0.2) * 0.6112817155432337 + 0.2 * (2.379483533576069 + 0.9 * max(Q-value-next)))
INFO:root:Q-value: 0.6112817155432337
INFO:root:Reward: 2.379483533576069
INFO:root:Grid transfered: 0, Local transferred: 0
INFO:root:Energy balance: 2.379483533576069, Daily cost: 2.379483533576069
INFO:root:-- Step 4 --
INFO:root:Current state: (1.0, 'sun', 0)
INFO:root:Action: sell
INFO:root:Q-value <- (1 - lr) * Q_value + lr * (reward + discount * max(Q-value-next))
INFO:root:Q-value <- (1 - 0.2) * 0.6183826839481247 + 0.2 * (0.09663301357877785 + 0.9 * max(Q-value-next)))
INFO:root:Q-value: 0.6183826839481247
INFO:root:Reward: 0.09663301357877785
INFO:root:Grid transfered: 0, Local transferred: 0
INFO:root:Energy balance: 0, Daily cost: 0.09663301357877785
INFO:root:-- Step 5 --
INFO:root:Current state: (1.0, 'sun', 0)
INFO:root:Action: sell
INFO:root:Q-value <- (1 - lr) * Q_value + lr * (reward + discount * max(Q-value-next))
INFO:root:Q-value <- (1 - 0.2) * 1.0737637893144578 + 0.2 * (2.3387437952264776 + 0.9 * max(Q-value-next)))
INFO:root:Q-value: 1.0737637893144578
INFO:root:Reward: 2.3387437952264776
INFO:root:Grid transfered: 0, Local transferred: 0
INFO:root:Energy balance: 0, Daily cost: 2.3387437952264776
INFO:root:-- Step 6 --
INFO:root:Current state: (-1.0, 'sun', 0)
INFO:root:Action: buy
INFO:root:Q-value <- (1 - lr) * Q_value + lr * (reward + discount * max(Q-value-next))
INFO:root:Q-value <- (1 - 0.2) * -0.5266727126623224 + 0.2 * (-2.6333635633116117 + 0.9 * max(Q-value-next)))
INFO:root:Q-value: -0.5266727126623224
INFO:root:Reward: -2.6333635633116117
INFO:root:Grid transfered: 0, Local transferred: 1.3166817816558058
INFO:root:Energy balance: 0, Daily cost: -2.6333635633116117
INFO:root:-- Step 7 --
INFO:root:Current state: (-1.0, 'clouds', 0)
INFO:root:Action: store
INFO:root:Q-value <- (1 - lr) * Q_value + lr * (reward + discount * max(Q-value-next))
INFO:root:Q-value <- (1 - 0.2) * -20.0 + 0.2 * (-100 + 0.9 * max(Q-value-next)))
INFO:root:Q-value: -20.0
INFO:root:Reward: -100
INFO:root:Grid transfered: 0, Local transferred: 0
INFO:root:Energy balance: -4.198481022611772, Daily cost: 0
INFO:root:-- Step 8 --
INFO:root:Current state: (1.0, 'sun', 0)
INFO:root:Action: buy
INFO:root:Q-value <- (1 - lr) * Q_value + lr * (reward + discount * max(Q-value-next))
INFO:root:Q-value <- (1 - 0.2) * -0.03360471678392898 + 0.2 * (-0.1680235839196449 + 0.9 * max(Q-value-next)))
INFO:root:Q-value: -0.03360471678392898
INFO:root:Reward: -0.1680235839196449
INFO:root:Grid transfered: 0, Local transferred: 0.08401179195982245
INFO:root:Energy balance: 0.3471277134748991, Daily cost: -0.1680235839196449
INFO:root:-- Step 9 --
INFO:root:Current state: (-1.0, 'clouds', 0)
INFO:root:Action: sell
INFO:root:Q-value <- (1 - lr) * Q_value + lr * (reward + discount * max(Q-value-next))
INFO:root:Q-value <- (1 - 0.2) * -20.892980922383426 + 0.2 * (-104.46490461191712 + 0.9 * max(Q-value-next)))
INFO:root:Q-value: -20.892980922383426
INFO:root:Reward: -104.46490461191712
INFO:root:Grid transfered: 0, Local transferred: 0
INFO:root:Energy balance: -4.464904611917113, Daily cost: -4.464904611917113
INFO:root:-- Step 10 --
INFO:root:Current state: (-1.0, 'clouds', 0)
INFO:root:Action: buy
INFO:root:Q-value <- (1 - lr) * Q_value + lr * (reward + discount * max(Q-value-next))
INFO:root:Q-value <- (1 - 0.2) * -4.05687237880948 + 0.2 * (-10.979961049549738 + 0.9 * max(Q-value-next)))
INFO:root:Q-value: -4.05687237880948
INFO:root:Reward: -10.979961049549738
INFO:root:Grid transfered: 2.1959922099099476, Local transferred: 0
INFO:root:Energy balance: 0, Daily cost: -10.979961049549738
INFO:root:-- Step 11 --
INFO:root:Current state: (-1.0, 'clouds', 0)
INFO:root:Action: buy
INFO:root:Q-value <- (1 - lr) * Q_value + lr * (reward + discount * max(Q-value-next))
INFO:root:Q-value <- (1 - 0.2) * -7.64193340267906 + 0.2 * (-22.94856490854039 + 0.9 * max(Q-value-next)))
INFO:root:Q-value: -7.64193340267906
INFO:root:Reward: -22.94856490854039
INFO:root:Grid transfered: 4.137518253335528, Local transferred: 0.45219472837255026
INFO:root:Energy balance: 0, Daily cost: -22.94856490854039
INFO:root:-- Step 12 --
INFO:root:Current state: (-1.0, 'sun', 0)
INFO:root:Action: sell
INFO:root:Q-value <- (1 - lr) * Q_value + lr * (reward + discount * max(Q-value-next))
INFO:root:Q-value <- (1 - 0.2) * -20.579153492617763 + 0.2 * (-102.8957674630888 + 0.9 * max(Q-value-next)))
INFO:root:Q-value: -20.579153492617763
INFO:root:Reward: -102.8957674630888
INFO:root:Grid transfered: 0, Local transferred: 0
INFO:root:Energy balance: -2.895767463088805, Daily cost: -2.895767463088805
INFO:root:-- Step 13 --
INFO:root:Current state: (1.0, 'sun', 0)
INFO:root:Action: sell
INFO:root:Q-value <- (1 - lr) * Q_value + lr * (reward + discount * max(Q-value-next))
INFO:root:Q-value <- (1 - 0.2) * 1.271559567369111 + 0.2 * (1.096355269204711 + 0.9 * max(Q-value-next)))
INFO:root:Q-value: 1.271559567369111
INFO:root:Reward: 1.096355269204711
INFO:root:Grid transfered: 0, Local transferred: 0
INFO:root:Energy balance: 0, Daily cost: 1.096355269204711
INFO:root:-- Step 14 --
INFO:root:Current state: (1.0, 'sun', 0)
INFO:root:Action: sell
INFO:root:Q-value <- (1 - lr) * Q_value + lr * (reward + discount * max(Q-value-next))
INFO:root:Q-value <- (1 - 0.2) * 1.5811214504663034 + 0.2 * (1.6749653722228732 + 0.9 * max(Q-value-next)))
INFO:root:Q-value: 1.5811214504663034
INFO:root:Reward: 1.6749653722228732
INFO:root:Grid transfered: 0, Local transferred: 0
INFO:root:Energy balance: 0, Daily cost: 1.6749653722228732
INFO:root:-- Step 15 --
INFO:root:Current state: (-1.0, 'sun', 0)
INFO:root:Action: store
INFO:root:Q-value <- (1 - lr) * Q_value + lr * (reward + discount * max(Q-value-next))
INFO:root:Q-value <- (1 - 0.2) * -20.0 + 0.2 * (-100 + 0.9 * max(Q-value-next)))
INFO:root:Q-value: -20.0
INFO:root:Reward: -100
INFO:root:Grid transfered: 0, Local transferred: 0
INFO:root:Energy balance: -0.3426305692972669, Daily cost: 0
INFO:root:-- Step 16 --
INFO:root:Current state: (1.0, 'sun', 0)
INFO:root:Action: store
INFO:root:Q-value <- (1 - lr) * Q_value + lr * (reward + discount * max(Q-value-next))
INFO:root:Q-value <- (1 - 0.2) * 0.0 + 0.2 * (0 + 0.9 * max(Q-value-next)))
INFO:root:Q-value: 0.0
INFO:root:Reward: 0
INFO:root:Grid transfered: 0, Local transferred: 0
INFO:root:Energy balance: 0, Daily cost: 0
INFO:root:-- Step 17 --
INFO:root:Current state: (1.0, 'sun', 1)
INFO:root:Action: store
INFO:root:Q-value <- (1 - lr) * Q_value + lr * (reward + discount * max(Q-value-next))
INFO:root:Q-value <- (1 - 0.2) * 0.0 + 0.2 * (0 + 0.9 * max(Q-value-next)))
INFO:root:Q-value: 0.0
INFO:root:Reward: 0
INFO:root:Grid transfered: 0, Local transferred: 0
INFO:root:Energy balance: 0, Daily cost: 0
INFO:root:-- Step 18 --
INFO:root:Current state: (1.0, 'clouds', 1)
INFO:root:Action: buy
INFO:root:Q-value <- (1 - lr) * Q_value + lr * (reward + discount * max(Q-value-next))
INFO:root:Q-value <- (1 - 0.2) * -0.6765693901735474 + 0.2 * (-3.3828469508677372 + 0.9 * max(Q-value-next)))
INFO:root:Q-value: -0.6765693901735474
INFO:root:Reward: -3.3828469508677372
INFO:root:Grid transfered: 0.6765693901735474, Local transferred: 0
INFO:root:Energy balance: 0, Daily cost: -3.3828469508677372
INFO:root:-- Step 19 --
INFO:root:Current state: (-1.0, 'clouds', 0)
INFO:root:Action: buy
INFO:root:Q-value <- (1 - lr) * Q_value + lr * (reward + discount * max(Q-value-next))
INFO:root:Q-value <- (1 - 0.2) * -7.235278539601632 + 0.2 * (-5.608659087291921 + 0.9 * max(Q-value-next)))
INFO:root:Q-value: -7.235278539601632
INFO:root:Reward: -5.608659087291921
INFO:root:Grid transfered: 1.1217318174583841, Local transferred: 0
INFO:root:Energy balance: 0, Daily cost: -5.608659087291921
INFO:root:-- Step 20 --
INFO:root:Current state: (-1.0, 'clouds', 0)
INFO:root:Action: sell
INFO:root:Q-value <- (1 - lr) * Q_value + lr * (reward + discount * max(Q-value-next))
INFO:root:Q-value <- (1 - 0.2) * -38.73518881730149 + 0.2 * (-103.59226971133226 + 0.9 * max(Q-value-next)))
INFO:root:Q-value: -38.73518881730149
INFO:root:Reward: -103.59226971133226
INFO:root:Grid transfered: 0, Local transferred: 0
INFO:root:Energy balance: -3.5922697113322597, Daily cost: -3.5922697113322597
WARNING:matplotlib.legend:No artists with labels found to put in legend.  Note that artists whose label start with an underscore are ignored when legend() is called with no argument.
WARNING:matplotlib.legend:No artists with labels found to put in legend.  Note that artists whose label start with an underscore are ignored when legend() is called with no argument.
INFO:matplotlib.animation:Animation.save using <class 'matplotlib.animation.HTMLWriter'>
INFO:root:-- Step 1 --
INFO:root:Current state: (1.0, 'sun', 0)
INFO:root:Action: buy
INFO:root:Q-value <- (1 - lr) * Q_value + lr * (reward + discount * max(Q-value-next))
INFO:root:Q-value <- (1 - 0.2) * -4.6929521334818425 + 0.2 * (-23.464760667409212 + 0.9 * max(Q-value-next)))
INFO:root:Q-value: -4.6929521334818425
INFO:root:Reward: -23.464760667409212
INFO:root:Grid transfered: 2.3464760667409212, Local transferred: 0
INFO:root:Energy balance: 0, Daily cost: -23.464760667409212
INFO:root:-- Step 2 --
INFO:root:Current state: (1.0, 'sun', 0)
INFO:root:Action: sell
INFO:root:Q-value <- (1 - lr) * Q_value + lr * (reward + discount * max(Q-value-next))
INFO:root:Q-value <- (1 - 0.2) * 0.11195214996825414 + 0.2 * (0.5597607498412707 + 0.9 * max(Q-value-next)))
INFO:root:Q-value: 0.11195214996825414
INFO:root:Reward: 0.5597607498412707
INFO:root:Grid transfered: 0, Local transferred: 0
INFO:root:Energy balance: 0, Daily cost: 0.5597607498412707
INFO:root:-- Step 3 --
INFO:root:Current state: (-1.0, 'clouds', 0)
INFO:root:Action: buy
INFO:root:Q-value <- (1 - lr) * Q_value + lr * (reward + discount * max(Q-value-next))
INFO:root:Q-value <- (1 - 0.2) * -8.814573564720199 + 0.2 * (-44.072867823600994 + 0.9 * max(Q-value-next)))
INFO:root:Q-value: -8.814573564720199
INFO:root:Reward: -44.072867823600994
INFO:root:Grid transfered: 4.407286782360099, Local transferred: 0
INFO:root:Energy balance: 0, Daily cost: -44.072867823600994
INFO:root:-- Step 4 --
INFO:root:Current state: (-1.0, 'clouds', 0)
INFO:root:Action: sell
INFO:root:Q-value <- (1 - lr) * Q_value + lr * (reward + discount * max(Q-value-next))
INFO:root:Q-value <- (1 - 0.2) * -20.73313733128468 + 0.2 * (-103.66568665642339 + 0.9 * max(Q-value-next)))
INFO:root:Q-value: -20.73313733128468
INFO:root:Reward: -103.66568665642339
INFO:root:Grid transfered: 0, Local transferred: 0
INFO:root:Energy balance: -3.6656866564233876, Daily cost: -3.6656866564233876
INFO:root:-- Step 5 --
INFO:root:Current state: (-1.0, 'clouds', 0)
INFO:root:Action: store
INFO:root:Q-value <- (1 - lr) * Q_value + lr * (reward + discount * max(Q-value-next))
INFO:root:Q-value <- (1 - 0.2) * -20.0 + 0.2 * (-100 + 0.9 * max(Q-value-next)))
INFO:root:Q-value: -20.0
INFO:root:Reward: -100
INFO:root:Grid transfered: 0, Local transferred: 0
INFO:root:Energy balance: -2.3625811704475295, Daily cost: 0
INFO:root:-- Step 6 --
INFO:root:Current state: (1.0, 'sun', 0)
INFO:root:Action: sell
INFO:root:Q-value <- (1 - lr) * Q_value + lr * (reward + discount * max(Q-value-next))
INFO:root:Q-value <- (1 - 0.2) * 1.5988346362099868 + 0.2 * (7.445607646205488 + 0.9 * max(Q-value-next)))
INFO:root:Q-value: 1.5988346362099868
INFO:root:Reward: 7.445607646205488
INFO:root:Grid transfered: 0, Local transferred: 0
INFO:root:Energy balance: 0, Daily cost: 7.445607646205488
INFO:root:-- Step 7 --
INFO:root:Current state: (1.0, 'sun', 0)
INFO:root:Action: sell
INFO:root:Q-value <- (1 - lr) * Q_value + lr * (reward + discount * max(Q-value-next))
INFO:root:Q-value <- (1 - 0.2) * 1.652310831564073 + 0.2 * (0.4272644403914292 + 0.9 * max(Q-value-next)))
INFO:root:Q-value: 1.652310831564073
INFO:root:Reward: 0.4272644403914292
INFO:root:Grid transfered: 0, Local transferred: 0
INFO:root:Energy balance: 0, Daily cost: 0.4272644403914292
INFO:root:-- Step 8 --
INFO:root:Current state: (1.0, 'sun', 0)
INFO:root:Action: sell
INFO:root:Q-value <- (1 - lr) * Q_value + lr * (reward + discount * max(Q-value-next))
INFO:root:Q-value <- (1 - 0.2) * 3.1303120101587405 + 0.2 * (7.555236976129741 + 0.9 * max(Q-value-next)))
INFO:root:Q-value: 3.1303120101587405
INFO:root:Reward: 7.555236976129741
INFO:root:Grid transfered: 0, Local transferred: 0
INFO:root:Energy balance: 0, Daily cost: 7.555236976129741
INFO:root:-- Step 9 --
INFO:root:Current state: (-1.0, 'sun', 0)
INFO:root:Action: buy
INFO:root:Q-value <- (1 - lr) * Q_value + lr * (reward + discount * max(Q-value-next))
INFO:root:Q-value <- (1 - 0.2) * -0.21263485597410253 + 0.2 * (-1.0631742798705126 + 0.9 * max(Q-value-next)))
INFO:root:Q-value: -0.21263485597410253
INFO:root:Reward: -1.0631742798705126
INFO:root:Grid transfered: 0, Local transferred: 1.0631742798705126
INFO:root:Energy balance: 0, Daily cost: -1.0631742798705126
INFO:root:-- Step 10 --
INFO:root:Current state: (-1.0, 'clouds', 0)
INFO:root:Action: buy
INFO:root:Q-value <- (1 - lr) * Q_value + lr * (reward + discount * max(Q-value-next))
INFO:root:Q-value <- (1 - 0.2) * -8.251026153719343 + 0.2 * (-8.81411731885878 + 0.9 * max(Q-value-next)))
INFO:root:Q-value: -8.251026153719343
INFO:root:Reward: -8.81411731885878
INFO:root:Grid transfered: 0.8814117318858781, Local transferred: 0
INFO:root:Energy balance: 0, Daily cost: -8.81411731885878
INFO:root:-- Step 11 --
INFO:root:Current state: (1.0, 'sun', 0)
INFO:root:Action: sell
INFO:root:Q-value <- (1 - lr) * Q_value + lr * (reward + discount * max(Q-value-next))
INFO:root:Q-value <- (1 - 0.2) * 3.318421250761905 + 0.2 * (1.2535774040316952 + 0.9 * max(Q-value-next)))
INFO:root:Q-value: 3.318421250761905
INFO:root:Reward: 1.2535774040316952
INFO:root:Grid transfered: 0, Local transferred: 0
INFO:root:Energy balance: 0, Daily cost: 1.2535774040316952
INFO:root:-- Step 12 --
INFO:root:Current state: (1.0, 'sun', 0)
INFO:root:Action: store
INFO:root:Q-value <- (1 - lr) * Q_value + lr * (reward + discount * max(Q-value-next))
INFO:root:Q-value <- (1 - 0.2) * 0.0 + 0.2 * (0 + 0.9 * max(Q-value-next)))
INFO:root:Q-value: 0.0
INFO:root:Reward: 0
INFO:root:Grid transfered: 0, Local transferred: 0
INFO:root:Energy balance: 0, Daily cost: 0
INFO:root:-- Step 13 --
INFO:root:Current state: (-1.0, 'clouds', 1)
INFO:root:Action: buy
INFO:root:Q-value <- (1 - lr) * Q_value + lr * (reward + discount * max(Q-value-next))
INFO:root:Q-value <- (1 - 0.2) * -9.365522422985624 + 0.2 * (-46.827612114928115 + 0.9 * max(Q-value-next)))
INFO:root:Q-value: -9.365522422985624
INFO:root:Reward: -46.827612114928115
INFO:root:Grid transfered: 4.682761211492812, Local transferred: 0
INFO:root:Energy balance: 0, Daily cost: -46.827612114928115
INFO:root:-- Step 14 --
INFO:root:Current state: (-1.0, 'clouds', 0)
INFO:root:Action: sell
INFO:root:Q-value <- (1 - lr) * Q_value + lr * (reward + discount * max(Q-value-next))
INFO:root:Q-value <- (1 - 0.2) * -37.35216779732619 + 0.2 * (-103.8282896614922 + 0.9 * max(Q-value-next)))
INFO:root:Q-value: -37.35216779732619
INFO:root:Reward: -103.8282896614922
INFO:root:Grid transfered: 0, Local transferred: 0
INFO:root:Energy balance: -3.828289661492204, Daily cost: -3.828289661492204
INFO:root:-- Step 15 --
INFO:root:Current state: (1.0, 'sun', 0)
INFO:root:Action: sell
INFO:root:Q-value <- (1 - lr) * Q_value + lr * (reward + discount * max(Q-value-next))
INFO:root:Q-value <- (1 - 0.2) * 2.719270101925573 + 0.2 * (0.32266550658024684 + 0.9 * max(Q-value-next)))
INFO:root:Q-value: 2.719270101925573
INFO:root:Reward: 0.32266550658024684
INFO:root:Grid transfered: 0, Local transferred: 0
INFO:root:Energy balance: 0, Daily cost: 0.32266550658024684
INFO:root:-- Step 16 --
INFO:root:Current state: (-1.0, 'clouds', 0)
INFO:root:Action: store
INFO:root:Q-value <- (1 - lr) * Q_value + lr * (reward + discount * max(Q-value-next))
INFO:root:Q-value <- (1 - 0.2) * -37.48518470766948 + 0.2 * (-100 + 0.9 * max(Q-value-next)))
INFO:root:Q-value: -37.48518470766948
INFO:root:Reward: -100
INFO:root:Grid transfered: 0, Local transferred: 0
INFO:root:Energy balance: -7.438481205624597, Daily cost: 0
INFO:root:-- Step 17 --
INFO:root:Current state: (-1.0, 'clouds', 0)
INFO:root:Action: buy
INFO:root:Q-value <- (1 - lr) * Q_value + lr * (reward + discount * max(Q-value-next))
INFO:root:Q-value <- (1 - 0.2) * -9.524269353289013 + 0.2 * (-17.064585243300705 + 0.9 * max(Q-value-next)))
INFO:root:Q-value: -9.524269353289013
INFO:root:Reward: -17.064585243300705
INFO:root:Grid transfered: 1.7064585243300705, Local transferred: 0
INFO:root:Energy balance: 0, Daily cost: -17.064585243300705
INFO:root:-- Step 18 --
INFO:root:Current state: (-1.0, 'sun', 0)
INFO:root:Action: sell
INFO:root:Q-value <- (1 - lr) * Q_value + lr * (reward + discount * max(Q-value-next))
INFO:root:Q-value <- (1 - 0.2) * -21.77132123217061 + 0.2 * (-100.28476374289293 + 0.9 * max(Q-value-next)))
INFO:root:Q-value: -21.77132123217061
INFO:root:Reward: -100.28476374289293
INFO:root:Grid transfered: 0, Local transferred: 0
INFO:root:Energy balance: -0.28476374289293993, Daily cost: -0.28476374289293993
INFO:root:-- Step 19 --
INFO:root:Current state: (-1.0, 'clouds', 0)
INFO:root:Action: buy
INFO:root:Q-value <- (1 - lr) * Q_value + lr * (reward + discount * max(Q-value-next))
INFO:root:Q-value <- (1 - 0.2) * -12.710940357208102 + 0.2 * (-25.457624372884457 + 0.9 * max(Q-value-next)))
INFO:root:Q-value: -12.710940357208102
INFO:root:Reward: -25.457624372884457
INFO:root:Grid transfered: 0.7700763936683366, Local transferred: 5.013821229860724
INFO:root:Energy balance: 0, Daily cost: -25.457624372884457
INFO:root:-- Step 20 --
INFO:root:Current state: (-1.0, 'clouds', 0)
INFO:root:Action: buy
INFO:root:Q-value <- (1 - lr) * Q_value + lr * (reward + discount * max(Q-value-next))
INFO:root:Q-value <- (1 - 0.2) * -10.457831219975345 + 0.2 * (-1.445394671044312 + 0.9 * max(Q-value-next)))
INFO:root:Q-value: -10.457831219975345
INFO:root:Reward: -1.445394671044312
INFO:root:Grid transfered: 0, Local transferred: 0.722697335522156
INFO:root:Energy balance: 0, Daily cost: -1.445394671044312
INFO:matplotlib.animation:Animation.save using <class 'matplotlib.animation.HTMLWriter'>
INFO:matplotlib.animation:Animation.save using <class 'matplotlib.animation.HTMLWriter'>
INFO:matplotlib.animation:Animation.save using <class 'matplotlib.animation.HTMLWriter'>
INFO:matplotlib.animation:Animation.save using <class 'matplotlib.animation.HTMLWriter'>
INFO:root:-- Step 1 --
INFO:root:Current state: (-1.0, 'sun', 0)
INFO:root:Action: store
INFO:root:Q-value <- (1 - lr) * Q_value + lr * (reward + discount * max(Q-value-next))
INFO:root:Q-value <- (1 - 0.2) * -20.0 + 0.2 * (-100 + 0.9 * max(Q-value-next)))
INFO:root:Q-value: -20.0
INFO:root:Reward: -100
INFO:root:Grid transfered: 0, Local transferred: 0
INFO:root:Energy balance: -1.5086967122308952, Daily cost: 0
INFO:root:-- Step 2 --
INFO:root:Current state: (1.0, 'sun', 0)
INFO:root:Action: buy
INFO:root:Q-value <- (1 - lr) * Q_value + lr * (reward + discount * max(Q-value-next))
INFO:root:Q-value <- (1 - 0.2) * -0.6266520992408993 + 0.2 * (-3.133260496204496 + 0.9 * max(Q-value-next)))
INFO:root:Q-value: -0.6266520992408993
INFO:root:Reward: -3.133260496204496
INFO:root:Grid transfered: 0, Local transferred: 1.566630248102248
INFO:root:Energy balance: 7.321481921187969, Daily cost: -3.133260496204496
INFO:root:-- Step 3 --
INFO:root:Current state: (-1.0, 'clouds', 0)
INFO:root:Action: buy
INFO:root:Q-value <- (1 - lr) * Q_value + lr * (reward + discount * max(Q-value-next))
INFO:root:Q-value <- (1 - 0.2) * -7.0771729789948665 + 0.2 * (-35.38586489497433 + 0.9 * max(Q-value-next)))
INFO:root:Q-value: -7.0771729789948665
INFO:root:Reward: -35.38586489497433
INFO:root:Grid transfered: 3.5385864894974333, Local transferred: 0
INFO:root:Energy balance: 0, Daily cost: -35.38586489497433
INFO:root:-- Step 4 --
INFO:root:Current state: (-1.0, 'clouds', 0)
INFO:root:Action: sell
INFO:root:Q-value <- (1 - lr) * Q_value + lr * (reward + discount * max(Q-value-next))
INFO:root:Q-value <- (1 - 0.2) * -21.27712849591164 + 0.2 * (-106.38564247955819 + 0.9 * max(Q-value-next)))
INFO:root:Q-value: -21.27712849591164
INFO:root:Reward: -106.38564247955819
INFO:root:Grid transfered: 0, Local transferred: 0
INFO:root:Energy balance: -6.385642479558189, Daily cost: -6.385642479558189
INFO:root:-- Step 5 --
INFO:root:Current state: (-1.0, 'clouds', 0)
INFO:root:Action: store
INFO:root:Q-value <- (1 - lr) * Q_value + lr * (reward + discount * max(Q-value-next))
INFO:root:Q-value <- (1 - 0.2) * -20.0 + 0.2 * (-100 + 0.9 * max(Q-value-next)))
INFO:root:Q-value: -20.0
INFO:root:Reward: -100
INFO:root:Grid transfered: 0, Local transferred: 0
INFO:root:Energy balance: -3.2931626170957466, Daily cost: 0
INFO:root:-- Step 6 --
INFO:root:Current state: (-1.0, 'clouds', 0)
INFO:root:Action: buy
INFO:root:Q-value <- (1 - lr) * Q_value + lr * (reward + discount * max(Q-value-next))
INFO:root:Q-value <- (1 - 0.2) * -16.850024198967798 + 0.2 * (-55.941429078859514 + 0.9 * max(Q-value-next)))
INFO:root:Q-value: -16.850024198967798
INFO:root:Reward: -55.941429078859514
INFO:root:Grid transfered: 5.594142907885951, Local transferred: 0
INFO:root:Energy balance: 0, Daily cost: -55.941429078859514
INFO:root:-- Step 7 --
INFO:root:Current state: (1.0, 'clouds', 0)
INFO:root:Action: buy
INFO:root:Q-value <- (1 - lr) * Q_value + lr * (reward + discount * max(Q-value-next))
INFO:root:Q-value <- (1 - 0.2) * -0.6084318747300941 + 0.2 * (-3.0421593736504704 + 0.9 * max(Q-value-next)))
INFO:root:Q-value: -0.6084318747300941
INFO:root:Reward: -3.0421593736504704
INFO:root:Grid transfered: 0.30421593736504704, Local transferred: 0
INFO:root:Energy balance: 0, Daily cost: -3.0421593736504704
INFO:root:-- Step 8 --
INFO:root:Current state: (-1.0, 'sun', 0)
INFO:root:Action: buy
INFO:root:Q-value <- (1 - lr) * Q_value + lr * (reward + discount * max(Q-value-next))
INFO:root:Q-value <- (1 - 0.2) * -0.14408787610344156 + 0.2 * (-0.7204393805172078 + 0.9 * max(Q-value-next)))
INFO:root:Q-value: -0.14408787610344156
INFO:root:Reward: -0.7204393805172078
INFO:root:Grid transfered: 0, Local transferred: 0.2401464601724026
INFO:root:Energy balance: 0, Daily cost: -0.7204393805172078
INFO:root:-- Step 9 --
INFO:root:Current state: (-1.0, 'sun', 0)
INFO:root:Action: store
INFO:root:Q-value <- (1 - lr) * Q_value + lr * (reward + discount * max(Q-value-next))
INFO:root:Q-value <- (1 - 0.2) * -36.0 + 0.2 * (-100 + 0.9 * max(Q-value-next)))
INFO:root:Q-value: -36.0
INFO:root:Reward: -100
INFO:root:Grid transfered: 0, Local transferred: 0
INFO:root:Energy balance: -0.9775443415228029, Daily cost: 0
INFO:root:-- Step 10 --
INFO:root:Current state: (1.0, 'sun', 0)
INFO:root:Action: sell
INFO:root:Q-value <- (1 - lr) * Q_value + lr * (reward + discount * max(Q-value-next))
INFO:root:Q-value <- (1 - 0.2) * 0.3242192829722914 + 0.2 * (1.6210964148614568 + 0.9 * max(Q-value-next)))
INFO:root:Q-value: 0.3242192829722914
INFO:root:Reward: 1.6210964148614568
INFO:root:Grid transfered: 0, Local transferred: 0
INFO:root:Energy balance: 0, Daily cost: 1.6210964148614568
INFO:root:-- Step 11 --
INFO:root:Current state: (-1.0, 'clouds', 0)
INFO:root:Action: buy
INFO:root:Q-value <- (1 - lr) * Q_value + lr * (reward + discount * max(Q-value-next))
INFO:root:Q-value <- (1 - 0.2) * -18.418640557278717 + 0.2 * (-24.69310599052239 + 0.9 * max(Q-value-next)))
INFO:root:Q-value: -18.418640557278717
INFO:root:Reward: -24.69310599052239
INFO:root:Grid transfered: 2.469310599052239, Local transferred: 0
INFO:root:Energy balance: 0, Daily cost: -24.69310599052239
INFO:root:-- Step 12 --
INFO:root:Current state: (-1.0, 'clouds', 0)
INFO:root:Action: buy
INFO:root:Q-value <- (1 - lr) * Q_value + lr * (reward + discount * max(Q-value-next))
INFO:root:Q-value <- (1 - 0.2) * -22.8406782962943 + 0.2 * (-40.52882925235663 + 0.9 * max(Q-value-next)))
INFO:root:Q-value: -22.8406782962943
INFO:root:Reward: -40.52882925235663
INFO:root:Grid transfered: 4.052882925235663, Local transferred: 0
INFO:root:Energy balance: 0, Daily cost: -40.52882925235663
INFO:root:-- Step 13 --
INFO:root:Current state: (-1.0, 'clouds', 0)
INFO:root:Action: store
INFO:root:Q-value <- (1 - lr) * Q_value + lr * (reward + discount * max(Q-value-next))
INFO:root:Q-value <- (1 - 0.2) * -39.6 + 0.2 * (-100 + 0.9 * max(Q-value-next)))
INFO:root:Q-value: -39.6
INFO:root:Reward: -100
INFO:root:Grid transfered: 0, Local transferred: 0
INFO:root:Energy balance: -4.678418149015142, Daily cost: 0
INFO:root:-- Step 14 --
INFO:root:Current state: (-1.0, 'clouds', 0)
INFO:root:Action: sell
INFO:root:Q-value <- (1 - lr) * Q_value + lr * (reward + discount * max(Q-value-next))
INFO:root:Q-value <- (1 - 0.2) * -41.43714735635035 + 0.2 * (-102.9278071517847 + 0.9 * max(Q-value-next)))
INFO:root:Q-value: -41.43714735635035
INFO:root:Reward: -102.9278071517847
INFO:root:Grid transfered: 0, Local transferred: 0
INFO:root:Energy balance: -2.9278071517847097, Daily cost: -2.9278071517847097
INFO:root:-- Step 15 --
INFO:root:Current state: (-1.0, 'clouds', 0)
INFO:root:Action: sell
INFO:root:Q-value <- (1 - lr) * Q_value + lr * (reward + discount * max(Q-value-next))
INFO:root:Q-value <- (1 - 0.2) * -53.81691459999162 + 0.2 * (-103.33598357455666 + 0.9 * max(Q-value-next)))
INFO:root:Q-value: -53.81691459999162
INFO:root:Reward: -103.33598357455666
INFO:root:Grid transfered: 0, Local transferred: 0
INFO:root:Energy balance: -3.3359835745566686, Daily cost: -3.3359835745566686
INFO:root:-- Step 16 --
INFO:root:Current state: (-1.0, 'sun', 0)
INFO:root:Action: sell
INFO:root:Q-value <- (1 - lr) * Q_value + lr * (reward + discount * max(Q-value-next))
INFO:root:Q-value <- (1 - 0.2) * -20.11367850641916 + 0.2 * (-100.56839253209579 + 0.9 * max(Q-value-next)))
INFO:root:Q-value: -20.11367850641916
INFO:root:Reward: -100.56839253209579
INFO:root:Grid transfered: 0, Local transferred: 0
INFO:root:Energy balance: -0.568392532095789, Daily cost: -0.568392532095789
INFO:root:-- Step 17 --
INFO:root:Current state: (1.0, 'sun', 0)
INFO:root:Action: buy
INFO:root:Q-value <- (1 - lr) * Q_value + lr * (reward + discount * max(Q-value-next))
INFO:root:Q-value <- (1 - 0.2) * -0.8801542810624515 + 0.2 * (-2.1859603630237228 + 0.9 * max(Q-value-next)))
INFO:root:Q-value: -0.8801542810624515
INFO:root:Reward: -2.1859603630237228
INFO:root:Grid transfered: 0, Local transferred: 2.1859603630237228
INFO:root:Energy balance: 0, Daily cost: -2.1859603630237228
INFO:root:-- Step 18 --
INFO:root:Current state: (1.0, 'sun', 0)
INFO:root:Action: buy
INFO:root:Q-value <- (1 - lr) * Q_value + lr * (reward + discount * max(Q-value-next))
INFO:root:Q-value <- (1 - 0.2) * -0.6675926733028321 + 0.2 * (-0.10914359693941655 + 0.9 * max(Q-value-next)))
INFO:root:Q-value: -0.6675926733028321
INFO:root:Reward: -0.10914359693941655
INFO:root:Grid transfered: 0, Local transferred: 0.10914359693941655
INFO:root:Energy balance: 0, Daily cost: -0.10914359693941655
INFO:root:-- Step 19 --
INFO:root:Current state: (-1.0, 'sun', 0)
INFO:root:Action: store
INFO:root:Q-value <- (1 - lr) * Q_value + lr * (reward + discount * max(Q-value-next))
INFO:root:Q-value <- (1 - 0.2) * -52.91132209333297 + 0.2 * (-100 + 0.9 * max(Q-value-next)))
INFO:root:Q-value: -52.91132209333297
INFO:root:Reward: -100
INFO:root:Grid transfered: 0, Local transferred: 0
INFO:root:Energy balance: -0.45851789389835673, Daily cost: 0
INFO:root:-- Step 20 --
INFO:root:Current state: (-1.0, 'clouds', 0)
INFO:root:Action: buy
INFO:root:Q-value <- (1 - lr) * Q_value + lr * (reward + discount * max(Q-value-next))
INFO:root:Q-value <- (1 - 0.2) * -29.765613973586298 + 0.2 * (-57.46535668275429 + 0.9 * max(Q-value-next)))
INFO:root:Q-value: -29.765613973586298
INFO:root:Reward: -57.46535668275429
INFO:root:Grid transfered: 5.746535668275429, Local transferred: 0
INFO:root:Energy balance: 0, Daily cost: -57.46535668275429
INFO:matplotlib.animation:Animation.save using <class 'matplotlib.animation.HTMLWriter'>
INFO:matplotlib.animation:Animation.save using <class 'matplotlib.animation.HTMLWriter'>
INFO:root:-- Step 1 --
INFO:root:Current state: (-1.0, 'clouds', 0)
INFO:root:Action: buy
INFO:root:Q-value <- (1 - lr) * Q_value + lr * (reward + discount * max(Q-value-next))
INFO:root:Q-value <- (1 - 0.2) * -11.836332214983788 + 0.2 * (-59.181661074918935 + 0.9 * max(Q-value-next)))
INFO:root:Q-value: -11.836332214983788
INFO:root:Reward: -59.181661074918935
INFO:root:Grid transfered: 5.918166107491894, Local transferred: 0
INFO:root:Energy balance: 0, Daily cost: -59.181661074918935
INFO:root:-- Step 2 --
INFO:root:Current state: (1.0, 'sun', 0)
INFO:root:Action: store
INFO:root:Q-value <- (1 - lr) * Q_value + lr * (reward + discount * max(Q-value-next))
INFO:root:Q-value <- (1 - 0.2) * 0.0 + 0.2 * (0 + 0.9 * max(Q-value-next)))
INFO:root:Q-value: 0.0
INFO:root:Reward: 0
INFO:root:Grid transfered: 0, Local transferred: 0
INFO:root:Energy balance: 0, Daily cost: 0
INFO:root:-- Step 3 --
INFO:root:Current state: (-1.0, 'clouds', 1)
INFO:root:Action: buy
INFO:root:Q-value <- (1 - lr) * Q_value + lr * (reward + discount * max(Q-value-next))
INFO:root:Q-value <- (1 - 0.2) * -0.8513310232711255 + 0.2 * (-4.256655116355628 + 0.9 * max(Q-value-next)))
INFO:root:Q-value: -0.8513310232711255
INFO:root:Reward: -4.256655116355628
INFO:root:Grid transfered: 0.42566551163556277, Local transferred: 0
INFO:root:Energy balance: 0, Daily cost: -4.256655116355628
INFO:root:-- Step 4 --
INFO:root:Current state: (-1.0, 'clouds', 0)
INFO:root:Action: store
INFO:root:Q-value <- (1 - lr) * Q_value + lr * (reward + discount * max(Q-value-next))
INFO:root:Q-value <- (1 - 0.2) * -20.0 + 0.2 * (-100 + 0.9 * max(Q-value-next)))
INFO:root:Q-value: -20.0
INFO:root:Reward: -100
INFO:root:Grid transfered: 0, Local transferred: 0
INFO:root:Energy balance: -3.0562644093851086, Daily cost: 0
INFO:root:-- Step 5 --
INFO:root:Current state: (-1.0, 'clouds', 0)
INFO:root:Action: sell
INFO:root:Q-value <- (1 - lr) * Q_value + lr * (reward + discount * max(Q-value-next))
INFO:root:Q-value <- (1 - 0.2) * -20.83539240914503 + 0.2 * (-104.17696204572515 + 0.9 * max(Q-value-next)))
INFO:root:Q-value: -20.83539240914503
INFO:root:Reward: -104.17696204572515
INFO:root:Grid transfered: 0, Local transferred: 0
INFO:root:Energy balance: -4.176962045725151, Daily cost: -4.176962045725151
INFO:root:-- Step 6 --
INFO:root:Current state: (-1.0, 'clouds', 0)
INFO:root:Action: buy
INFO:root:Q-value <- (1 - lr) * Q_value + lr * (reward + discount * max(Q-value-next))
INFO:root:Q-value <- (1 - 0.2) * -16.48340481414705 + 0.2 * (-35.07169521080009 + 0.9 * max(Q-value-next)))
INFO:root:Q-value: -16.48340481414705
INFO:root:Reward: -35.07169521080009
INFO:root:Grid transfered: 3.5071695210800087, Local transferred: 0
INFO:root:Energy balance: 0, Daily cost: -35.07169521080009
INFO:root:-- Step 7 --
INFO:root:Current state: (-1.0, 'clouds', 0)
INFO:root:Action: buy
INFO:root:Q-value <- (1 - lr) * Q_value + lr * (reward + discount * max(Q-value-next))
INFO:root:Q-value <- (1 - 0.2) * -21.31131287029269 + 0.2 * (-40.622945094875234 + 0.9 * max(Q-value-next)))
INFO:root:Q-value: -21.31131287029269
INFO:root:Reward: -40.622945094875234
INFO:root:Grid transfered: 4.062294509487524, Local transferred: 0
INFO:root:Energy balance: 0, Daily cost: -40.622945094875234
INFO:root:-- Step 8 --
INFO:root:Current state: (-1.0, 'clouds', 0)
INFO:root:Action: buy
INFO:root:Q-value <- (1 - lr) * Q_value + lr * (reward + discount * max(Q-value-next))
INFO:root:Q-value <- (1 - 0.2) * -20.882283135294006 + 0.2 * (-19.166164195299267 + 0.9 * max(Q-value-next)))
INFO:root:Q-value: -20.882283135294006
INFO:root:Reward: -19.166164195299267
INFO:root:Grid transfered: 1.9166164195299267, Local transferred: 0
INFO:root:Energy balance: 0, Daily cost: -19.166164195299267
INFO:root:-- Step 9 --
INFO:root:Current state: (1.0, 'sun', 0)
INFO:root:Action: buy
INFO:root:Q-value <- (1 - lr) * Q_value + lr * (reward + discount * max(Q-value-next))
INFO:root:Q-value <- (1 - 0.2) * -0.1341913468669503 + 0.2 * (-0.6709567343347516 + 0.9 * max(Q-value-next)))
INFO:root:Q-value: -0.1341913468669503
INFO:root:Reward: -0.6709567343347516
INFO:root:Grid transfered: 0, Local transferred: 0.3354783671673758
INFO:root:Energy balance: 0, Daily cost: -0.6709567343347516
INFO:root:-- Step 10 --
INFO:root:Current state: (-1.0, 'clouds', 0)
INFO:root:Action: store
INFO:root:Q-value <- (1 - lr) * Q_value + lr * (reward + discount * max(Q-value-next))
INFO:root:Q-value <- (1 - 0.2) * -39.6 + 0.2 * (-100 + 0.9 * max(Q-value-next)))
INFO:root:Q-value: -39.6
INFO:root:Reward: -100
INFO:root:Grid transfered: 0, Local transferred: 0
INFO:root:Energy balance: -3.3864821544221115, Daily cost: 0
INFO:root:-- Step 11 --
INFO:root:Current state: (-1.0, 'clouds', 0)
INFO:root:Action: sell
INFO:root:Q-value <- (1 - lr) * Q_value + lr * (reward + discount * max(Q-value-next))
INFO:root:Q-value <- (1 - 0.2) * -37.13124052234298 + 0.2 * (-102.31463297513477 + 0.9 * max(Q-value-next)))
INFO:root:Q-value: -37.13124052234298
INFO:root:Reward: -102.31463297513477
INFO:root:Grid transfered: 0, Local transferred: 0
INFO:root:Energy balance: -2.314632975134769, Daily cost: -2.314632975134769
INFO:root:-- Step 12 --
INFO:root:Current state: (1.0, 'sun', 0)
INFO:root:Action: sell
INFO:root:Q-value <- (1 - lr) * Q_value + lr * (reward + discount * max(Q-value-next))
INFO:root:Q-value <- (1 - 0.2) * 0.15104036091287265 + 0.2 * (0.7552018045643631 + 0.9 * max(Q-value-next)))
INFO:root:Q-value: 0.15104036091287265
INFO:root:Reward: 0.7552018045643631
INFO:root:Grid transfered: 0, Local transferred: 0
INFO:root:Energy balance: 0, Daily cost: 0.7552018045643631
INFO:root:-- Step 13 --
INFO:root:Current state: (-1.0, 'clouds', 0)
INFO:root:Action: buy
INFO:root:Q-value <- (1 - lr) * Q_value + lr * (reward + discount * max(Q-value-next))
INFO:root:Q-value <- (1 - 0.2) * -21.38233398069662 + 0.2 * (-23.382537362307083 + 0.9 * max(Q-value-next)))
INFO:root:Q-value: -21.38233398069662
INFO:root:Reward: -23.382537362307083
INFO:root:Grid transfered: 2.3382537362307083, Local transferred: 0
INFO:root:Energy balance: 0, Daily cost: -23.382537362307083
INFO:root:-- Step 14 --
INFO:root:Current state: (-1.0, 'clouds', 0)
INFO:root:Action: sell
INFO:root:Q-value <- (1 - lr) * Q_value + lr * (reward + discount * max(Q-value-next))
INFO:root:Q-value <- (1 - 0.2) * -53.57277766969089 + 0.2 * (-100.0948256764556 + 0.9 * max(Q-value-next)))
INFO:root:Q-value: -53.57277766969089
INFO:root:Reward: -100.0948256764556
INFO:root:Grid transfered: 0, Local transferred: 0
INFO:root:Energy balance: -0.0948256764555957, Daily cost: -0.0948256764555957
INFO:root:-- Step 15 --
INFO:root:Current state: (-1.0, 'clouds', 0)
INFO:root:Action: buy
INFO:root:Q-value <- (1 - lr) * Q_value + lr * (reward + discount * max(Q-value-next))
INFO:root:Q-value <- (1 - 0.2) * -31.41232955343453 + 0.2 * (-71.66824816920774 + 0.9 * max(Q-value-next)))
INFO:root:Q-value: -31.41232955343453
INFO:root:Reward: -71.66824816920774
INFO:root:Grid transfered: 7.166824816920774, Local transferred: 0
INFO:root:Energy balance: 0, Daily cost: -71.66824816920774
INFO:root:-- Step 16 --
INFO:root:Current state: (1.0, 'sun', 0)
INFO:root:Action: sell
INFO:root:Q-value <- (1 - lr) * Q_value + lr * (reward + discount * max(Q-value-next))
INFO:root:Q-value <- (1 - 0.2) * 0.3291054990479062 + 0.2 * (0.9054297267664548 + 0.9 * max(Q-value-next)))
INFO:root:Q-value: 0.3291054990479062
INFO:root:Reward: 0.9054297267664548
INFO:root:Grid transfered: 0, Local transferred: 0
INFO:root:Energy balance: 0, Daily cost: 0.9054297267664548
INFO:root:-- Step 17 --
INFO:root:Current state: (-1.0, 'sun', 0)
INFO:root:Action: buy
INFO:root:Q-value <- (1 - lr) * Q_value + lr * (reward + discount * max(Q-value-next))
INFO:root:Q-value <- (1 - 0.2) * -0.09593825029461989 + 0.2 * (-0.775886200616215 + 0.9 * max(Q-value-next)))
INFO:root:Q-value: -0.09593825029461989
INFO:root:Reward: -0.775886200616215
INFO:root:Grid transfered: 0, Local transferred: 0.775886200616215
INFO:root:Energy balance: 0, Daily cost: -0.775886200616215
INFO:root:-- Step 18 --
INFO:root:Current state: (1.0, 'sun', 0)
INFO:root:Action: sell
INFO:root:Q-value <- (1 - lr) * Q_value + lr * (reward + discount * max(Q-value-next))
INFO:root:Q-value <- (1 - 0.2) * 0.9773783864329035 + 0.2 * (3.274274986829777 + 0.9 * max(Q-value-next)))
INFO:root:Q-value: 0.9773783864329035
INFO:root:Reward: 3.274274986829777
INFO:root:Grid transfered: 0, Local transferred: 0
INFO:root:Energy balance: 0, Daily cost: 3.274274986829777
INFO:root:-- Step 19 --
INFO:root:Current state: (-1.0, 'sun', 0)
INFO:root:Action: sell
INFO:root:Q-value <- (1 - lr) * Q_value + lr * (reward + discount * max(Q-value-next))
INFO:root:Q-value <- (1 - 0.2) * -25.712387796949756 + 0.2 * (-100.29084238665769 + 0.9 * max(Q-value-next)))
INFO:root:Q-value: -25.712387796949756
INFO:root:Reward: -100.29084238665769
INFO:root:Grid transfered: 0, Local transferred: 0
INFO:root:Energy balance: -0.2908423866576939, Daily cost: -0.2908423866576939
INFO:root:-- Step 20 --
INFO:root:Current state: (1.0, 'clouds', 0)
INFO:root:Action: buy
INFO:root:Q-value <- (1 - lr) * Q_value + lr * (reward + discount * max(Q-value-next))
INFO:root:Q-value <- (1 - 0.2) * -0.13696991687332982 + 0.2 * (-0.6848495843666491 + 0.9 * max(Q-value-next)))
INFO:root:Q-value: -0.13696991687332982
INFO:root:Reward: -0.6848495843666491
INFO:root:Grid transfered: 0, Local transferred: 0.22828319478888304
INFO:root:Energy balance: 1.931795617699624, Daily cost: -0.6848495843666491
INFO:matplotlib.animation:Animation.save using <class 'matplotlib.animation.HTMLWriter'>
INFO:matplotlib.animation:Animation.save using <class 'matplotlib.animation.HTMLWriter'>
INFO:matplotlib.animation:Animation.save using <class 'matplotlib.animation.HTMLWriter'>
