INFO:root:-- Step 1 --
INFO:root:Grid transfered: 0.8535264875107291, Local transferred: 0
INFO:root:Energy balance: 0, Daily cost: -8.535264875107291
INFO:root:-- Step 2 --
INFO:root:Grid transfered: 1.0554489421355573, Local transferred: 0
INFO:root:Energy balance: 0, Daily cost: -10.554489421355573
INFO:root:-- Step 3 --
INFO:root:Grid transfered: 3.018054921801405, Local transferred: 0
INFO:root:Energy balance: 0, Daily cost: -30.18054921801405
INFO:root:-- Step 4 --
INFO:root:Grid transfered: 2.0002614073454827, Local transferred: 0
INFO:root:Energy balance: 0, Daily cost: -20.00261407345483
INFO:root:-- Step 5 --
INFO:root:Grid transfered: 2.2695228340455467, Local transferred: 0
INFO:root:Energy balance: 0, Daily cost: -22.695228340455465
INFO:root:-- Step 6 --
INFO:root:Grid transfered: 2.872620979999734, Local transferred: 0
INFO:root:Energy balance: 0, Daily cost: -28.726209799997342
INFO:root:-- Step 7 --
INFO:root:Grid transfered: 1.6763527440618855, Local transferred: 0
INFO:root:Energy balance: 0, Daily cost: -16.763527440618855
INFO:root:-- Step 8 --
INFO:root:Grid transfered: 0, Local transferred: 0
INFO:root:Energy balance: 2.070643978300769, Daily cost: 2.070643978300769
INFO:root:-- Step 9 --
INFO:root:Grid transfered: 0, Local transferred: 0
INFO:root:Energy balance: 0.3832216288070889, Daily cost: 0.3832216288070889
INFO:root:-- Step 10 --
INFO:root:Grid transfered: 4.344809015513075, Local transferred: 0
INFO:root:Energy balance: 0, Daily cost: -43.44809015513075
INFO:root:-- Step 11 --
INFO:root:Grid transfered: 2.6022307742155046, Local transferred: 0
INFO:root:Energy balance: 0, Daily cost: -26.022307742155046
INFO:root:-- Step 12 --
INFO:root:Grid transfered: 1.232508883382181, Local transferred: 0
INFO:root:Energy balance: 0, Daily cost: -12.325088833821809
INFO:root:-- Step 13 --
INFO:root:Grid transfered: 0.5509036754509431, Local transferred: 0
INFO:root:Energy balance: 0, Daily cost: -5.509036754509431
INFO:root:-- Step 14 --
INFO:root:Grid transfered: 1.942382205591855, Local transferred: 0
INFO:root:Energy balance: 0, Daily cost: -19.42382205591855
INFO:root:-- Step 15 --
INFO:root:Grid transfered: 4.027750340770198, Local transferred: 0
INFO:root:Energy balance: 0, Daily cost: -40.27750340770198
INFO:root:-- Step 16 --
INFO:root:Grid transfered: 0, Local transferred: 0
INFO:root:Energy balance: 3.1048316918591983, Daily cost: 3.1048316918591983
INFO:root:-- Step 17 --
INFO:root:Grid transfered: 2.284452536972271, Local transferred: 0
INFO:root:Energy balance: 0, Daily cost: -22.84452536972271
INFO:root:-- Step 18 --
INFO:root:Grid transfered: 0, Local transferred: 0
INFO:root:Energy balance: 0.4032773328546728, Daily cost: 0.4032773328546728
INFO:root:-- Step 19 --
INFO:root:Grid transfered: 4.802724015907598, Local transferred: 0
INFO:root:Energy balance: 0, Daily cost: -48.02724015907599
INFO:root:-- Step 20 --
INFO:root:Grid transfered: 1.248089879196673, Local transferred: 0
INFO:root:Energy balance: 0, Daily cost: -12.48089879196673
INFO:root:-- Step 1 --
INFO:root:Grid transfered: 0, Local transferred: 0
INFO:root:Energy balance: 2.3464760667409212, Daily cost: 2.3464760667409212
INFO:root:-- Step 2 --
INFO:root:Grid transfered: 0, Local transferred: 0
INFO:root:Energy balance: 0.5597607498412707, Daily cost: 0.5597607498412707
INFO:root:-- Step 3 --
INFO:root:Grid transfered: 4.407286782360099, Local transferred: 0
INFO:root:Energy balance: 0, Daily cost: -44.072867823600994
INFO:root:-- Step 4 --
INFO:root:Grid transfered: 3.6656866564233876, Local transferred: 0
INFO:root:Energy balance: 0, Daily cost: -36.65686656423388
INFO:root:-- Step 5 --
INFO:root:Grid transfered: 2.3625811704475295, Local transferred: 0
INFO:root:Energy balance: 0, Daily cost: -23.625811704475296
INFO:root:-- Step 6 --
INFO:root:Grid transfered: 0, Local transferred: 0
INFO:root:Energy balance: 3.1605285932337175, Daily cost: 3.1605285932337175
INFO:root:-- Step 7 --
INFO:root:Grid transfered: 0, Local transferred: 0
INFO:root:Energy balance: 0.4272644403914292, Daily cost: 0.4272644403914292
INFO:root:-- Step 8 --
INFO:root:Grid transfered: 0, Local transferred: 0
INFO:root:Energy balance: 7.555236976129741, Daily cost: 7.555236976129741
INFO:root:-- Step 9 --
INFO:root:Grid transfered: 1.0631742798705126, Local transferred: 0
INFO:root:Energy balance: 0, Daily cost: -10.631742798705126
INFO:root:-- Step 10 --
INFO:root:Grid transfered: 0.8814117318858781, Local transferred: 0
INFO:root:Energy balance: 0, Daily cost: -8.81411731885878
INFO:root:-- Step 11 --
INFO:root:Grid transfered: 0, Local transferred: 0
INFO:root:Energy balance: 1.2535774040316952, Daily cost: 1.2535774040316952
INFO:root:-- Step 12 --
INFO:root:Grid transfered: 0, Local transferred: 0
INFO:root:Energy balance: 2.26091926038049, Daily cost: 2.26091926038049
INFO:root:-- Step 13 --
INFO:root:Grid transfered: 6.943680471873302, Local transferred: 0
INFO:root:Energy balance: 0, Daily cost: -69.43680471873301
INFO:root:-- Step 14 --
INFO:root:Grid transfered: 3.828289661492204, Local transferred: 0
INFO:root:Energy balance: 0, Daily cost: -38.28289661492204
INFO:root:-- Step 15 --
INFO:root:Grid transfered: 0, Local transferred: 0
INFO:root:Energy balance: 0.32266550658024684, Daily cost: 0.32266550658024684
INFO:root:-- Step 16 --
INFO:root:Grid transfered: 7.438481205624597, Local transferred: 0
INFO:root:Energy balance: 0, Daily cost: -74.38481205624596
INFO:root:-- Step 17 --
INFO:root:Grid transfered: 1.7064585243300705, Local transferred: 0
INFO:root:Energy balance: 0, Daily cost: -17.064585243300705
INFO:root:-- Step 18 --
INFO:root:Grid transfered: 0.28476374289293993, Local transferred: 0
INFO:root:Energy balance: 0, Daily cost: -2.8476374289293993
INFO:root:-- Step 19 --
INFO:root:Grid transfered: 5.783897623529061, Local transferred: 0
INFO:root:Energy balance: 0, Daily cost: -57.83897623529061
INFO:root:-- Step 20 --
INFO:root:Grid transfered: 0.722697335522156, Local transferred: 0
INFO:root:Energy balance: 0, Daily cost: -7.22697335522156
INFO:root:-- Step 1 --
INFO:root:Grid transfered: 10, Local transferred: 0
INFO:root:Energy balance: 0, Daily cost: -100
INFO:root:-- Step 2 --
INFO:root:Grid transfered: 10, Local transferred: 0
INFO:root:Energy balance: 0, Daily cost: -100
INFO:root:-- Step 3 --
INFO:root:Grid transfered: 10, Local transferred: 0
INFO:root:Energy balance: 0, Daily cost: -100
INFO:root:-- Step 4 --
INFO:root:Grid transfered: 10, Local transferred: 0
INFO:root:Energy balance: 0, Daily cost: -100
INFO:root:-- Step 5 --
INFO:root:Grid transfered: 10, Local transferred: 0
INFO:root:Energy balance: 0, Daily cost: -100
INFO:root:-- Step 6 --
INFO:root:Grid transfered: 10, Local transferred: 0
INFO:root:Energy balance: 0, Daily cost: -100
INFO:root:-- Step 7 --
INFO:root:Grid transfered: 10, Local transferred: 0
INFO:root:Energy balance: 0, Daily cost: -100
INFO:root:-- Step 8 --
INFO:root:Grid transfered: 10, Local transferred: 0
INFO:root:Energy balance: 0, Daily cost: -100
INFO:root:-- Step 9 --
INFO:root:Grid transfered: 10, Local transferred: 0
INFO:root:Energy balance: 0, Daily cost: -100
INFO:root:-- Step 10 --
INFO:root:Grid transfered: 10, Local transferred: 0
INFO:root:Energy balance: 0, Daily cost: -100
INFO:root:-- Step 11 --
INFO:root:Grid transfered: 10, Local transferred: 0
INFO:root:Energy balance: 0, Daily cost: -100
INFO:root:-- Step 12 --
INFO:root:Grid transfered: 10, Local transferred: 0
INFO:root:Energy balance: 0, Daily cost: -100
INFO:root:-- Step 13 --
INFO:root:Grid transfered: 10, Local transferred: 0
INFO:root:Energy balance: 0, Daily cost: -100
INFO:root:-- Step 14 --
INFO:root:Grid transfered: 10, Local transferred: 0
INFO:root:Energy balance: 0, Daily cost: -100
INFO:root:-- Step 15 --
INFO:root:Grid transfered: 10, Local transferred: 0
INFO:root:Energy balance: 0, Daily cost: -100
INFO:root:-- Step 16 --
INFO:root:Grid transfered: 10, Local transferred: 0
INFO:root:Energy balance: 0, Daily cost: -100
INFO:root:-- Step 17 --
INFO:root:Grid transfered: 10, Local transferred: 0
INFO:root:Energy balance: 0, Daily cost: -100
INFO:root:-- Step 18 --
INFO:root:Grid transfered: 10, Local transferred: 0
INFO:root:Energy balance: 0, Daily cost: -100
INFO:root:-- Step 19 --
INFO:root:Grid transfered: 10, Local transferred: 0
INFO:root:Energy balance: 0, Daily cost: -100
INFO:root:-- Step 20 --
INFO:root:Grid transfered: 10, Local transferred: 0
INFO:root:Energy balance: 0, Daily cost: -100
INFO:root:-- Step 1 --
INFO:root:Grid transfered: 2.326100211124416, Local transferred: 0
INFO:root:Energy balance: 0, Daily cost: -23.26100211124416
INFO:root:-- Step 2 --
INFO:root:Grid transfered: 0, Local transferred: 0
INFO:root:Energy balance: 0.6907398409592851, Daily cost: 0.6907398409592851
INFO:root:-- Step 3 --
INFO:root:Grid transfered: 0, Local transferred: 0
INFO:root:Energy balance: 2.379483533576069, Daily cost: 2.379483533576069
INFO:root:-- Step 4 --
INFO:root:Grid transfered: 0, Local transferred: 0
INFO:root:Energy balance: 0.09663301357877785, Daily cost: 0.09663301357877785
INFO:root:-- Step 5 --
INFO:root:Grid transfered: 0, Local transferred: 0
INFO:root:Energy balance: 2.3387437952264776, Daily cost: 2.3387437952264776
INFO:root:-- Step 6 --
INFO:root:Grid transfered: 1.3166817816558058, Local transferred: 0
INFO:root:Energy balance: 0, Daily cost: -13.166817816558058
INFO:root:-- Step 7 --
INFO:root:Grid transfered: 4.198481022611772, Local transferred: 0
INFO:root:Energy balance: 0, Daily cost: -41.98481022611772
INFO:root:-- Step 8 --
INFO:root:Grid transfered: 0, Local transferred: 0
INFO:root:Energy balance: 0.2631159215150767, Daily cost: 0.2631159215150767
INFO:root:-- Step 9 --
INFO:root:Grid transfered: 4.464904611917113, Local transferred: 0
INFO:root:Energy balance: 0, Daily cost: -44.64904611917113
INFO:root:-- Step 10 --
INFO:root:Grid transfered: 2.1959922099099476, Local transferred: 0
INFO:root:Energy balance: 0, Daily cost: -21.959922099099476
INFO:root:-- Step 11 --
INFO:root:Grid transfered: 4.589712981708078, Local transferred: 0
INFO:root:Energy balance: 0, Daily cost: -45.89712981708078
INFO:root:-- Step 12 --
INFO:root:Grid transfered: 2.895767463088805, Local transferred: 0
INFO:root:Energy balance: 0, Daily cost: -28.95767463088805
INFO:root:-- Step 13 --
INFO:root:Grid transfered: 0, Local transferred: 0
INFO:root:Energy balance: 1.096355269204711, Daily cost: 1.096355269204711
INFO:root:-- Step 14 --
INFO:root:Grid transfered: 0, Local transferred: 0
INFO:root:Energy balance: 1.6749653722228732, Daily cost: 1.6749653722228732
INFO:root:-- Step 15 --
INFO:root:Grid transfered: 0.3426305692972669, Local transferred: 0
INFO:root:Energy balance: 0, Daily cost: -3.4263056929726687
INFO:root:-- Step 16 --
INFO:root:Grid transfered: 0, Local transferred: 0
INFO:root:Energy balance: 2.8148296412902507, Daily cost: 2.8148296412902507
INFO:root:-- Step 17 --
INFO:root:Grid transfered: 0, Local transferred: 0
INFO:root:Energy balance: 3.678560330300023, Daily cost: 3.678560330300023
INFO:root:-- Step 18 --
INFO:root:Grid transfered: 5.816820581416726, Local transferred: 0
INFO:root:Energy balance: 0, Daily cost: -58.168205814167266
INFO:root:-- Step 19 --
INFO:root:Grid transfered: 1.1217318174583841, Local transferred: 0
INFO:root:Energy balance: 0, Daily cost: -11.217318174583841
INFO:root:-- Step 20 --
INFO:root:Grid transfered: 3.5922697113322597, Local transferred: 0
INFO:root:Energy balance: 0, Daily cost: -35.9226971133226
INFO:root:-- Step 1 --
INFO:root:Grid transfered: 0, Local transferred: 0
INFO:root:Energy balance: 2.3464760667409212, Daily cost: 2.3464760667409212
INFO:root:-- Step 2 --
INFO:root:Grid transfered: 0, Local transferred: 0
INFO:root:Energy balance: 0.5597607498412707, Daily cost: 0.5597607498412707
INFO:root:-- Step 3 --
INFO:root:Grid transfered: 4.407286782360099, Local transferred: 0
INFO:root:Energy balance: 0, Daily cost: -44.072867823600994
INFO:root:-- Step 4 --
INFO:root:Grid transfered: 3.6656866564233876, Local transferred: 0
INFO:root:Energy balance: 0, Daily cost: -36.65686656423388
INFO:root:-- Step 5 --
INFO:root:Grid transfered: 2.3625811704475295, Local transferred: 0
INFO:root:Energy balance: 0, Daily cost: -23.625811704475296
INFO:root:-- Step 6 --
INFO:root:Grid transfered: 0, Local transferred: 0
INFO:root:Energy balance: 3.1605285932337175, Daily cost: 3.1605285932337175
INFO:root:-- Step 7 --
INFO:root:Grid transfered: 0, Local transferred: 0
INFO:root:Energy balance: 0.4272644403914292, Daily cost: 0.4272644403914292
INFO:root:-- Step 8 --
INFO:root:Grid transfered: 0, Local transferred: 0
INFO:root:Energy balance: 7.555236976129741, Daily cost: 7.555236976129741
INFO:root:-- Step 9 --
INFO:root:Grid transfered: 1.0631742798705126, Local transferred: 0
INFO:root:Energy balance: 0, Daily cost: -10.631742798705126
INFO:root:-- Step 10 --
INFO:root:Grid transfered: 0.8814117318858781, Local transferred: 0
INFO:root:Energy balance: 0, Daily cost: -8.81411731885878
INFO:root:-- Step 11 --
INFO:root:Grid transfered: 0, Local transferred: 0
INFO:root:Energy balance: 1.2535774040316952, Daily cost: 1.2535774040316952
INFO:root:-- Step 12 --
INFO:root:Grid transfered: 0, Local transferred: 0
INFO:root:Energy balance: 2.26091926038049, Daily cost: 2.26091926038049
INFO:root:-- Step 13 --
INFO:root:Grid transfered: 6.943680471873302, Local transferred: 0
INFO:root:Energy balance: 0, Daily cost: -69.43680471873301
INFO:root:-- Step 14 --
INFO:root:Grid transfered: 3.828289661492204, Local transferred: 0
INFO:root:Energy balance: 0, Daily cost: -38.28289661492204
INFO:root:-- Step 15 --
INFO:root:Grid transfered: 0, Local transferred: 0
INFO:root:Energy balance: 0.32266550658024684, Daily cost: 0.32266550658024684
INFO:root:-- Step 16 --
INFO:root:Grid transfered: 7.438481205624597, Local transferred: 0
INFO:root:Energy balance: 0, Daily cost: -74.38481205624596
INFO:root:-- Step 17 --
INFO:root:Grid transfered: 1.7064585243300705, Local transferred: 0
INFO:root:Energy balance: 0, Daily cost: -17.064585243300705
INFO:root:-- Step 18 --
INFO:root:Grid transfered: 0.28476374289293993, Local transferred: 0
INFO:root:Energy balance: 0, Daily cost: -2.8476374289293993
INFO:root:-- Step 19 --
INFO:root:Grid transfered: 5.783897623529061, Local transferred: 0
INFO:root:Energy balance: 0, Daily cost: -57.83897623529061
INFO:root:-- Step 20 --
INFO:root:Grid transfered: 0.722697335522156, Local transferred: 0
INFO:root:Energy balance: 0, Daily cost: -7.22697335522156
INFO:root:-- Step 1 --
INFO:root:Grid transfered: 10, Local transferred: 0
INFO:root:Energy balance: 0, Daily cost: -100
INFO:root:-- Step 2 --
INFO:root:Grid transfered: 10, Local transferred: 0
INFO:root:Energy balance: 0, Daily cost: -100
INFO:root:-- Step 3 --
INFO:root:Grid transfered: 10, Local transferred: 0
INFO:root:Energy balance: 0, Daily cost: -100
INFO:root:-- Step 4 --
INFO:root:Grid transfered: 10, Local transferred: 0
INFO:root:Energy balance: 0, Daily cost: -100
INFO:root:-- Step 5 --
INFO:root:Grid transfered: 10, Local transferred: 0
INFO:root:Energy balance: 0, Daily cost: -100
INFO:root:-- Step 6 --
INFO:root:Grid transfered: 10, Local transferred: 0
INFO:root:Energy balance: 0, Daily cost: -100
INFO:root:-- Step 7 --
INFO:root:Grid transfered: 10, Local transferred: 0
INFO:root:Energy balance: 0, Daily cost: -100
INFO:root:-- Step 8 --
INFO:root:Grid transfered: 10, Local transferred: 0
INFO:root:Energy balance: 0, Daily cost: -100
INFO:root:-- Step 9 --
INFO:root:Grid transfered: 10, Local transferred: 0
INFO:root:Energy balance: 0, Daily cost: -100
INFO:root:-- Step 10 --
INFO:root:Grid transfered: 10, Local transferred: 0
INFO:root:Energy balance: 0, Daily cost: -100
INFO:root:-- Step 11 --
INFO:root:Grid transfered: 10, Local transferred: 0
INFO:root:Energy balance: 0, Daily cost: -100
INFO:root:-- Step 12 --
INFO:root:Grid transfered: 10, Local transferred: 0
INFO:root:Energy balance: 0, Daily cost: -100
INFO:root:-- Step 13 --
INFO:root:Grid transfered: 10, Local transferred: 0
INFO:root:Energy balance: 0, Daily cost: -100
INFO:root:-- Step 14 --
INFO:root:Grid transfered: 10, Local transferred: 0
INFO:root:Energy balance: 0, Daily cost: -100
INFO:root:-- Step 15 --
INFO:root:Grid transfered: 10, Local transferred: 0
INFO:root:Energy balance: 0, Daily cost: -100
INFO:root:-- Step 16 --
INFO:root:Grid transfered: 10, Local transferred: 0
INFO:root:Energy balance: 0, Daily cost: -100
INFO:root:-- Step 17 --
INFO:root:Grid transfered: 10, Local transferred: 0
INFO:root:Energy balance: 0, Daily cost: -100
INFO:root:-- Step 18 --
INFO:root:Grid transfered: 10, Local transferred: 0
INFO:root:Energy balance: 0, Daily cost: -100
INFO:root:-- Step 19 --
INFO:root:Grid transfered: 10, Local transferred: 0
INFO:root:Energy balance: 0, Daily cost: -100
INFO:root:-- Step 20 --
INFO:root:Grid transfered: 10, Local transferred: 0
INFO:root:Energy balance: 0, Daily cost: -100
INFO:root:-- Step 1 --
INFO:root:Grid transfered: 0, Local transferred: 0
INFO:root:Energy balance: 0, Daily cost: 2.3464760667409212
INFO:root:-- Step 2 --
INFO:root:Grid transfered: 0, Local transferred: 0
INFO:root:Energy balance: 0, Daily cost: 0.5597607498412707
INFO:root:-- Step 3 --
INFO:root:Grid transfered: 4.407286782360099, Local transferred: 0
INFO:root:Energy balance: 0, Daily cost: -44.072867823600994
INFO:root:-- Step 4 --
INFO:root:Grid transfered: 2.803117722481847, Local transferred: 0.8625689339415405
INFO:root:Energy balance: 0, Daily cost: -31.481452960584633
INFO:root:-- Step 5 --
INFO:root:Grid transfered: 2.312687362658301, Local transferred: 0.04989380778922836
INFO:root:Energy balance: 0, Daily cost: -23.376342665529155
INFO:root:-- Step 6 --
INFO:root:Grid transfered: 0, Local transferred: 0
INFO:root:Energy balance: 0, Daily cost: 3.1605285932337175
INFO:root:-- Step 7 --
INFO:root:Grid transfered: 0, Local transferred: 0
INFO:root:Energy balance: 0, Daily cost: 0.4272644403914292
INFO:root:-- Step 8 --
INFO:root:Grid transfered: 0, Local transferred: 0
INFO:root:Energy balance: 0, Daily cost: 7.555236976129741
INFO:root:-- Step 9 --
INFO:root:Grid transfered: 0, Local transferred: 1.0631742798705126
INFO:root:Energy balance: 0, Daily cost: -1.0631742798705126
INFO:root:-- Step 10 --
INFO:root:Grid transfered: 0.8736277143544147, Local transferred: 0.007784017531463405
INFO:root:Energy balance: 0, Daily cost: -8.775197231201464
INFO:root:-- Step 11 --
INFO:root:Grid transfered: 0, Local transferred: 0
INFO:root:Energy balance: 0, Daily cost: 1.2535774040316952
INFO:root:-- Step 12 --
INFO:root:Grid transfered: 0, Local transferred: 0
INFO:root:Energy balance: 0, Daily cost: 2.26091926038049
INFO:root:-- Step 13 --
INFO:root:Grid transfered: 4.413044719632294, Local transferred: 2.5306357522410075
INFO:root:Energy balance: 0, Daily cost: -54.25299020528698
INFO:root:-- Step 14 --
INFO:root:Grid transfered: 2.684609431581941, Local transferred: 1.143680229910263
INFO:root:Energy balance: 0, Daily cost: -31.29912051544364
INFO:root:-- Step 15 --
INFO:root:Grid transfered: 0, Local transferred: 0
INFO:root:Energy balance: 0, Daily cost: 0.32266550658024684
INFO:root:-- Step 16 --
INFO:root:Grid transfered: 7.03644029995347, Local transferred: 0.40204090567112694
INFO:root:Energy balance: 0, Daily cost: -71.9725666222192
INFO:root:-- Step 17 --
INFO:root:Grid transfered: 0.7735044852974529, Local transferred: 0.9329540390326176
INFO:root:Energy balance: 0, Daily cost: -10.292543519139738
INFO:root:-- Step 18 --
INFO:root:Grid transfered: 0, Local transferred: 0.28476374289293993
INFO:root:Energy balance: 0, Daily cost: -0.28476374289293993
INFO:root:-- Step 19 --
INFO:root:Grid transfered: 2.892201212223915, Local transferred: 2.891696411305146
INFO:root:Energy balance: 0, Daily cost: -32.9629207751652
INFO:root:-- Step 20 --
INFO:root:Grid transfered: 0, Local transferred: 0.722697335522156
INFO:root:Energy balance: 0, Daily cost: -1.445394671044312
WARNING:matplotlib.legend:No artists with labels found to put in legend.  Note that artists whose label start with an underscore are ignored when legend() is called with no argument.
INFO:matplotlib.animation:Animation.save using <class 'matplotlib.animation.HTMLWriter'>
INFO:root:-- Step 1 --
INFO:root:Grid transfered: 10, Local transferred: 0
INFO:root:Energy balance: 0, Daily cost: -100
INFO:root:-- Step 2 --
INFO:root:Grid transfered: 0, Local transferred: 10.0
INFO:root:Energy balance: 0, Daily cost: -3.189628998597435
INFO:root:-- Step 3 --
INFO:root:Grid transfered: 0, Local transferred: 10.0
INFO:root:Energy balance: 0, Daily cost: -0.46100420347706894
INFO:root:-- Step 4 --
INFO:root:Grid transfered: 9.633264997499298, Local transferred: 0.3667350025007021
INFO:root:Energy balance: 0, Daily cost: -97.51998096035346
INFO:root:-- Step 5 --
INFO:root:Grid transfered: 0, Local transferred: 10.0
INFO:root:Energy balance: 0, Daily cost: -10.992184763746586
INFO:root:-- Step 6 --
INFO:root:Grid transfered: 0, Local transferred: 10.0
INFO:root:Energy balance: 0, Daily cost: -0.6746440101287874
INFO:root:-- Step 7 --
INFO:root:Grid transfered: 0, Local transferred: 10.0
INFO:root:Energy balance: 0, Daily cost: -5.631605159705035
INFO:root:-- Step 8 --
INFO:root:Grid transfered: 0, Local transferred: 10.0
INFO:root:Energy balance: 0, Daily cost: -6.281241419416972
INFO:root:-- Step 9 --
INFO:root:Grid transfered: 9.55289846004963, Local transferred: 0.4471015399503706
INFO:root:Energy balance: 0, Daily cost: -96.42318768039704
INFO:root:-- Step 10 --
INFO:root:Grid transfered: 7.629799278162407, Local transferred: 2.370200721837593
INFO:root:Energy balance: 0, Daily cost: -82.37316813433964
INFO:root:-- Step 11 --
INFO:root:Grid transfered: 9.773754787775182, Local transferred: 0.22624521222481775
INFO:root:Energy balance: 0, Daily cost: -97.96379308997663
INFO:root:-- Step 12 --
INFO:root:Grid transfered: 2.8921378959426534, Local transferred: 7.107862104057347
INFO:root:Energy balance: 0, Daily cost: -47.03767996512164
INFO:root:-- Step 13 --
INFO:root:Grid transfered: 8.816860534146713, Local transferred: 1.1831394658532872
INFO:root:Energy balance: 0, Daily cost: -94.08430267073356
INFO:root:-- Step 14 --
INFO:root:Grid transfered: 10, Local transferred: 0
INFO:root:Energy balance: 0, Daily cost: -100
INFO:root:-- Step 15 --
INFO:root:Grid transfered: 2.383704386946375, Local transferred: 7.616295613053625
INFO:root:Energy balance: 0, Daily cost: -37.20652884487108
INFO:root:-- Step 16 --
INFO:root:Grid transfered: 9.605538201290553, Local transferred: 0.39446179870944675
INFO:root:Energy balance: 0, Daily cost: -97.3666148558251
INFO:root:-- Step 17 --
INFO:root:Grid transfered: 10, Local transferred: 0
INFO:root:Energy balance: 0, Daily cost: -100
INFO:root:-- Step 18 --
INFO:root:Grid transfered: 0, Local transferred: 10.0
INFO:root:Energy balance: 0, Daily cost: -1.221215676236902
INFO:root:-- Step 19 --
INFO:root:Grid transfered: 9.65605808908666, Local transferred: 0.34394191091334037
INFO:root:Energy balance: 0, Daily cost: -97.24846471269328
INFO:root:-- Step 20 --
INFO:root:Grid transfered: 10, Local transferred: 0
INFO:root:Energy balance: 0, Daily cost: -100
INFO:root:-- Step 1 --
INFO:root:Grid transfered: 10, Local transferred: 0
INFO:root:Energy balance: 0, Daily cost: -100
INFO:root:-- Step 2 --
INFO:root:Grid transfered: 0.9683649473567488, Local transferred: 9.031635052643251
INFO:root:Energy balance: 0, Daily cost: -41.08143469083545
INFO:root:-- Step 3 --
INFO:root:Grid transfered: 10, Local transferred: 0
INFO:root:Energy balance: 0, Daily cost: -100
INFO:root:-- Step 4 --
INFO:root:Grid transfered: 0, Local transferred: 10.0
INFO:root:Energy balance: 0, Daily cost: -8.886275396427997
INFO:root:-- Step 5 --
INFO:root:Grid transfered: 0, Local transferred: 10.0
INFO:root:Energy balance: 0, Daily cost: -4.999189808115538
INFO:root:-- Step 6 --
INFO:root:Grid transfered: 8.640515875348672, Local transferred: 1.3594841246513276
INFO:root:Energy balance: 0, Daily cost: -89.12412700278938
INFO:root:-- Step 7 --
INFO:root:Grid transfered: 0, Local transferred: 10.0
INFO:root:Energy balance: 0, Daily cost: -6.2545112926153745
INFO:root:-- Step 8 --
INFO:root:Grid transfered: 0, Local transferred: 10.0
INFO:root:Energy balance: 0, Daily cost: -6.226465840589043
INFO:root:-- Step 9 --
INFO:root:Grid transfered: 0, Local transferred: 10.0
INFO:root:Energy balance: 0, Daily cost: -6.325069374874154
INFO:root:-- Step 10 --
INFO:root:Grid transfered: 6.8829120106193145, Local transferred: 3.1170879893806855
INFO:root:Energy balance: 0, Daily cost: -84.19108371903907
INFO:root:-- Step 11 --
INFO:root:Grid transfered: 8.28032724585345, Local transferred: 1.7196727541465506
INFO:root:Energy balance: 0, Daily cost: -90.28167458725387
INFO:root:-- Step 12 --
INFO:root:Grid transfered: 10, Local transferred: 0
INFO:root:Energy balance: 0, Daily cost: -100
INFO:root:-- Step 13 --
INFO:root:Grid transfered: 10, Local transferred: 0
INFO:root:Energy balance: 0, Daily cost: -100
INFO:root:-- Step 14 --
INFO:root:Grid transfered: 8.66253123087706, Local transferred: 1.3374687691229408
INFO:root:Energy balance: 0, Daily cost: -90.17024954506263
INFO:root:-- Step 15 --
INFO:root:Grid transfered: 0, Local transferred: 10.0
INFO:root:Energy balance: 0, Daily cost: -2.3989566608969852
INFO:root:-- Step 16 --
INFO:root:Grid transfered: 10, Local transferred: 0
INFO:root:Energy balance: 0, Daily cost: -100
INFO:root:-- Step 17 --
INFO:root:Grid transfered: 0, Local transferred: 10.0
INFO:root:Energy balance: 0, Daily cost: -0.6989588196785235
INFO:root:-- Step 18 --
INFO:root:Grid transfered: 0, Local transferred: 10.0
INFO:root:Energy balance: 0, Daily cost: -5.416102068444166
INFO:root:-- Step 19 --
INFO:root:Grid transfered: 0, Local transferred: 10.0
INFO:root:Energy balance: 0, Daily cost: -9.168308200762695
INFO:root:-- Step 20 --
INFO:root:Grid transfered: 0, Local transferred: 10.0
INFO:root:Energy balance: 0, Daily cost: -2.228781696171991
WARNING:matplotlib.legend:No artists with labels found to put in legend.  Note that artists whose label start with an underscore are ignored when legend() is called with no argument.
WARNING:matplotlib.legend:No artists with labels found to put in legend.  Note that artists whose label start with an underscore are ignored when legend() is called with no argument.
INFO:matplotlib.animation:Animation.save using <class 'matplotlib.animation.HTMLWriter'>
INFO:root:-- Step 1 --
INFO:root:Grid transfered: 0, Local transferred: 10.0
INFO:root:Energy balance: 0, Daily cost: -6.171772158844412
INFO:root:-- Step 2 --
INFO:root:Grid transfered: 4.183584416308356, Local transferred: 5.816415583691644
INFO:root:Energy balance: 0, Daily cost: -70.91792208154178
INFO:root:-- Step 3 --
INFO:root:Grid transfered: 0, Local transferred: 10.0
INFO:root:Energy balance: 0, Daily cost: -13.06066075714238
INFO:root:-- Step 4 --
INFO:root:Grid transfered: 10, Local transferred: 0
INFO:root:Energy balance: 0, Daily cost: -100
INFO:root:-- Step 5 --
INFO:root:Grid transfered: 0, Local transferred: 10.0
INFO:root:Energy balance: 0, Daily cost: -4.6031274004693135
INFO:root:-- Step 6 --
INFO:root:Grid transfered: 0, Local transferred: 10.0
INFO:root:Energy balance: 0, Daily cost: -0.9684565580468458
INFO:root:-- Step 7 --
INFO:root:Grid transfered: 5.058923095206209, Local transferred: 4.941076904793791
INFO:root:Energy balance: 0, Daily cost: -62.036058728300006
INFO:root:-- Step 8 --
INFO:root:Grid transfered: 0, Local transferred: 10.0
INFO:root:Energy balance: 0, Daily cost: -10.863740450615694
INFO:root:-- Step 9 --
INFO:root:Grid transfered: 7.097131858952899, Local transferred: 2.902868141047101
INFO:root:Energy balance: 0, Daily cost: -82.95498044686244
INFO:root:-- Step 10 --
INFO:root:Grid transfered: 8.666250141226158, Local transferred: 1.3337498587738423
INFO:root:Energy balance: 0, Daily cost: -93.33125070613079
INFO:root:-- Step 11 --
INFO:root:Grid transfered: 0, Local transferred: 10.0
INFO:root:Energy balance: 0, Daily cost: -1.9553645162964628
INFO:root:-- Step 12 --
INFO:root:Grid transfered: 0, Local transferred: 10.0
INFO:root:Energy balance: 0, Daily cost: -0.3077578780715342
INFO:root:-- Step 13 --
INFO:root:Grid transfered: 0, Local transferred: 10.0
INFO:root:Energy balance: 0, Daily cost: -2.808571453104495
INFO:root:-- Step 14 --
INFO:root:Grid transfered: 0, Local transferred: 10.0
INFO:root:Energy balance: 0, Daily cost: -1.8536940732991436
INFO:root:-- Step 15 --
INFO:root:Grid transfered: 10, Local transferred: 0
INFO:root:Energy balance: 0, Daily cost: -100
INFO:root:-- Step 16 --
INFO:root:Grid transfered: 8.082249889640444, Local transferred: 1.917750110359556
INFO:root:Energy balance: 0, Daily cost: -90.41124944820223
INFO:root:-- Step 17 --
INFO:root:Grid transfered: 10, Local transferred: 0
INFO:root:Energy balance: 0, Daily cost: -100
INFO:root:-- Step 18 --
INFO:root:Grid transfered: 9.1161238130895, Local transferred: 0.8838761869105003
INFO:root:Energy balance: 0, Daily cost: -95.58061906544751
INFO:root:-- Step 19 --
INFO:root:Grid transfered: 0, Local transferred: 10.0
INFO:root:Energy balance: 0, Daily cost: -5.51943738731682
INFO:root:-- Step 20 --
INFO:root:Grid transfered: 9.285785628168227, Local transferred: 0.7142143718317726
INFO:root:Energy balance: 0, Daily cost: -94.28628502534582
INFO:root:-- Step 1 --
INFO:root:Grid transfered: 0, Local transferred: 0
INFO:root:Energy balance: 0, Daily cost: 2.3464760667409212
INFO:root:-- Step 2 --
INFO:root:Grid transfered: 0, Local transferred: 0
INFO:root:Energy balance: 0, Daily cost: 0.5597607498412707
INFO:root:-- Step 3 --
INFO:root:Grid transfered: 4.407286782360099, Local transferred: 0
INFO:root:Energy balance: 0, Daily cost: -44.072867823600994
INFO:root:-- Step 4 --
INFO:root:Grid transfered: 2.803117722481847, Local transferred: 0.8625689339415405
INFO:root:Energy balance: 0, Daily cost: -31.481452960584633
INFO:root:-- Step 5 --
INFO:root:Grid transfered: 2.312687362658301, Local transferred: 0.04989380778922836
INFO:root:Energy balance: 0, Daily cost: -23.376342665529155
INFO:root:-- Step 6 --
INFO:root:Grid transfered: 0, Local transferred: 0
INFO:root:Energy balance: 0, Daily cost: 3.1605285932337175
INFO:root:-- Step 7 --
INFO:root:Grid transfered: 0, Local transferred: 0
INFO:root:Energy balance: 0, Daily cost: 0.4272644403914292
INFO:root:-- Step 8 --
INFO:root:Grid transfered: 0, Local transferred: 0
INFO:root:Energy balance: 0, Daily cost: 7.555236976129741
INFO:root:-- Step 9 --
INFO:root:Grid transfered: 0, Local transferred: 1.0631742798705126
INFO:root:Energy balance: 0, Daily cost: -1.0631742798705126
INFO:root:-- Step 10 --
INFO:root:Grid transfered: 0.8736277143544147, Local transferred: 0.007784017531463405
INFO:root:Energy balance: 0, Daily cost: -8.775197231201464
INFO:root:-- Step 11 --
INFO:root:Grid transfered: 0, Local transferred: 0
INFO:root:Energy balance: 0, Daily cost: 1.2535774040316952
INFO:root:-- Step 12 --
INFO:root:Grid transfered: 0, Local transferred: 0
INFO:root:Energy balance: 0, Daily cost: 2.26091926038049
INFO:root:-- Step 13 --
INFO:root:Grid transfered: 4.413044719632294, Local transferred: 2.5306357522410075
INFO:root:Energy balance: 0, Daily cost: -54.25299020528698
INFO:root:-- Step 14 --
INFO:root:Grid transfered: 2.684609431581941, Local transferred: 1.143680229910263
INFO:root:Energy balance: 0, Daily cost: -31.29912051544364
INFO:root:-- Step 15 --
INFO:root:Grid transfered: 0, Local transferred: 0
INFO:root:Energy balance: 0, Daily cost: 0.32266550658024684
INFO:root:-- Step 16 --
INFO:root:Grid transfered: 7.03644029995347, Local transferred: 0.40204090567112694
INFO:root:Energy balance: 0, Daily cost: -71.9725666222192
INFO:root:-- Step 17 --
INFO:root:Grid transfered: 0.7735044852974529, Local transferred: 0.9329540390326176
INFO:root:Energy balance: 0, Daily cost: -10.292543519139738
INFO:root:-- Step 18 --
INFO:root:Grid transfered: 0, Local transferred: 0.28476374289293993
INFO:root:Energy balance: 0, Daily cost: -0.28476374289293993
INFO:root:-- Step 19 --
INFO:root:Grid transfered: 2.892201212223915, Local transferred: 2.891696411305146
INFO:root:Energy balance: 0, Daily cost: -32.9629207751652
INFO:root:-- Step 20 --
INFO:root:Grid transfered: 0, Local transferred: 0.722697335522156
INFO:root:Energy balance: 0, Daily cost: -1.445394671044312
WARNING:matplotlib.legend:No artists with labels found to put in legend.  Note that artists whose label start with an underscore are ignored when legend() is called with no argument.
WARNING:matplotlib.legend:No artists with labels found to put in legend.  Note that artists whose label start with an underscore are ignored when legend() is called with no argument.
WARNING:matplotlib.legend:No artists with labels found to put in legend.  Note that artists whose label start with an underscore are ignored when legend() is called with no argument.
INFO:root:-- Step 1 --
INFO:root:Grid transfered: 9.194550721254119, Local transferred: 0.8054492787458809
INFO:root:Energy balance: 0, Daily cost: -95.97275360627059
INFO:root:-- Step 2 --
INFO:root:Grid transfered: 10, Local transferred: 0
INFO:root:Energy balance: 0, Daily cost: -100
INFO:root:-- Step 3 --
INFO:root:Grid transfered: 0, Local transferred: 10.0
INFO:root:Energy balance: 0, Daily cost: -4.699100009749074
INFO:root:-- Step 4 --
INFO:root:Grid transfered: 9.91941579787639, Local transferred: 0.08058420212361028
INFO:root:Energy balance: 0, Daily cost: -99.59707898938194
INFO:root:-- Step 5 --
INFO:root:Grid transfered: 7.990134344608494, Local transferred: 2.009865655391506
INFO:root:Energy balance: 0, Daily cost: -87.65077929905411
INFO:root:-- Step 6 --
INFO:root:Grid transfered: 0, Local transferred: 10.0
INFO:root:Energy balance: 0, Daily cost: -1.4139924277700544
INFO:root:-- Step 7 --
INFO:root:Grid transfered: 0, Local transferred: 10.0
INFO:root:Energy balance: 0, Daily cost: -3.291038038699119
INFO:root:-- Step 8 --
INFO:root:Grid transfered: 10, Local transferred: 0
INFO:root:Energy balance: 0, Daily cost: -100
INFO:root:-- Step 9 --
INFO:root:Grid transfered: 0, Local transferred: 10.0
INFO:root:Energy balance: 0, Daily cost: -17.628196346301685
INFO:root:-- Step 10 --
INFO:root:Grid transfered: 9.240528911673858, Local transferred: 0.7594710883261424
INFO:root:Energy balance: 0, Daily cost: -94.21886127544136
INFO:root:-- Step 11 --
INFO:root:Grid transfered: 7.890790598059226, Local transferred: 2.109209401940774
INFO:root:Energy balance: 0, Daily cost: -87.34474358835536
INFO:root:-- Step 12 --
INFO:root:Grid transfered: 0, Local transferred: 10.0
INFO:root:Energy balance: 0, Daily cost: -6.867837863092943
INFO:root:-- Step 13 --
INFO:root:Grid transfered: 10, Local transferred: 0
INFO:root:Energy balance: 0, Daily cost: -100
INFO:root:-- Step 14 --
INFO:root:Grid transfered: 7.044001299773157, Local transferred: 2.955998700226843
INFO:root:Energy balance: 0, Daily cost: -80.41841529364413
INFO:root:-- Step 15 --
INFO:root:Grid transfered: 10, Local transferred: 0
INFO:root:Energy balance: 0, Daily cost: -100
INFO:root:-- Step 16 --
INFO:root:Grid transfered: 10, Local transferred: 0
INFO:root:Energy balance: 0, Daily cost: -100
INFO:root:-- Step 17 --
INFO:root:Grid transfered: 8.976826400703011, Local transferred: 1.0231735992969888
INFO:root:Energy balance: 0, Daily cost: -94.43539316918566
INFO:root:-- Step 18 --
INFO:root:Grid transfered: 0, Local transferred: 10.0
INFO:root:Energy balance: 0, Daily cost: -4.173820864311942
INFO:root:-- Step 19 --
INFO:root:Grid transfered: 9.525408109313696, Local transferred: 0.4745918906863036
INFO:root:Energy balance: 0, Daily cost: -97.15244865588218
INFO:root:-- Step 20 --
INFO:root:Grid transfered: 0, Local transferred: 10.0
INFO:root:Energy balance: 0, Daily cost: -5.413909600889912
WARNING:matplotlib.legend:No artists with labels found to put in legend.  Note that artists whose label start with an underscore are ignored when legend() is called with no argument.
INFO:matplotlib.animation:Animation.save using <class 'matplotlib.animation.HTMLWriter'>
INFO:root:-- Step 1 --
INFO:root:Grid transfered: 10, Local transferred: 0
INFO:root:Energy balance: 0, Daily cost: -100
INFO:root:-- Step 2 --
INFO:root:Grid transfered: 8.709188167206046, Local transferred: 1.2908118327939544
INFO:root:Energy balance: 0, Daily cost: -90.96431717044231
INFO:root:-- Step 3 --
INFO:root:Grid transfered: 8.05275436608695, Local transferred: 1.9472456339130506
INFO:root:Energy balance: 0, Daily cost: -85.38750968244364
INFO:root:-- Step 4 --
INFO:root:Grid transfered: 0, Local transferred: 10.0
INFO:root:Energy balance: 0, Daily cost: -2.7927019265028292
INFO:root:-- Step 5 --
INFO:root:Grid transfered: 0, Local transferred: 10.0
INFO:root:Energy balance: 0, Daily cost: -6.041133959602101
INFO:root:-- Step 6 --
INFO:root:Grid transfered: 10, Local transferred: 0
INFO:root:Energy balance: 0, Daily cost: -100
INFO:root:-- Step 7 --
INFO:root:Grid transfered: 0, Local transferred: 10.0
INFO:root:Energy balance: 0, Daily cost: -2.9898031928352324
INFO:root:-- Step 8 --
INFO:root:Grid transfered: 0, Local transferred: 10.0
INFO:root:Energy balance: 0, Daily cost: -1.1525507769404868
INFO:root:-- Step 9 --
INFO:root:Grid transfered: 10, Local transferred: 0
INFO:root:Energy balance: 0, Daily cost: -100
INFO:root:-- Step 10 --
INFO:root:Grid transfered: 0, Local transferred: 10.0
INFO:root:Energy balance: 0, Daily cost: -2.6456742430628886
INFO:root:-- Step 11 --
INFO:root:Grid transfered: 0, Local transferred: 10.0
INFO:root:Energy balance: 0, Daily cost: -4.460754591200466
INFO:root:-- Step 12 --
INFO:root:Grid transfered: 0, Local transferred: 10.0
INFO:root:Energy balance: 0, Daily cost: -1.6208597812255867
INFO:root:-- Step 13 --
INFO:root:Grid transfered: 10, Local transferred: 0
INFO:root:Energy balance: 0, Daily cost: -100
INFO:root:-- Step 14 --
INFO:root:Grid transfered: 10, Local transferred: 0
INFO:root:Energy balance: 0, Daily cost: -100
INFO:root:-- Step 15 --
INFO:root:Grid transfered: 9.260391435141205, Local transferred: 0.7396085648587949
INFO:root:Energy balance: 0, Daily cost: -96.30195717570602
INFO:root:-- Step 16 --
INFO:root:Grid transfered: 0, Local transferred: 10.0
INFO:root:Energy balance: 0, Daily cost: -1.403957468986178
INFO:root:-- Step 17 --
INFO:root:Grid transfered: 9.031313944682593, Local transferred: 0.9686860553174075
INFO:root:Energy balance: 0, Daily cost: -93.29680422397635
INFO:root:-- Step 18 --
INFO:root:Grid transfered: 8.985864740511515, Local transferred: 1.0141352594884854
INFO:root:Energy balance: 0, Daily cost: -93.71757568967946
INFO:root:-- Step 19 --
INFO:root:Grid transfered: 0, Local transferred: 10.0
INFO:root:Energy balance: 0, Daily cost: -9.42252916569987
INFO:root:-- Step 20 --
INFO:root:Grid transfered: 0, Local transferred: 10.0
INFO:root:Energy balance: 0, Daily cost: -6.019538587959143
INFO:root:-- Step 1 --
INFO:root:Grid transfered: 0, Local transferred: 10.0
INFO:root:Energy balance: 0, Daily cost: -3.012599893927856
INFO:root:-- Step 2 --
INFO:root:Grid transfered: 0, Local transferred: 10.0
INFO:root:Energy balance: 0, Daily cost: -4.450713556941768
INFO:root:-- Step 3 --
INFO:root:Grid transfered: 10, Local transferred: 0
INFO:root:Energy balance: 0, Daily cost: -100
INFO:root:-- Step 4 --
INFO:root:Grid transfered: 0, Local transferred: 10.0
INFO:root:Energy balance: 0, Daily cost: -4.153098723033239
INFO:root:-- Step 5 --
INFO:root:Grid transfered: 0, Local transferred: 10.0
INFO:root:Energy balance: 0, Daily cost: -0.43920913099314873
INFO:root:-- Step 6 --
INFO:root:Grid transfered: 0, Local transferred: 10.0
INFO:root:Energy balance: 0, Daily cost: -4.3816775340698815
INFO:root:-- Step 7 --
INFO:root:Grid transfered: 2.962190128764325, Local transferred: 7.037809871235675
INFO:root:Energy balance: 0, Daily cost: -46.014377261362114
INFO:root:-- Step 8 --
INFO:root:Grid transfered: 9.143981602656492, Local transferred: 0.856018397343508
INFO:root:Energy balance: 0, Daily cost: -93.00951655016927
INFO:root:-- Step 9 --
INFO:root:Grid transfered: 9.2117885414785, Local transferred: 0.7882114585215003
INFO:root:Energy balance: 0, Daily cost: -94.31527641219775
INFO:root:-- Step 10 --
INFO:root:Grid transfered: 0, Local transferred: 10.0
INFO:root:Energy balance: 0, Daily cost: -3.8551644462241583
INFO:root:-- Step 11 --
INFO:root:Grid transfered: 0, Local transferred: 10.0
INFO:root:Energy balance: 0, Daily cost: -6.574431268822146
INFO:root:-- Step 12 --
INFO:root:Grid transfered: 0, Local transferred: 10.0
INFO:root:Energy balance: 0, Daily cost: -9.010855301544812
INFO:root:-- Step 13 --
INFO:root:Grid transfered: 7.617632617237174, Local transferred: 2.3823673827628262
INFO:root:Energy balance: 0, Daily cost: -87.74311097237866
INFO:root:-- Step 14 --
INFO:root:Grid transfered: 0, Local transferred: 10.0
INFO:root:Energy balance: 0, Daily cost: -1.7834837360635234
INFO:root:-- Step 15 --
INFO:root:Grid transfered: 8.727492058779003, Local transferred: 1.2725079412209972
INFO:root:Energy balance: 0, Daily cost: -89.81993647023202
INFO:root:-- Step 16 --
INFO:root:Grid transfered: 10, Local transferred: 0
INFO:root:Energy balance: 0, Daily cost: -100
INFO:root:-- Step 17 --
INFO:root:Grid transfered: 10, Local transferred: 0
INFO:root:Energy balance: 0, Daily cost: -100
INFO:root:-- Step 18 --
INFO:root:Grid transfered: 8.082249889640444, Local transferred: 1.917750110359556
INFO:root:Energy balance: 0, Daily cost: -82.740249006764
INFO:root:-- Step 19 --
INFO:root:Grid transfered: 0, Local transferred: 10.0
INFO:root:Energy balance: 0, Daily cost: -0.9924527189420829
INFO:root:-- Step 20 --
INFO:root:Grid transfered: 9.1161238130895, Local transferred: 0.8838761869105003
INFO:root:Energy balance: 0, Daily cost: -93.8128666916265
INFO:matplotlib.animation:Animation.save using <class 'matplotlib.animation.HTMLWriter'>
INFO:root:-- Step 1 --
INFO:root:Grid transfered: 0, Local transferred: 10.0
INFO:root:Energy balance: 0, Daily cost: -4.493822668573507
INFO:root:-- Step 2 --
INFO:root:Grid transfered: 0, Local transferred: 10.0
INFO:root:Energy balance: 0, Daily cost: -5.687748446379395
INFO:root:-- Step 3 --
INFO:root:Grid transfered: 0, Local transferred: 10.0
INFO:root:Energy balance: 0, Daily cost: -4.533069114436941
INFO:root:-- Step 4 --
INFO:root:Grid transfered: 0, Local transferred: 10.0
INFO:root:Energy balance: 0, Daily cost: -4.052681127531471
INFO:root:-- Step 5 --
INFO:root:Grid transfered: 0, Local transferred: 10.0
INFO:root:Energy balance: 0, Daily cost: -3.0709831323754706
INFO:root:-- Step 6 --
INFO:root:Grid transfered: 8.64303712721448, Local transferred: 1.3569628727855196
INFO:root:Energy balance: 0, Daily cost: -91.85822276328689
INFO:root:-- Step 7 --
INFO:root:Grid transfered: 0, Local transferred: 10.0
INFO:root:Energy balance: 0, Daily cost: -1.4982747187266376
INFO:root:-- Step 8 --
INFO:root:Grid transfered: 0, Local transferred: 10.0
INFO:root:Energy balance: 0, Daily cost: -3.2340001961592524
INFO:root:-- Step 9 --
INFO:root:Grid transfered: 0, Local transferred: 10.0
INFO:root:Energy balance: 0, Daily cost: -7.7542931301309395
INFO:root:-- Step 10 --
INFO:root:Grid transfered: 9.655845315623631, Local transferred: 0.34415468437636854
INFO:root:Energy balance: 0, Daily cost: -97.59091720936541
INFO:root:-- Step 11 --
INFO:root:Grid transfered: 8.133761034513736, Local transferred: 1.8662389654862643
INFO:root:Energy balance: 0, Daily cost: -84.57408326945425
INFO:root:-- Step 12 --
INFO:root:Grid transfered: 7.569012632930782, Local transferred: 2.4309873670692177
INFO:root:Energy balance: 0, Daily cost: -86.0362842511637
INFO:root:-- Step 13 --
INFO:root:Grid transfered: 0, Local transferred: 10.0
INFO:root:Energy balance: 0, Daily cost: -3.4572432167372718
INFO:root:-- Step 14 --
INFO:root:Grid transfered: 0, Local transferred: 10.0
INFO:root:Energy balance: 0, Daily cost: -6.026483984019832
INFO:root:-- Step 15 --
INFO:root:Grid transfered: 0, Local transferred: 10.0
INFO:root:Energy balance: 0, Daily cost: -0.889905737175507
INFO:root:-- Step 16 --
INFO:root:Grid transfered: 0, Local transferred: 10.0
INFO:root:Energy balance: 0, Daily cost: -0.18465823608610776
INFO:root:-- Step 17 --
INFO:root:Grid transfered: 10, Local transferred: 0
INFO:root:Energy balance: 0, Daily cost: -100
INFO:root:-- Step 18 --
INFO:root:Grid transfered: 0, Local transferred: 10.0
INFO:root:Energy balance: 0, Daily cost: -1.1092243775562967
INFO:root:-- Step 19 --
INFO:root:Grid transfered: 10, Local transferred: 0
INFO:root:Energy balance: 0, Daily cost: -100
INFO:root:-- Step 20 --
INFO:root:Grid transfered: 0, Local transferred: 10.0
INFO:root:Energy balance: 0, Daily cost: -1.0512622364850586
INFO:root:-- Step 1 --
INFO:root:Grid transfered: 0, Local transferred: 0
INFO:root:Energy balance: 0, Daily cost: 0.19267316901357212
INFO:root:-- Step 2 --
INFO:root:Grid transfered: 0, Local transferred: 2.8498309418955827
INFO:root:Energy balance: 0, Daily cost: -2.377748364368106
INFO:root:-- Step 3 --
INFO:root:Grid transfered: 0, Local transferred: 0
INFO:root:Energy balance: 0, Daily cost: 2.961968266573619
INFO:root:-- Step 4 --
INFO:root:Grid transfered: 0, Local transferred: 0
INFO:root:Energy balance: 0, Daily cost: 4.644683819968506
INFO:root:-- Step 5 --
INFO:root:Grid transfered: 0, Local transferred: 0.8574545812035783
INFO:root:Energy balance: 0, Daily cost: -9.756407417305553
INFO:root:-- Step 6 --
INFO:root:Grid transfered: 0, Local transferred: 0
INFO:root:Energy balance: 0, Daily cost: 1.8280336493105551
INFO:root:-- Step 7 --
INFO:root:Grid transfered: 0, Local transferred: 5.140714539568659
INFO:root:Energy balance: 0, Daily cost: -7.733520579822336
INFO:root:-- Step 8 --
INFO:root:Grid transfered: 0, Local transferred: 1.93470948529235
INFO:root:Energy balance: 0, Daily cost: -13.54296639704645
INFO:root:-- Step 9 --
INFO:root:Grid transfered: 0, Local transferred: 4.076196140086678
INFO:root:Energy balance: 0, Daily cost: -0.45391999306249886
INFO:root:-- Step 10 --
INFO:root:Grid transfered: 0, Local transferred: 0
INFO:root:Energy balance: 0, Daily cost: 0.926626027042234
INFO:root:-- Step 11 --
INFO:root:Grid transfered: 0, Local transferred: 0
INFO:root:Energy balance: 0, Daily cost: 0.6533933739489761
INFO:root:-- Step 12 --
INFO:root:Grid transfered: 0, Local transferred: 0.13842571540987514
INFO:root:Energy balance: 0, Daily cost: -0.8305542924592508
INFO:root:-- Step 13 --
INFO:root:Grid transfered: 0, Local transferred: 0
INFO:root:Energy balance: 0, Daily cost: 3.7333153067513933
INFO:root:-- Step 14 --
INFO:root:Grid transfered: 0, Local transferred: 0
INFO:root:Energy balance: 0, Daily cost: 1.6826756919828583
INFO:root:-- Step 15 --
INFO:root:Grid transfered: 0, Local transferred: 2.1014695890145676
INFO:root:Energy balance: 0, Daily cost: -0.1511045952044281
INFO:root:-- Step 16 --
INFO:root:Grid transfered: 0, Local transferred: 0.4063907482358715
INFO:root:Energy balance: 0, Daily cost: -2.8447352376511006
INFO:root:-- Step 17 --
INFO:root:Grid transfered: 0, Local transferred: 0
INFO:root:Energy balance: 0, Daily cost: 1.8564618790811878
INFO:root:-- Step 18 --
INFO:root:Grid transfered: 0, Local transferred: 1.2663915748746586
INFO:root:Energy balance: 0, Daily cost: -4.4676108860984876
INFO:root:-- Step 19 --
INFO:root:Grid transfered: 0, Local transferred: 0
INFO:root:Energy balance: 0, Daily cost: 3.9891245040129846
INFO:root:-- Step 20 --
INFO:root:Grid transfered: 0, Local transferred: 0.01731478007548759
INFO:root:Energy balance: 0, Daily cost: -0.05194434022646277
INFO:root:-- Step 21 --
INFO:root:Grid transfered: 0, Local transferred: 0
INFO:root:Energy balance: 0, Daily cost: 0.4227294185347308
INFO:root:-- Step 22 --
INFO:root:Grid transfered: 0, Local transferred: 1.0910923321928507
INFO:root:Energy balance: 0, Daily cost: -0.682765171570523
INFO:root:-- Step 23 --
INFO:root:Grid transfered: 0, Local transferred: 0
INFO:root:Energy balance: 0, Daily cost: 4.250918845610375
INFO:root:-- Step 24 --
INFO:root:Grid transfered: 0, Local transferred: 0
INFO:root:Energy balance: 0, Daily cost: 0.35271543950041817
INFO:root:-- Step 25 --
INFO:root:Grid transfered: 0, Local transferred: 0
INFO:root:Energy balance: 0, Daily cost: 3.6166112185240884
INFO:root:-- Step 26 --
INFO:root:Grid transfered: 0, Local transferred: 0
INFO:root:Energy balance: 0, Daily cost: 2.073913485281082
INFO:root:-- Step 27 --
INFO:root:Grid transfered: 0, Local transferred: 5.2289108452156094
INFO:root:Energy balance: 0, Daily cost: -14.499099183254884
INFO:root:-- Step 28 --
INFO:root:Grid transfered: 0, Local transferred: 0
INFO:root:Energy balance: 0, Daily cost: 0.7255327505014169
WARNING:matplotlib.legend:No artists with labels found to put in legend.  Note that artists whose label start with an underscore are ignored when legend() is called with no argument.
INFO:matplotlib.animation:Animation.save using <class 'matplotlib.animation.HTMLWriter'>
INFO:root:-- Step 1 --
INFO:root:Grid transfered: 0, Local transferred: 0
INFO:root:Energy balance: 0, Daily cost: 5.797829406603615
INFO:root:-- Step 2 --
INFO:root:Grid transfered: 0, Local transferred: 0
INFO:root:Energy balance: 0, Daily cost: 2.2773766584814137
INFO:root:-- Step 3 --
INFO:root:Grid transfered: 0, Local transferred: 0
INFO:root:Energy balance: 0, Daily cost: 1.402942186826813
INFO:root:-- Step 4 --
INFO:root:Grid transfered: 0, Local transferred: 0
INFO:root:Energy balance: 0, Daily cost: 3.0982255582178553
INFO:root:-- Step 5 --
INFO:root:Grid transfered: 0, Local transferred: 0
INFO:root:Energy balance: 0, Daily cost: 0.044384319265043715
INFO:root:-- Step 6 --
INFO:root:Grid transfered: 0, Local transferred: 3.913541337252144
INFO:root:Energy balance: 0, Daily cost: -5.033048593840137
INFO:root:-- Step 7 --
INFO:root:Grid transfered: 0, Local transferred: 0
INFO:root:Energy balance: 0, Daily cost: 0.7596160847029587
INFO:root:-- Step 8 --
INFO:root:Grid transfered: 0, Local transferred: 0
INFO:root:Energy balance: 0, Daily cost: 1.6670967589354628
INFO:root:-- Step 9 --
INFO:root:Grid transfered: 0, Local transferred: 0
INFO:root:Energy balance: 0, Daily cost: 2.2436533573999657
INFO:root:-- Step 10 --
INFO:root:Grid transfered: 0, Local transferred: 0
INFO:root:Energy balance: 0, Daily cost: 5.454571025865915
INFO:root:-- Step 11 --
INFO:root:Grid transfered: 0, Local transferred: 0
INFO:root:Energy balance: 0, Daily cost: 0.27719330231651185
INFO:root:-- Step 12 --
INFO:root:Grid transfered: 0, Local transferred: 3.157359121215489
INFO:root:Energy balance: 0, Daily cost: -2.907379187575062
INFO:root:-- Step 13 --
INFO:root:Grid transfered: 0, Local transferred: 0
INFO:root:Energy balance: 0, Daily cost: 2.4994033239770985
INFO:root:-- Step 14 --
INFO:root:Grid transfered: 0, Local transferred: 0
INFO:root:Energy balance: 0, Daily cost: 3.1277026125592577
INFO:root:-- Step 15 --
INFO:root:Grid transfered: 0, Local transferred: 0.6568101240674817
INFO:root:Energy balance: 0, Daily cost: -0.6568101240674817
INFO:root:-- Step 16 --
INFO:root:Grid transfered: 0, Local transferred: 2.5166483750496447
INFO:root:Energy balance: 0, Daily cost: -9.466623933269386
INFO:root:-- Step 17 --
INFO:root:Grid transfered: 0, Local transferred: 4.235788003226953
INFO:root:Energy balance: 0, Daily cost: -5.043996260848791
INFO:root:-- Step 18 --
INFO:root:Grid transfered: 0, Local transferred: 0
INFO:root:Energy balance: 0, Daily cost: 0.3382903878480725
INFO:root:-- Step 19 --
INFO:root:Grid transfered: 0, Local transferred: 4.1686805860845055
INFO:root:Energy balance: 0, Daily cost: -3.770326794003976
INFO:root:-- Step 20 --
INFO:root:Grid transfered: 0, Local transferred: 0
INFO:root:Energy balance: 0, Daily cost: 0.17155472109944725
INFO:root:-- Step 21 --
INFO:root:Grid transfered: 0, Local transferred: 0
INFO:root:Energy balance: 0, Daily cost: 1.6565183146414224
INFO:root:-- Step 22 --
INFO:root:Grid transfered: 0, Local transferred: 0
INFO:root:Energy balance: 0, Daily cost: 4.053729878680734
INFO:root:-- Step 23 --
INFO:root:Grid transfered: 0, Local transferred: 2.402278781086734
INFO:root:Energy balance: 0, Daily cost: -1.0001401856562353
INFO:root:-- Step 24 --
INFO:root:Grid transfered: 0, Local transferred: 0
INFO:root:Energy balance: 0, Daily cost: 0.04804650414639866
INFO:root:-- Step 25 --
INFO:root:Grid transfered: 0, Local transferred: 0
INFO:root:Energy balance: 0, Daily cost: 2.929383159994652
INFO:root:-- Step 26 --
INFO:root:Grid transfered: 0, Local transferred: 1.098302910556047
INFO:root:Energy balance: 0, Daily cost: -2.5512315432353816
INFO:root:-- Step 27 --
INFO:root:Grid transfered: 0, Local transferred: 0
INFO:root:Energy balance: 0, Daily cost: 0.18414510855639854
INFO:root:-- Step 28 --
INFO:root:Grid transfered: 0, Local transferred: 1.0308253824952018
INFO:root:Energy balance: 0, Daily cost: -2.1208372126387296
INFO:root:-- Step 1 --
INFO:root:Grid transfered: 0, Local transferred: 2.4072404693838276
INFO:root:Energy balance: 0, Daily cost: -5.831088500833772
INFO:root:-- Step 2 --
INFO:root:Grid transfered: 0, Local transferred: 0
INFO:root:Energy balance: 0, Daily cost: 1.040476337408185
INFO:root:-- Step 3 --
INFO:root:Grid transfered: 0, Local transferred: 0
INFO:root:Energy balance: 0, Daily cost: 0.7560925961924685
INFO:root:-- Step 4 --
INFO:root:Grid transfered: 0, Local transferred: 0
INFO:root:Energy balance: 0, Daily cost: 0.027767166077294902
INFO:root:-- Step 5 --
INFO:root:Grid transfered: 0, Local transferred: 0
INFO:root:Energy balance: 0, Daily cost: 1.8001137027340697
INFO:root:-- Step 6 --
INFO:root:Grid transfered: 0, Local transferred: 0
INFO:root:Energy balance: 0, Daily cost: 1.5214865037101841
INFO:root:-- Step 7 --
INFO:root:Grid transfered: 0, Local transferred: 0
INFO:root:Energy balance: 0, Daily cost: 3.2720838939684285
INFO:root:-- Step 1 --
INFO:root:Grid transfered: 0, Local transferred: 0
INFO:root:Energy balance: 0, Daily cost: 4.19547259353342
INFO:root:-- Step 2 --
INFO:root:Grid transfered: 0, Local transferred: 0.8623278050594347
INFO:root:Energy balance: 0, Daily cost: -1.7246556101188695
INFO:root:-- Step 3 --
INFO:root:Grid transfered: 0, Local transferred: 0.7374018683278933
INFO:root:Energy balance: 0, Daily cost: -1.4748037366557867
INFO:root:-- Step 4 --
INFO:root:Grid transfered: 0, Local transferred: 0
INFO:root:Energy balance: 0, Daily cost: 0.9420499590311167
INFO:root:-- Step 5 --
INFO:root:Grid transfered: 0, Local transferred: 3.7261865324238075
INFO:root:Energy balance: 0, Daily cost: -0.40570541244895075
INFO:root:-- Step 6 --
INFO:root:Grid transfered: 0, Local transferred: 0
INFO:root:Energy balance: 0, Daily cost: 2.6225540082395753
INFO:root:-- Step 7 --
INFO:root:Grid transfered: 0, Local transferred: 3.0285204967905104
INFO:root:Energy balance: 0, Daily cost: -1.9976661193898995
INFO:root:-- Step 1 --
INFO:root:Grid transfered: 0, Local transferred: 0
INFO:root:Energy balance: 0, Daily cost: 4.1129831956916885
INFO:root:-- Step 2 --
INFO:root:Grid transfered: 0, Local transferred: 0
INFO:root:Energy balance: 0, Daily cost: 3.64005667681856
INFO:root:-- Step 3 --
INFO:root:Grid transfered: 0, Local transferred: 0.40364617756567966
INFO:root:Energy balance: 0, Daily cost: -0.5435909803529881
INFO:root:-- Step 4 --
INFO:root:Grid transfered: 0, Local transferred: 0
INFO:root:Energy balance: 0, Daily cost: 1.5587549064788568
INFO:root:-- Step 5 --
INFO:root:Grid transfered: 0.14601344786743553, Local transferred: 0
INFO:root:Energy balance: 0, Daily cost: -1.4601344786743553
INFO:root:-- Step 6 --
INFO:root:Grid transfered: 0, Local transferred: 0
INFO:root:Energy balance: 0, Daily cost: 0.06392905844844421
INFO:root:-- Step 7 --
INFO:root:Grid transfered: 0, Local transferred: 2.0182139645892727
INFO:root:Energy balance: 0, Daily cost: -0.5612036061135326
INFO:root:-- Step 1 --
INFO:root:Grid transfered: 0, Local transferred: 0
INFO:root:Energy balance: 0, Daily cost: 1.3407512983588727
INFO:root:-- Step 2 --
INFO:root:Grid transfered: 0, Local transferred: 0
INFO:root:Energy balance: 0, Daily cost: 1.1273993516677496
INFO:root:-- Step 3 --
INFO:root:Grid transfered: 0, Local transferred: 0
INFO:root:Energy balance: 0, Daily cost: 2.133830401872496
INFO:root:-- Step 4 --
INFO:root:Grid transfered: 0, Local transferred: 0
INFO:root:Energy balance: 0, Daily cost: 0.2733150347428861
INFO:root:-- Step 5 --
INFO:root:Grid transfered: 0, Local transferred: 0
INFO:root:Energy balance: 0, Daily cost: 0.8033770154334565
INFO:root:-- Step 6 --
INFO:root:Grid transfered: 0, Local transferred: 0
INFO:root:Energy balance: 0, Daily cost: 2.2511671645700453
INFO:root:-- Step 7 --
INFO:root:Grid transfered: 3.617256623318996, Local transferred: 0.8130474579333669
INFO:root:Energy balance: 0, Daily cost: -50.807420475990554
INFO:root:-- Step 1 --
INFO:root:Grid transfered: 0, Local transferred: 0
INFO:root:Energy balance: 0, Daily cost: 0.8165650572796483
INFO:root:-- Step 2 --
INFO:root:Grid transfered: 0, Local transferred: 2.4597500639388974
INFO:root:Energy balance: 0, Daily cost: -2.6235163058416244
INFO:root:-- Step 3 --
INFO:root:Grid transfered: 0, Local transferred: 0
INFO:root:Energy balance: 0, Daily cost: 2.619945489059896
INFO:root:-- Step 4 --
INFO:root:Grid transfered: 0, Local transferred: 0
INFO:root:Energy balance: 0, Daily cost: 0.4125949208572699
INFO:root:-- Step 5 --
INFO:root:Grid transfered: 0, Local transferred: 1.9395967293089598
INFO:root:Energy balance: 0, Daily cost: -6.705697151613812
INFO:root:-- Step 6 --
INFO:root:Grid transfered: 0, Local transferred: 0
INFO:root:Energy balance: 0, Daily cost: 1.1324890419890128
INFO:root:-- Step 7 --
INFO:root:Grid transfered: 0, Local transferred: 0
INFO:root:Energy balance: 0, Daily cost: 2.2463853606921287
INFO:root:-- Step 1 --
INFO:root:Grid transfered: 0, Local transferred: 0
INFO:root:Energy balance: 0, Daily cost: 2.7906883510975256
INFO:root:-- Step 2 --
INFO:root:Grid transfered: 2.7262505969371604, Local transferred: 0.5202352833803428
INFO:root:Energy balance: 0, Daily cost: -37.14697635359811
INFO:root:-- Step 3 --
INFO:root:Grid transfered: 0, Local transferred: 2.4242844589302184
INFO:root:Energy balance: 0, Daily cost: -3.104390583103566
INFO:root:-- Step 4 --
INFO:root:Grid transfered: 0, Local transferred: 1.5237863271164436
INFO:root:Energy balance: 0, Daily cost: -6.095145308465774
INFO:root:-- Step 5 --
INFO:root:Grid transfered: 0, Local transferred: 0
INFO:root:Energy balance: 0, Daily cost: 0.2046349620071748
INFO:root:-- Step 6 --
INFO:root:Grid transfered: 0, Local transferred: 0
INFO:root:Energy balance: 0, Daily cost: 0.41382460290091316
INFO:root:-- Step 7 --
INFO:root:Grid transfered: 0, Local transferred: 1.2203804528550037
INFO:root:Energy balance: 0, Daily cost: -7.952852910047433
INFO:root:-- Step 1 --
INFO:root:Grid transfered: 0, Local transferred: 3.3329805391276537
INFO:root:Energy balance: 0, Daily cost: -1.8157880510630307
INFO:root:-- Step 2 --
INFO:root:Grid transfered: 0, Local transferred: 0.935063467259333
INFO:root:Energy balance: 0, Daily cost: -0.935063467259333
INFO:root:-- Step 3 --
INFO:root:Grid transfered: 0, Local transferred: 1.1347663116453592
INFO:root:Energy balance: 0, Daily cost: -3.8531399249380716
INFO:root:-- Step 4 --
INFO:root:Grid transfered: 0, Local transferred: 0
INFO:root:Energy balance: 0, Daily cost: 3.2607349493697946
INFO:root:-- Step 5 --
INFO:root:Grid transfered: 0, Local transferred: 3.1797145861315697
INFO:root:Energy balance: 0, Daily cost: -2.0891589024356145
INFO:root:-- Step 6 --
INFO:root:Grid transfered: 0, Local transferred: 0
INFO:root:Energy balance: 0, Daily cost: 4.958492622557207
INFO:root:-- Step 7 --
INFO:root:Grid transfered: 0, Local transferred: 0
INFO:root:Energy balance: 0, Daily cost: 1.9120984692200427
INFO:root:-- Step 1 --
INFO:root:Grid transfered: 0, Local transferred: 0
INFO:root:Energy balance: 0, Daily cost: 1.5561877935110449
INFO:root:-- Step 2 --
INFO:root:Grid transfered: 0, Local transferred: 2.2575716256761993
INFO:root:Energy balance: 0, Daily cost: -2.2575716256761993
INFO:root:-- Step 3 --
INFO:root:Grid transfered: 0, Local transferred: 0
INFO:root:Energy balance: 0, Daily cost: 1.8642852239252825
INFO:root:-- Step 4 --
INFO:root:Grid transfered: 0, Local transferred: 2.890945205017136
INFO:root:Energy balance: 0, Daily cost: -0.07910020123961914
INFO:root:-- Step 5 --
INFO:root:Grid transfered: 0, Local transferred: 0.42749551670016395
INFO:root:Energy balance: 0, Daily cost: -0.8549910334003279
INFO:root:-- Step 6 --
INFO:root:Grid transfered: 0, Local transferred: 0
INFO:root:Energy balance: 0, Daily cost: 0.19358512403439043
INFO:root:-- Step 7 --
INFO:root:Grid transfered: 0, Local transferred: 3.6475096998735506
INFO:root:Energy balance: 0, Daily cost: -12.485822299499034
INFO:root:-- Step 1 --
INFO:root:Grid transfered: 0, Local transferred: 0
INFO:root:Energy balance: 0, Daily cost: 1.7043212566545858
INFO:root:-- Step 2 --
INFO:root:Grid transfered: 0, Local transferred: 0
INFO:root:Energy balance: 0, Daily cost: 0.7417973265177356
INFO:root:-- Step 3 --
INFO:root:Grid transfered: 0, Local transferred: 0
INFO:root:Energy balance: 0, Daily cost: 0.8035706250763894
INFO:root:-- Step 4 --
INFO:root:Grid transfered: 0, Local transferred: 0
INFO:root:Energy balance: 0, Daily cost: 0.13476403009933335
INFO:root:-- Step 5 --
INFO:root:Grid transfered: 0, Local transferred: 0
INFO:root:Energy balance: 0, Daily cost: 1.72414532780137
INFO:root:-- Step 6 --
INFO:root:Grid transfered: 0, Local transferred: 2.138921730921264
INFO:root:Energy balance: 0, Daily cost: -5.0387859037977245
INFO:root:-- Step 7 --
INFO:root:Grid transfered: 0, Local transferred: 0
INFO:root:Energy balance: 0, Daily cost: 2.4492908599506524
INFO:root:-- Step 1 --
INFO:root:Grid transfered: 0, Local transferred: 0
INFO:root:Energy balance: 0, Daily cost: 2.1005520711608074
INFO:root:-- Step 2 --
INFO:root:Grid transfered: 1.5864757371334735, Local transferred: 2.226569692195218
INFO:root:Energy balance: 0, Daily cost: -55.617651441637285
INFO:root:-- Step 3 --
INFO:root:Grid transfered: 0.9098835394125597, Local transferred: 3.4690529604726965
INFO:root:Energy balance: 0, Daily cost: -67.73433261104016
INFO:root:-- Step 4 --
INFO:root:Grid transfered: 0, Local transferred: 0
INFO:root:Energy balance: 0, Daily cost: 0.028654913393557635
INFO:root:-- Step 5 --
INFO:root:Grid transfered: 0, Local transferred: 0.008400110622487134
INFO:root:Energy balance: 0, Daily cost: -0.033600442489948534
INFO:root:-- Step 6 --
INFO:root:Grid transfered: 0, Local transferred: 0
INFO:root:Energy balance: 0, Daily cost: 1.9772694233870425
INFO:root:-- Step 7 --
INFO:root:Grid transfered: 0, Local transferred: 0
INFO:root:Energy balance: 0, Daily cost: 3.256089189613869
INFO:root:-- Step 1 --
INFO:root:Grid transfered: 0, Local transferred: 0
INFO:root:Energy balance: 0, Daily cost: 1.6954196375824857
INFO:root:-- Step 2 --
INFO:root:Grid transfered: 0, Local transferred: 0
INFO:root:Energy balance: 0, Daily cost: 2.995600403850439
INFO:root:-- Step 3 --
INFO:root:Grid transfered: 0, Local transferred: 2.0043197047057184
INFO:root:Energy balance: 0, Daily cost: -7.840247479839292
INFO:root:-- Step 4 --
INFO:root:Grid transfered: 0, Local transferred: 0
INFO:root:Energy balance: 0, Daily cost: 1.2865409550512013
INFO:root:-- Step 5 --
INFO:root:Grid transfered: 0, Local transferred: 0
INFO:root:Energy balance: 0, Daily cost: 0.7214759970704439
INFO:root:-- Step 6 --
INFO:root:Grid transfered: 0, Local transferred: 5.149154120690465
INFO:root:Energy balance: 0, Daily cost: -10.902345502007037
INFO:root:-- Step 7 --
INFO:root:Grid transfered: 0, Local transferred: 1.1966657347092688
INFO:root:Energy balance: 0, Daily cost: -2.5688250194046987
INFO:root:-- Step 1 --
INFO:root:Grid transfered: 0, Local transferred: 1.6089725218966109
INFO:root:Energy balance: 0, Daily cost: -6.4358900875864435
INFO:root:-- Step 2 --
INFO:root:Grid transfered: 0, Local transferred: 0
INFO:root:Energy balance: 0, Daily cost: 1.8147118037587493
INFO:root:-- Step 3 --
INFO:root:Grid transfered: 2.6142241747675463, Local transferred: 0
INFO:root:Energy balance: 0, Daily cost: -26.142241747675463
INFO:root:-- Step 4 --
INFO:root:Grid transfered: 0, Local transferred: 0
INFO:root:Energy balance: 0, Daily cost: 1.3574591013527684
INFO:root:-- Step 5 --
INFO:root:Grid transfered: 0, Local transferred: 0
INFO:root:Energy balance: 0, Daily cost: 3.1233367315431657
INFO:root:-- Step 6 --
INFO:root:Grid transfered: 0, Local transferred: 2.027633450242611
INFO:root:Energy balance: 0, Daily cost: -7.554012006407621
INFO:root:-- Step 7 --
INFO:root:Grid transfered: 0, Local transferred: 0
INFO:root:Energy balance: 0, Daily cost: 2.3908617786031456
INFO:root:-- Step 1 --
INFO:root:Grid transfered: 0, Local transferred: 5.805280372399143
INFO:root:Energy balance: 0, Daily cost: -5.214145002160773
INFO:root:-- Step 2 --
INFO:root:Grid transfered: 0, Local transferred: 0
INFO:root:Energy balance: 0, Daily cost: 2.725585788895696
INFO:root:-- Step 3 --
INFO:root:Grid transfered: 0, Local transferred: 1.3915866901064682
INFO:root:Energy balance: 0, Daily cost: -1.3915866901064682
INFO:root:-- Step 4 --
INFO:root:Grid transfered: 0, Local transferred: 1.2877344069307153
INFO:root:Energy balance: 0, Daily cost: -1.910243016165733
INFO:root:-- Step 5 --
INFO:root:Grid transfered: 0, Local transferred: 1.5456264662395185
INFO:root:Energy balance: 0, Daily cost: -1.5456264662395185
INFO:root:-- Step 6 --
INFO:root:Grid transfered: 0, Local transferred: 0.8078241006132352
INFO:root:Energy balance: 0, Daily cost: -0.8078241006132352
INFO:root:-- Step 7 --
INFO:root:Grid transfered: 0, Local transferred: 0.5109976960573785
INFO:root:Energy balance: 0, Daily cost: -0.5109976960573785
INFO:root:-- Step 1 --
INFO:root:Grid transfered: 0, Local transferred: 0.2959141301896544
INFO:root:Energy balance: 0, Daily cost: -0.8877423905689632
INFO:root:-- Step 2 --
INFO:root:Grid transfered: 0, Local transferred: 3.0887453568947816
INFO:root:Energy balance: 0, Daily cost: -8.323598378541504
INFO:root:-- Step 3 --
INFO:root:Grid transfered: 0, Local transferred: 0
INFO:root:Energy balance: 0, Daily cost: 0.8448832271721294
INFO:root:-- Step 4 --
INFO:root:Grid transfered: 0, Local transferred: 0
INFO:root:Energy balance: 0, Daily cost: 2.4768080340753773
INFO:root:-- Step 5 --
INFO:root:Grid transfered: 0, Local transferred: 0.2882191308109672
INFO:root:Energy balance: 0, Daily cost: -4.899725223786442
INFO:root:-- Step 6 --
INFO:root:Grid transfered: 0, Local transferred: 0
INFO:root:Energy balance: 0, Daily cost: 5.158741183493582
INFO:root:-- Step 7 --
INFO:root:Grid transfered: 6.7438621410708794, Local transferred: 0
INFO:root:Energy balance: 0, Daily cost: -67.43862141070879
INFO:root:-- Step 1 --
INFO:root:Grid transfered: 1.0449168642402347, Local transferred: 3.042488123601858
INFO:root:Energy balance: 0, Daily cost: -60.41202159344756
INFO:root:-- Step 2 --
INFO:root:Grid transfered: 0, Local transferred: 3.7092278389216577
INFO:root:Energy balance: 0, Daily cost: -14.789292852342335
INFO:root:-- Step 3 --
INFO:root:Grid transfered: 0, Local transferred: 0
INFO:root:Energy balance: 0, Daily cost: 1.9155055907064646
INFO:root:-- Step 4 --
INFO:root:Grid transfered: 0, Local transferred: 0
INFO:root:Energy balance: 0, Daily cost: 2.9767070440216497
INFO:root:-- Step 5 --
INFO:root:Grid transfered: 0, Local transferred: 0
INFO:root:Energy balance: 0, Daily cost: 4.098312399066906
INFO:root:-- Step 6 --
INFO:root:Grid transfered: 0, Local transferred: 0.09151580253365665
INFO:root:Energy balance: 0, Daily cost: -0.1830316050673133
INFO:root:-- Step 7 --
INFO:root:Grid transfered: 3.031943852484856, Local transferred: 0
INFO:root:Energy balance: 0, Daily cost: -30.31943852484856
INFO:root:-- Step 1 --
INFO:root:Grid transfered: 0, Local transferred: 3.6574040121661406
INFO:root:Energy balance: 0, Daily cost: -3.4516145517061902
INFO:root:-- Step 2 --
INFO:root:Grid transfered: 0, Local transferred: 0
INFO:root:Energy balance: 0, Daily cost: 3.940794132069728
INFO:root:-- Step 3 --
INFO:root:Grid transfered: 1.1187927345813797, Local transferred: 1.1719488297551326
INFO:root:Energy balance: 0, Daily cost: -33.45495511116132
INFO:root:-- Step 4 --
INFO:root:Grid transfered: 0.8426688667935194, Local transferred: 2.9385458070811286
INFO:root:Energy balance: 0, Daily cost: -47.84188551114187
INFO:root:-- Step 5 --
INFO:root:Grid transfered: 0, Local transferred: 0.707854531187218
INFO:root:Energy balance: 0, Daily cost: -0.7662286845356849
INFO:root:-- Step 6 --
INFO:root:Grid transfered: 0, Local transferred: 0
INFO:root:Energy balance: 0, Daily cost: 1.9056887389033417
INFO:root:-- Step 7 --
INFO:root:Grid transfered: 0, Local transferred: 0
INFO:root:Energy balance: 0, Daily cost: 2.5702783649550103
INFO:root:-- Step 1 --
INFO:root:Grid transfered: 0, Local transferred: 0
INFO:root:Energy balance: 0, Daily cost: 1.9229393290857324
INFO:root:-- Step 2 --
INFO:root:Grid transfered: 0, Local transferred: 0
INFO:root:Energy balance: 0, Daily cost: 2.0167056162619765
INFO:root:-- Step 3 --
INFO:root:Grid transfered: 0, Local transferred: 0
INFO:root:Energy balance: 0, Daily cost: 2.9744105253708906
INFO:root:-- Step 4 --
INFO:root:Grid transfered: 0, Local transferred: 0
INFO:root:Energy balance: 0, Daily cost: 4.549967604917768
INFO:root:-- Step 5 --
INFO:root:Grid transfered: 0, Local transferred: 6.426210061563134
INFO:root:Energy balance: 0, Daily cost: -0.9760600779222042
INFO:root:-- Step 6 --
INFO:root:Grid transfered: 0, Local transferred: 3.1169225985897944
INFO:root:Energy balance: 0, Daily cost: -5.059655755246313
INFO:root:-- Step 7 --
INFO:root:Grid transfered: 0, Local transferred: 2.261635462724648
INFO:root:Energy balance: 0, Daily cost: -4.916082951377806
INFO:root:-- Step 1 --
INFO:root:Grid transfered: 0, Local transferred: 0
INFO:root:Energy balance: 0, Daily cost: 1.1720555835793967
INFO:root:-- Step 2 --
INFO:root:Grid transfered: 0, Local transferred: 0
INFO:root:Energy balance: 0, Daily cost: 1.8814893864901236
INFO:root:-- Step 3 --
INFO:root:Grid transfered: 0, Local transferred: 0
INFO:root:Energy balance: 0, Daily cost: 2.517690567677935
INFO:root:-- Step 4 --
INFO:root:Grid transfered: 0, Local transferred: 2.002664984802763
INFO:root:Energy balance: 0, Daily cost: -0.5162022801548627
INFO:root:-- Step 5 --
INFO:root:Grid transfered: 0, Local transferred: 0
INFO:root:Energy balance: 0, Daily cost: 5.313786954117848
INFO:root:-- Step 6 --
INFO:root:Grid transfered: 0, Local transferred: 0
INFO:root:Energy balance: 0, Daily cost: 2.0304876590087915
INFO:root:-- Step 7 --
INFO:root:Grid transfered: 0, Local transferred: 0.3973996051558295
INFO:root:Energy balance: 0, Daily cost: -0.33914856827090034
INFO:root:-- Step 1 --
INFO:root:Grid transfered: 0, Local transferred: 0
INFO:root:Energy balance: 0, Daily cost: 3.1062246893361394
INFO:root:-- Step 2 --
INFO:root:Grid transfered: 0, Local transferred: 0.48360628004402173
INFO:root:Energy balance: 0, Daily cost: -0.9672125600880435
INFO:root:-- Step 3 --
INFO:root:Grid transfered: 0, Local transferred: 0.24874090110346891
INFO:root:Energy balance: 0, Daily cost: -0.49748180220693783
INFO:root:-- Step 4 --
INFO:root:Grid transfered: 0, Local transferred: 0
INFO:root:Energy balance: 0, Daily cost: 1.1328683885937316
INFO:root:-- Step 5 --
INFO:root:Grid transfered: 0, Local transferred: 0
INFO:root:Energy balance: 0, Daily cost: 0.2296524901295225
INFO:root:-- Step 6 --
INFO:root:Grid transfered: 0, Local transferred: 0.9269213260316729
INFO:root:Energy balance: 0, Daily cost: -0.615328519896412
INFO:root:-- Step 7 --
INFO:root:Grid transfered: 0, Local transferred: 0
INFO:root:Energy balance: 0, Daily cost: 0.6902900114374155
INFO:root:-- Step 1 --
INFO:root:Grid transfered: 0, Local transferred: 0
INFO:root:Energy balance: 0, Daily cost: 2.6434420072211005
INFO:root:-- Step 2 --
INFO:root:Grid transfered: 1.5361014994367093, Local transferred: 0
INFO:root:Energy balance: 0, Daily cost: -15.361014994367093
INFO:root:-- Step 3 --
INFO:root:Grid transfered: 2.6075391137631323, Local transferred: 0
INFO:root:Energy balance: 0, Daily cost: -26.07539113763132
INFO:root:-- Step 4 --
INFO:root:Grid transfered: 4.105307793632951, Local transferred: 0
INFO:root:Energy balance: 0, Daily cost: -41.053077936329515
INFO:root:-- Step 5 --
INFO:root:Grid transfered: 4.316522303460054, Local transferred: 0
INFO:root:Energy balance: 0, Daily cost: -43.165223034600544
INFO:root:-- Step 6 --
INFO:root:Grid transfered: 3.6504969428061065, Local transferred: 0
INFO:root:Energy balance: 0, Daily cost: -36.50496942806107
INFO:root:-- Step 7 --
INFO:root:Grid transfered: 0, Local transferred: 3.922218333280579
INFO:root:Energy balance: 0, Daily cost: -23.66001015166978
INFO:root:-- Step 1 --
INFO:root:Grid transfered: 0, Local transferred: 0
INFO:root:Energy balance: 0, Daily cost: 2.112426196601442
INFO:root:-- Step 2 --
INFO:root:Grid transfered: 0, Local transferred: 7.593143880423771
INFO:root:Energy balance: 0, Daily cost: -6.59673254463017
INFO:root:-- Step 3 --
INFO:root:Grid transfered: 0, Local transferred: 0
INFO:root:Energy balance: 0, Daily cost: 0.7690763146097943
INFO:root:-- Step 4 --
INFO:root:Grid transfered: 0, Local transferred: 0
INFO:root:Energy balance: 0, Daily cost: 0.3322913856393619
INFO:root:-- Step 5 --
INFO:root:Grid transfered: 0, Local transferred: 0
INFO:root:Energy balance: 0, Daily cost: 2.6943814165557374
INFO:root:-- Step 6 --
INFO:root:Grid transfered: 0, Local transferred: 0
INFO:root:Energy balance: 0, Daily cost: 0.10280538231734226
INFO:root:-- Step 7 --
INFO:root:Grid transfered: 0, Local transferred: 0.11382184922455885
INFO:root:Energy balance: 0, Daily cost: -0.2276436984491177
INFO:root:-- Step 1 --
INFO:root:Grid transfered: 0, Local transferred: 0
INFO:root:Energy balance: 0, Daily cost: 1.176549497073328
INFO:root:-- Step 2 --
INFO:root:Grid transfered: 0, Local transferred: 1.894520586016231
INFO:root:Energy balance: 0, Daily cost: -13.835173716793488
INFO:root:-- Step 3 --
INFO:root:Grid transfered: 0, Local transferred: 1.8948493389674947
INFO:root:Energy balance: 0, Daily cost: -3.2530844081060195
INFO:root:-- Step 4 --
INFO:root:Grid transfered: 0, Local transferred: 0
INFO:root:Energy balance: 0, Daily cost: 4.400049685641051
INFO:root:-- Step 5 --
INFO:root:Grid transfered: 0, Local transferred: 0.23705268918616973
INFO:root:Energy balance: 0, Daily cost: -0.23705268918616973
INFO:root:-- Step 6 --
INFO:root:Grid transfered: 0, Local transferred: 0
INFO:root:Energy balance: 0, Daily cost: 2.3879176857694464
INFO:root:-- Step 7 --
INFO:root:Grid transfered: 0, Local transferred: 2.124763603961525
INFO:root:Energy balance: 0, Daily cost: -6.267486129495707
INFO:root:-- Step 1 --
INFO:root:Grid transfered: 0, Local transferred: 0.4829165597926668
INFO:root:Energy balance: 0, Daily cost: -0.628198165539775
INFO:root:-- Step 2 --
INFO:root:Grid transfered: 0, Local transferred: 0
INFO:root:Energy balance: 0, Daily cost: 3.765117193337712
INFO:root:-- Step 3 --
INFO:root:Grid transfered: 0, Local transferred: 0
INFO:root:Energy balance: 0, Daily cost: 2.327758163816064
INFO:root:-- Step 4 --
INFO:root:Grid transfered: 0, Local transferred: 0
INFO:root:Energy balance: 0, Daily cost: 3.068454218830844
INFO:root:-- Step 5 --
INFO:root:Grid transfered: 0, Local transferred: 0
INFO:root:Energy balance: 0, Daily cost: 3.717607565256019
INFO:root:-- Step 6 --
INFO:root:Grid transfered: 0, Local transferred: 0
INFO:root:Energy balance: 0, Daily cost: 3.2732499171073552
INFO:root:-- Step 7 --
INFO:root:Grid transfered: 6.552469174753346, Local transferred: 0
INFO:root:Energy balance: 0, Daily cost: -65.52469174753347
INFO:root:-- Step 1 --
INFO:root:Grid transfered: 0, Local transferred: 2.52224685355256
INFO:root:Energy balance: 0, Daily cost: -20.17797482842048
INFO:root:-- Step 2 --
INFO:root:Grid transfered: 0, Local transferred: 2.493456607259203
INFO:root:Energy balance: 0, Daily cost: -0.5195928918324668
INFO:root:-- Step 3 --
INFO:root:Grid transfered: 0, Local transferred: 0
INFO:root:Energy balance: 0, Daily cost: 0.18590422056877287
INFO:root:-- Step 4 --
INFO:root:Grid transfered: 0, Local transferred: 0
INFO:root:Energy balance: 0, Daily cost: 0.3460121484670502
INFO:root:-- Step 5 --
INFO:root:Grid transfered: 0, Local transferred: 1.3086238158763113
INFO:root:Energy balance: 0, Daily cost: -0.8695309357996894
INFO:root:-- Step 6 --
INFO:root:Grid transfered: 0, Local transferred: 0
INFO:root:Energy balance: 0, Daily cost: 1.6781815687190935
INFO:root:-- Step 7 --
INFO:root:Grid transfered: 0, Local transferred: 2.009625170772747
INFO:root:Energy balance: 0, Daily cost: -0.11302504121837842
INFO:root:-- Step 1 --
INFO:root:Grid transfered: 0, Local transferred: 0
INFO:root:Energy balance: 0, Daily cost: 3.737741367219609
INFO:root:-- Step 2 --
INFO:root:Grid transfered: 0, Local transferred: 1.9799350686814385
INFO:root:Energy balance: 0, Daily cost: -2.507715973853749
INFO:root:-- Step 3 --
INFO:root:Grid transfered: 0, Local transferred: 0.48740350814002653
INFO:root:Energy balance: 0, Daily cost: -0.9748070162800531
INFO:root:-- Step 4 --
INFO:root:Grid transfered: 0, Local transferred: 0
INFO:root:Energy balance: 0, Daily cost: 0.2908421422205869
INFO:root:-- Step 5 --
INFO:root:Grid transfered: 0, Local transferred: 0
INFO:root:Energy balance: 0, Daily cost: 4.482106539582059
INFO:root:-- Step 6 --
INFO:root:Grid transfered: 0, Local transferred: 4.478998473844461
INFO:root:Energy balance: 0, Daily cost: -1.9719154374761523
INFO:root:-- Step 7 --
INFO:root:Grid transfered: 0, Local transferred: 0
INFO:root:Energy balance: 0, Daily cost: 3.432390324827974
INFO:root:-- Step 1 --
INFO:root:Grid transfered: 0, Local transferred: 0
INFO:root:Energy balance: 0, Daily cost: 4.151409569468246
INFO:root:-- Step 2 --
INFO:root:Grid transfered: 3.174406231456798, Local transferred: 0
INFO:root:Energy balance: 0, Daily cost: -31.74406231456798
INFO:root:-- Step 3 --
INFO:root:Grid transfered: 0, Local transferred: 0
INFO:root:Energy balance: 0, Daily cost: 1.572080305931367
INFO:root:-- Step 4 --
INFO:root:Grid transfered: 0, Local transferred: 0
INFO:root:Energy balance: 0, Daily cost: 1.0676967243976598
INFO:root:-- Step 5 --
INFO:root:Grid transfered: 5.04844183778949, Local transferred: 0
INFO:root:Energy balance: 0, Daily cost: -50.4844183778949
INFO:root:-- Step 6 --
INFO:root:Grid transfered: 0, Local transferred: 0
INFO:root:Energy balance: 0, Daily cost: 1.4739138861690737
INFO:root:-- Step 7 --
INFO:root:Grid transfered: 0, Local transferred: 0
INFO:root:Energy balance: 0, Daily cost: 1.6190339436261887
INFO:root:-- Step 1 --
INFO:root:Grid transfered: 0, Local transferred: 1.0882298222550002
INFO:root:Energy balance: 0, Daily cost: -4.352919289020001
INFO:root:-- Step 2 --
INFO:root:Grid transfered: 0, Local transferred: 0
INFO:root:Energy balance: 0, Daily cost: 0.23073484398609168
INFO:root:-- Step 3 --
INFO:root:Grid transfered: 5.386675473651614, Local transferred: 0
INFO:root:Energy balance: 0, Daily cost: -53.86675473651614
INFO:root:-- Step 4 --
INFO:root:Grid transfered: 0, Local transferred: 0
INFO:root:Energy balance: 0, Daily cost: 0.9302933169334029
INFO:root:-- Step 5 --
INFO:root:Grid transfered: 0, Local transferred: 0
INFO:root:Energy balance: 0, Daily cost: 0.48546426415680877
INFO:root:-- Step 6 --
INFO:root:Grid transfered: 0, Local transferred: 0.5772926338811111
INFO:root:Energy balance: 0, Daily cost: -2.3091705355244443
INFO:root:-- Step 7 --
INFO:root:Grid transfered: 2.722496947609746, Local transferred: 0
INFO:root:Energy balance: 0, Daily cost: -27.224969476097456
INFO:root:-- Step 1 --
INFO:root:Grid transfered: 0, Local transferred: 0
INFO:root:Energy balance: 0, Daily cost: 2.7601337936469577
INFO:root:-- Step 2 --
INFO:root:Grid transfered: 0, Local transferred: 0
INFO:root:Energy balance: 0, Daily cost: 1.4059536218667787
INFO:root:-- Step 3 --
INFO:root:Grid transfered: 0, Local transferred: 0
INFO:root:Energy balance: 0, Daily cost: 0.4158981162775568
INFO:root:-- Step 4 --
INFO:root:Grid transfered: 0, Local transferred: 0
INFO:root:Energy balance: 0, Daily cost: 3.2134768754836465
INFO:root:-- Step 5 --
INFO:root:Grid transfered: 0, Local transferred: 0
INFO:root:Energy balance: 0, Daily cost: 2.8103422470428896
INFO:root:-- Step 6 --
INFO:root:Grid transfered: 0, Local transferred: 3.3653865598417827
INFO:root:Energy balance: 0, Daily cost: -5.909605590614525
INFO:root:-- Step 7 --
INFO:root:Grid transfered: 0, Local transferred: 2.3090785468922803
INFO:root:Energy balance: 0, Daily cost: -17.981888199083897
INFO:root:-- Step 1 --
INFO:root:Grid transfered: 0, Local transferred: 1.7013299959089867
INFO:root:Energy balance: 0, Daily cost: -11.168020377028073
INFO:root:-- Step 2 --
INFO:root:Grid transfered: 0, Local transferred: 0
INFO:root:Energy balance: 0, Daily cost: 0.8547010310528762
INFO:root:-- Step 3 --
INFO:root:Grid transfered: 0, Local transferred: 0
INFO:root:Energy balance: 0, Daily cost: 3.929513793370326
INFO:root:-- Step 4 --
INFO:root:Grid transfered: 0, Local transferred: 4.600075227487119
INFO:root:Energy balance: 0, Daily cost: -4.55875410210318
INFO:root:-- Step 5 --
INFO:root:Grid transfered: 0, Local transferred: 0
INFO:root:Energy balance: 0, Daily cost: 0.5544079216584201
INFO:root:-- Step 6 --
INFO:root:Grid transfered: 0, Local transferred: 0
INFO:root:Energy balance: 0, Daily cost: 0.9812189335289965
INFO:root:-- Step 7 --
INFO:root:Grid transfered: 0, Local transferred: 1.007843553616853
INFO:root:Energy balance: 0, Daily cost: -1.007843553616853
INFO:root:-- Step 1 --
INFO:root:Grid transfered: 0, Local transferred: 0.22025564486139082
INFO:root:Energy balance: 0, Daily cost: -0.6607669345841725
INFO:root:-- Step 2 --
INFO:root:Grid transfered: 0, Local transferred: 0
INFO:root:Energy balance: 0, Daily cost: 3.6373598116832238
INFO:root:-- Step 3 --
INFO:root:Grid transfered: 0, Local transferred: 0
INFO:root:Energy balance: 0, Daily cost: 2.0029260248691916
INFO:root:-- Step 4 --
INFO:root:Grid transfered: 0, Local transferred: 0.11802474270267105
INFO:root:Energy balance: 0, Daily cost: -0.2360494854053421
INFO:root:-- Step 5 --
INFO:root:Grid transfered: 4.572461981122488, Local transferred: 0.09515177932847152
INFO:root:Energy balance: 0, Daily cost: -47.24662559929921
INFO:root:-- Step 6 --
INFO:root:Grid transfered: 0, Local transferred: 0.5118862784315787
INFO:root:Energy balance: 0, Daily cost: -1.5356588352947362
INFO:root:-- Step 7 --
INFO:root:Grid transfered: 0, Local transferred: 3.261847811271662
INFO:root:Energy balance: 0, Daily cost: -2.770667315187363
INFO:root:-- Step 1 --
INFO:root:Grid transfered: 0, Local transferred: 2.370084880937597
INFO:root:Energy balance: 0, Daily cost: -5.7343823025634055
INFO:root:-- Step 2 --
INFO:root:Grid transfered: 0, Local transferred: 0
INFO:root:Energy balance: 0, Daily cost: 1.7508098309247746
INFO:root:-- Step 3 --
INFO:root:Grid transfered: 0, Local transferred: 2.486328901101497
INFO:root:Energy balance: 0, Daily cost: -4.084029185425783
INFO:root:-- Step 4 --
INFO:root:Grid transfered: 0, Local transferred: 0.5858806714090239
INFO:root:Energy balance: 0, Daily cost: -0.6922416240103679
INFO:root:-- Step 5 --
INFO:root:Grid transfered: 0, Local transferred: 1.2780451739502379
INFO:root:Energy balance: 0, Daily cost: -3.8341355218507136
INFO:root:-- Step 6 --
INFO:root:Grid transfered: 0, Local transferred: 0
INFO:root:Energy balance: 0, Daily cost: 3.774943184106789
INFO:root:-- Step 7 --
INFO:root:Grid transfered: 2.6995297829964313, Local transferred: 0
INFO:root:Energy balance: 0, Daily cost: -26.995297829964315
INFO:root:-- Step 1 --
INFO:root:Grid transfered: 0, Local transferred: 3.487533118437872
INFO:root:Energy balance: 0, Daily cost: -14.570685838905408
INFO:root:-- Step 2 --
INFO:root:Grid transfered: 0, Local transferred: 4.390206450541312
INFO:root:Energy balance: 0, Daily cost: -23.114655075641313
INFO:root:-- Step 3 --
INFO:root:Grid transfered: 0, Local transferred: 0
INFO:root:Energy balance: 0, Daily cost: 0.3909018611177011
INFO:root:-- Step 4 --
INFO:root:Grid transfered: 0, Local transferred: 0
INFO:root:Energy balance: 0, Daily cost: 2.0482223654027063
INFO:root:-- Step 5 --
INFO:root:Grid transfered: 0, Local transferred: 0
INFO:root:Energy balance: 0, Daily cost: 1.067304838041494
INFO:root:-- Step 6 --
INFO:root:Grid transfered: 0, Local transferred: 0.46532786848000995
INFO:root:Energy balance: 0, Daily cost: -0.9306557369600199
INFO:root:-- Step 7 --
INFO:root:Grid transfered: 0, Local transferred: 0
INFO:root:Energy balance: 0, Daily cost: 1.2778511565266104
INFO:root:-- Step 1 --
INFO:root:Grid transfered: 0, Local transferred: 0.5658797555281279
INFO:root:Energy balance: 0, Daily cost: -10.75171535503443
INFO:root:-- Step 2 --
INFO:root:Grid transfered: 0, Local transferred: 0
INFO:root:Energy balance: 0, Daily cost: 0.18674559721796768
INFO:root:-- Step 3 --
INFO:root:Grid transfered: 0, Local transferred: 0
INFO:root:Energy balance: 0, Daily cost: 4.335708950239795
INFO:root:-- Step 4 --
INFO:root:Grid transfered: 0, Local transferred: 0.8349566035218672
INFO:root:Energy balance: 0, Daily cost: -2.5048698105656015
INFO:root:-- Step 5 --
INFO:root:Grid transfered: 0, Local transferred: 0
INFO:root:Energy balance: 0, Daily cost: 3.4822375708456015
INFO:root:-- Step 6 --
INFO:root:Grid transfered: 0, Local transferred: 0.3095131415582699
INFO:root:Energy balance: 0, Daily cost: -0.6399315286344933
INFO:root:-- Step 7 --
INFO:root:Grid transfered: 0, Local transferred: 0
INFO:root:Energy balance: 0, Daily cost: 4.965329335825427
INFO:root:-- Step 1 --
INFO:root:Grid transfered: 0, Local transferred: 3.060307633508457
INFO:root:Energy balance: 0, Daily cost: -15.301538167542287
INFO:root:-- Step 2 --
INFO:root:Grid transfered: 3.1985308224197926, Local transferred: 0
INFO:root:Energy balance: 0, Daily cost: -31.985308224197926
INFO:root:-- Step 3 --
INFO:root:Grid transfered: 0, Local transferred: 0
INFO:root:Energy balance: 0, Daily cost: 3.4223803295051027
INFO:root:-- Step 4 --
INFO:root:Grid transfered: 0, Local transferred: 0
INFO:root:Energy balance: 0, Daily cost: 4.215972029839692
INFO:root:-- Step 5 --
INFO:root:Grid transfered: 0, Local transferred: 2.0883854767492576
INFO:root:Energy balance: 0, Daily cost: -8.35354190699703
INFO:root:-- Step 6 --
INFO:root:Grid transfered: 4.898279026506616, Local transferred: 0
INFO:root:Energy balance: 0, Daily cost: -48.98279026506616
INFO:root:-- Step 7 --
INFO:root:Grid transfered: 0, Local transferred: 0
INFO:root:Energy balance: 0, Daily cost: 0.7985882507805755
INFO:root:-- Step 1 --
INFO:root:Grid transfered: 0, Local transferred: 0
INFO:root:Energy balance: 0, Daily cost: 1.7493124055182712
INFO:root:-- Step 2 --
INFO:root:Grid transfered: 0, Local transferred: 0.5757540486562878
INFO:root:Energy balance: 0, Daily cost: -0.5757540486562878
INFO:root:-- Step 3 --
INFO:root:Grid transfered: 0, Local transferred: 0.5090574694164474
INFO:root:Energy balance: 0, Daily cost: -0.5090574694164474
INFO:root:-- Step 4 --
INFO:root:Grid transfered: 0, Local transferred: 0.23678987314432653
INFO:root:Energy balance: 0, Daily cost: -0.23678987314432653
INFO:root:-- Step 5 --
INFO:root:Grid transfered: 0, Local transferred: 0
INFO:root:Energy balance: 0, Daily cost: 2.8256261905138675
INFO:root:-- Step 6 --
INFO:root:Grid transfered: 0, Local transferred: 0
INFO:root:Energy balance: 0, Daily cost: 3.22167506945204
INFO:root:-- Step 7 --
INFO:root:Grid transfered: 0, Local transferred: 0
INFO:root:Energy balance: 0, Daily cost: 0.399258498024464
