INFO:root:-- Step 1 --
INFO:root:Grid transfered: 0, Local transferred: 0
INFO:root:Energy balance: -10, Daily cost: 0
INFO:root:-- Step 2 --
INFO:root:Grid transfered: 0, Local transferred: 0
INFO:root:Energy balance: -10, Daily cost: 0
INFO:root:-- Step 3 --
INFO:root:Grid transfered: 0, Local transferred: 0
INFO:root:Energy balance: -10, Daily cost: 0
INFO:root:-- Step 4 --
INFO:root:Grid transfered: 0, Local transferred: 0
INFO:root:Energy balance: -10, Daily cost: 0
INFO:root:-- Step 5 --
INFO:root:Grid transfered: 0, Local transferred: 0
INFO:root:Energy balance: -10, Daily cost: 0
INFO:root:-- Step 6 --
INFO:root:Grid transfered: 0, Local transferred: 0
INFO:root:Energy balance: -10, Daily cost: 0
INFO:root:-- Step 7 --
INFO:root:Grid transfered: 0, Local transferred: 0
INFO:root:Energy balance: -10, Daily cost: 0
INFO:root:-- Step 8 --
INFO:root:Grid transfered: 0, Local transferred: 0
INFO:root:Energy balance: -10, Daily cost: 0
INFO:root:-- Step 9 --
INFO:root:Grid transfered: 0, Local transferred: 0
INFO:root:Energy balance: -10, Daily cost: 0
INFO:root:-- Step 10 --
INFO:root:Grid transfered: 0, Local transferred: 0
INFO:root:Energy balance: -10, Daily cost: 0
INFO:root:-- Step 11 --
INFO:root:Grid transfered: 0, Local transferred: 0
INFO:root:Energy balance: -10, Daily cost: 0
INFO:root:-- Step 12 --
INFO:root:Grid transfered: 0, Local transferred: 0
INFO:root:Energy balance: -10, Daily cost: 0
INFO:root:-- Step 13 --
INFO:root:Grid transfered: 0, Local transferred: 0
INFO:root:Energy balance: -10, Daily cost: 0
INFO:root:-- Step 14 --
INFO:root:Grid transfered: 0, Local transferred: 0
INFO:root:Energy balance: -10, Daily cost: 0
INFO:root:-- Step 15 --
INFO:root:Grid transfered: 0, Local transferred: 0
INFO:root:Energy balance: -10, Daily cost: 0
INFO:root:-- Step 16 --
INFO:root:Grid transfered: 0, Local transferred: 0
INFO:root:Energy balance: -10, Daily cost: 0
INFO:root:-- Step 17 --
INFO:root:Grid transfered: 0, Local transferred: 0
INFO:root:Energy balance: -10, Daily cost: 0
INFO:root:-- Step 18 --
INFO:root:Grid transfered: 0, Local transferred: 0
INFO:root:Energy balance: -10, Daily cost: 0
INFO:root:-- Step 19 --
INFO:root:Grid transfered: 0, Local transferred: 0
INFO:root:Energy balance: -10, Daily cost: 0
INFO:root:-- Step 20 --
INFO:root:Grid transfered: 0, Local transferred: 0
INFO:root:Energy balance: -10, Daily cost: 0
INFO:root:-- Step 1 --
INFO:root:Grid transfered: 0, Local transferred: 0
INFO:root:Energy balance: -10, Daily cost: 0
INFO:root:-- Step 2 --
INFO:root:Grid transfered: 0, Local transferred: 0
INFO:root:Energy balance: -10, Daily cost: 0
INFO:root:-- Step 3 --
INFO:root:Grid transfered: 0, Local transferred: 0
INFO:root:Energy balance: -10, Daily cost: 0
INFO:root:-- Step 4 --
INFO:root:Grid transfered: 0, Local transferred: 0
INFO:root:Energy balance: -10, Daily cost: 0
INFO:root:-- Step 5 --
INFO:root:Grid transfered: 0, Local transferred: 0
INFO:root:Energy balance: -10, Daily cost: 0
INFO:root:-- Step 6 --
INFO:root:Grid transfered: 0, Local transferred: 0
INFO:root:Energy balance: -10, Daily cost: 0
INFO:root:-- Step 7 --
INFO:root:Grid transfered: 0, Local transferred: 0
INFO:root:Energy balance: -10, Daily cost: 0
INFO:root:-- Step 8 --
INFO:root:Grid transfered: 0, Local transferred: 0
INFO:root:Energy balance: -10, Daily cost: 0
INFO:root:-- Step 9 --
INFO:root:Grid transfered: 0, Local transferred: 0
INFO:root:Energy balance: -10, Daily cost: 0
INFO:root:-- Step 10 --
INFO:root:Grid transfered: 0, Local transferred: 0
INFO:root:Energy balance: -10, Daily cost: 0
INFO:root:-- Step 11 --
INFO:root:Grid transfered: 0, Local transferred: 0
INFO:root:Energy balance: -10, Daily cost: 0
INFO:root:-- Step 12 --
INFO:root:Grid transfered: 0, Local transferred: 0
INFO:root:Energy balance: -10, Daily cost: 0
INFO:root:-- Step 13 --
INFO:root:Grid transfered: 0, Local transferred: 0
INFO:root:Energy balance: -10, Daily cost: 0
INFO:root:-- Step 14 --
INFO:root:Grid transfered: 0, Local transferred: 0
INFO:root:Energy balance: -10, Daily cost: 0
INFO:root:-- Step 15 --
INFO:root:Grid transfered: 0, Local transferred: 0
INFO:root:Energy balance: -10, Daily cost: 0
INFO:root:-- Step 16 --
INFO:root:Grid transfered: 0, Local transferred: 0
INFO:root:Energy balance: -10, Daily cost: 0
INFO:root:-- Step 17 --
INFO:root:Grid transfered: 0, Local transferred: 0
INFO:root:Energy balance: -10, Daily cost: 0
INFO:root:-- Step 18 --
INFO:root:Grid transfered: 0, Local transferred: 0
INFO:root:Energy balance: -10, Daily cost: 0
INFO:root:-- Step 19 --
INFO:root:Grid transfered: 0, Local transferred: 0
INFO:root:Energy balance: -10, Daily cost: 0
INFO:root:-- Step 20 --
INFO:root:Grid transfered: 0, Local transferred: 0
INFO:root:Energy balance: -10, Daily cost: 0
INFO:root:-- Step 1 --
INFO:root:Grid transfered: 0, Local transferred: 0
INFO:root:Energy balance: -10, Daily cost: 0
INFO:root:-- Step 2 --
INFO:root:Grid transfered: 0, Local transferred: 0
INFO:root:Energy balance: -10, Daily cost: 0
INFO:root:-- Step 3 --
INFO:root:Grid transfered: 0, Local transferred: 0
INFO:root:Energy balance: -10, Daily cost: 0
INFO:root:-- Step 4 --
INFO:root:Grid transfered: 0, Local transferred: 0
INFO:root:Energy balance: -10, Daily cost: 0
INFO:root:-- Step 5 --
INFO:root:Grid transfered: 0, Local transferred: 0
INFO:root:Energy balance: -10, Daily cost: 0
INFO:root:-- Step 6 --
INFO:root:Grid transfered: 0, Local transferred: 0
INFO:root:Energy balance: -10, Daily cost: 0
INFO:root:-- Step 7 --
INFO:root:Grid transfered: 0, Local transferred: 0
INFO:root:Energy balance: -10, Daily cost: 0
INFO:root:-- Step 8 --
INFO:root:Grid transfered: 0, Local transferred: 0
INFO:root:Energy balance: -10, Daily cost: 0
INFO:root:-- Step 9 --
INFO:root:Grid transfered: 0, Local transferred: 0
INFO:root:Energy balance: -10, Daily cost: 0
INFO:root:-- Step 10 --
INFO:root:Grid transfered: 0, Local transferred: 0
INFO:root:Energy balance: -10, Daily cost: 0
INFO:root:-- Step 11 --
INFO:root:Grid transfered: 0, Local transferred: 0
INFO:root:Energy balance: -10, Daily cost: 0
INFO:root:-- Step 12 --
INFO:root:Grid transfered: 0, Local transferred: 0
INFO:root:Energy balance: -10, Daily cost: 0
INFO:root:-- Step 13 --
INFO:root:Grid transfered: 0, Local transferred: 0
INFO:root:Energy balance: -10, Daily cost: 0
INFO:root:-- Step 14 --
INFO:root:Grid transfered: 0, Local transferred: 0
INFO:root:Energy balance: -10, Daily cost: 0
INFO:root:-- Step 15 --
INFO:root:Grid transfered: 0, Local transferred: 0
INFO:root:Energy balance: -10, Daily cost: 0
INFO:root:-- Step 16 --
INFO:root:Grid transfered: 0, Local transferred: 0
INFO:root:Energy balance: -10, Daily cost: 0
INFO:root:-- Step 17 --
INFO:root:Grid transfered: 0, Local transferred: 0
INFO:root:Energy balance: -10, Daily cost: 0
INFO:root:-- Step 18 --
INFO:root:Grid transfered: 0, Local transferred: 0
INFO:root:Energy balance: -10, Daily cost: 0
INFO:root:-- Step 19 --
INFO:root:Grid transfered: 0, Local transferred: 0
INFO:root:Energy balance: -10, Daily cost: 0
INFO:root:-- Step 20 --
INFO:root:Grid transfered: 0, Local transferred: 0
INFO:root:Energy balance: -10, Daily cost: 0
INFO:root:-- Step 1 --
INFO:root:Grid transfered: 0, Local transferred: 0
INFO:root:Energy balance: -10, Daily cost: 0
INFO:root:-- Step 2 --
INFO:root:Grid transfered: 0, Local transferred: 0
INFO:root:Energy balance: -10, Daily cost: 0
INFO:root:-- Step 3 --
INFO:root:Grid transfered: 0, Local transferred: 0
INFO:root:Energy balance: -10, Daily cost: 0
INFO:root:-- Step 4 --
INFO:root:Grid transfered: 0, Local transferred: 0
INFO:root:Energy balance: -10, Daily cost: 0
INFO:root:-- Step 5 --
INFO:root:Grid transfered: 0, Local transferred: 0
INFO:root:Energy balance: -10, Daily cost: 0
INFO:root:-- Step 6 --
INFO:root:Grid transfered: 0, Local transferred: 0
INFO:root:Energy balance: -10, Daily cost: 0
INFO:root:-- Step 7 --
INFO:root:Grid transfered: 0, Local transferred: 0
INFO:root:Energy balance: -10, Daily cost: 0
INFO:root:-- Step 8 --
INFO:root:Grid transfered: 0, Local transferred: 0
INFO:root:Energy balance: -10, Daily cost: 0
INFO:root:-- Step 9 --
INFO:root:Grid transfered: 0, Local transferred: 0
INFO:root:Energy balance: -10, Daily cost: 0
INFO:root:-- Step 10 --
INFO:root:Grid transfered: 0, Local transferred: 0
INFO:root:Energy balance: -10, Daily cost: 0
INFO:root:-- Step 11 --
INFO:root:Grid transfered: 0, Local transferred: 0
INFO:root:Energy balance: -10, Daily cost: 0
INFO:root:-- Step 12 --
INFO:root:Grid transfered: 0, Local transferred: 0
INFO:root:Energy balance: -10, Daily cost: 0
INFO:root:-- Step 13 --
INFO:root:Grid transfered: 0, Local transferred: 0
INFO:root:Energy balance: -10, Daily cost: 0
INFO:root:-- Step 14 --
INFO:root:Grid transfered: 0, Local transferred: 0
INFO:root:Energy balance: -10, Daily cost: 0
INFO:root:-- Step 15 --
INFO:root:Grid transfered: 0, Local transferred: 0
INFO:root:Energy balance: -10, Daily cost: 0
INFO:root:-- Step 16 --
INFO:root:Grid transfered: 0, Local transferred: 0
INFO:root:Energy balance: -10, Daily cost: 0
INFO:root:-- Step 17 --
INFO:root:Grid transfered: 0, Local transferred: 0
INFO:root:Energy balance: -10, Daily cost: 0
INFO:root:-- Step 18 --
INFO:root:Grid transfered: 0, Local transferred: 0
INFO:root:Energy balance: -10, Daily cost: 0
INFO:root:-- Step 19 --
INFO:root:Grid transfered: 0, Local transferred: 0
INFO:root:Energy balance: -10, Daily cost: 0
INFO:root:-- Step 20 --
INFO:root:Grid transfered: 0, Local transferred: 0
INFO:root:Energy balance: -10, Daily cost: 0
INFO:root:-- Step 1 --
INFO:root:Grid transfered: 10, Local transferred: 0
INFO:root:Energy balance: 0, Daily cost: -100
INFO:root:-- Step 2 --
INFO:root:Grid transfered: 10, Local transferred: 0
INFO:root:Energy balance: 0, Daily cost: -100
INFO:root:-- Step 3 --
INFO:root:Grid transfered: 10, Local transferred: 0
INFO:root:Energy balance: 0, Daily cost: -100
INFO:root:-- Step 4 --
INFO:root:Grid transfered: 10, Local transferred: 0
INFO:root:Energy balance: 0, Daily cost: -100
INFO:root:-- Step 5 --
INFO:root:Grid transfered: 10, Local transferred: 0
INFO:root:Energy balance: 0, Daily cost: -100
INFO:root:-- Step 6 --
INFO:root:Grid transfered: 10, Local transferred: 0
INFO:root:Energy balance: 0, Daily cost: -100
INFO:root:-- Step 7 --
INFO:root:Grid transfered: 10, Local transferred: 0
INFO:root:Energy balance: 0, Daily cost: -100
INFO:root:-- Step 8 --
INFO:root:Grid transfered: 10, Local transferred: 0
INFO:root:Energy balance: 0, Daily cost: -100
INFO:root:-- Step 9 --
INFO:root:Grid transfered: 10, Local transferred: 0
INFO:root:Energy balance: 0, Daily cost: -100
INFO:root:-- Step 10 --
INFO:root:Grid transfered: 10, Local transferred: 0
INFO:root:Energy balance: 0, Daily cost: -100
INFO:root:-- Step 11 --
INFO:root:Grid transfered: 10, Local transferred: 0
INFO:root:Energy balance: 0, Daily cost: -100
INFO:root:-- Step 12 --
INFO:root:Grid transfered: 10, Local transferred: 0
INFO:root:Energy balance: 0, Daily cost: -100
INFO:root:-- Step 13 --
INFO:root:Grid transfered: 10, Local transferred: 0
INFO:root:Energy balance: 0, Daily cost: -100
INFO:root:-- Step 14 --
INFO:root:Grid transfered: 10, Local transferred: 0
INFO:root:Energy balance: 0, Daily cost: -100
INFO:root:-- Step 15 --
INFO:root:Grid transfered: 10, Local transferred: 0
INFO:root:Energy balance: 0, Daily cost: -100
INFO:root:-- Step 16 --
INFO:root:Grid transfered: 10, Local transferred: 0
INFO:root:Energy balance: 0, Daily cost: -100
INFO:root:-- Step 17 --
INFO:root:Grid transfered: 10, Local transferred: 0
INFO:root:Energy balance: 0, Daily cost: -100
INFO:root:-- Step 18 --
INFO:root:Grid transfered: 10, Local transferred: 0
INFO:root:Energy balance: 0, Daily cost: -100
INFO:root:-- Step 19 --
INFO:root:Grid transfered: 10, Local transferred: 0
INFO:root:Energy balance: 0, Daily cost: -100
INFO:root:-- Step 20 --
INFO:root:Grid transfered: 10, Local transferred: 0
INFO:root:Energy balance: 0, Daily cost: -100
INFO:root:-- Step 1 --
INFO:root:Grid transfered: 10, Local transferred: 0
INFO:root:Energy balance: 0, Daily cost: -100
INFO:root:-- Step 2 --
INFO:root:Grid transfered: 10, Local transferred: 0
INFO:root:Energy balance: 0, Daily cost: -100
INFO:root:-- Step 3 --
INFO:root:Grid transfered: 10, Local transferred: 0
INFO:root:Energy balance: 0, Daily cost: -100
INFO:root:-- Step 4 --
INFO:root:Grid transfered: 10, Local transferred: 0
INFO:root:Energy balance: 0, Daily cost: -100
INFO:root:-- Step 5 --
INFO:root:Grid transfered: 10, Local transferred: 0
INFO:root:Energy balance: 0, Daily cost: -100
INFO:root:-- Step 6 --
INFO:root:Grid transfered: 10, Local transferred: 0
INFO:root:Energy balance: 0, Daily cost: -100
INFO:root:-- Step 7 --
INFO:root:Grid transfered: 10, Local transferred: 0
INFO:root:Energy balance: 0, Daily cost: -100
INFO:root:-- Step 8 --
INFO:root:Grid transfered: 10, Local transferred: 0
INFO:root:Energy balance: 0, Daily cost: -100
INFO:root:-- Step 9 --
INFO:root:Grid transfered: 10, Local transferred: 0
INFO:root:Energy balance: 0, Daily cost: -100
INFO:root:-- Step 10 --
INFO:root:Grid transfered: 10, Local transferred: 0
INFO:root:Energy balance: 0, Daily cost: -100
INFO:root:-- Step 11 --
INFO:root:Grid transfered: 10, Local transferred: 0
INFO:root:Energy balance: 0, Daily cost: -100
INFO:root:-- Step 12 --
INFO:root:Grid transfered: 10, Local transferred: 0
INFO:root:Energy balance: 0, Daily cost: -100
INFO:root:-- Step 13 --
INFO:root:Grid transfered: 10, Local transferred: 0
INFO:root:Energy balance: 0, Daily cost: -100
INFO:root:-- Step 14 --
INFO:root:Grid transfered: 10, Local transferred: 0
INFO:root:Energy balance: 0, Daily cost: -100
INFO:root:-- Step 15 --
INFO:root:Grid transfered: 10, Local transferred: 0
INFO:root:Energy balance: 0, Daily cost: -100
INFO:root:-- Step 16 --
INFO:root:Grid transfered: 10, Local transferred: 0
INFO:root:Energy balance: 0, Daily cost: -100
INFO:root:-- Step 17 --
INFO:root:Grid transfered: 10, Local transferred: 0
INFO:root:Energy balance: 0, Daily cost: -100
INFO:root:-- Step 18 --
INFO:root:Grid transfered: 10, Local transferred: 0
INFO:root:Energy balance: 0, Daily cost: -100
INFO:root:-- Step 19 --
INFO:root:Grid transfered: 10, Local transferred: 0
INFO:root:Energy balance: 0, Daily cost: -100
INFO:root:-- Step 20 --
INFO:root:Grid transfered: 10, Local transferred: 0
INFO:root:Energy balance: 0, Daily cost: -100
WARNING:matplotlib.legend:No artists with labels found to put in legend.  Note that artists whose label start with an underscore are ignored when legend() is called with no argument.
INFO:root:-- Step 1 --
INFO:root:Grid transfered: 10, Local transferred: 0
INFO:root:Energy balance: 0, Daily cost: -100
INFO:root:-- Step 2 --
INFO:root:Grid transfered: 10, Local transferred: 0
INFO:root:Energy balance: 0, Daily cost: -100
INFO:root:-- Step 3 --
INFO:root:Grid transfered: 10, Local transferred: 0
INFO:root:Energy balance: 0, Daily cost: -100
INFO:root:-- Step 4 --
INFO:root:Grid transfered: 10, Local transferred: 0
INFO:root:Energy balance: 0, Daily cost: -100
INFO:root:-- Step 5 --
INFO:root:Grid transfered: 10, Local transferred: 0
INFO:root:Energy balance: 0, Daily cost: -100
INFO:root:-- Step 6 --
INFO:root:Grid transfered: 10, Local transferred: 0
INFO:root:Energy balance: 0, Daily cost: -100
INFO:root:-- Step 7 --
INFO:root:Grid transfered: 10, Local transferred: 0
INFO:root:Energy balance: 0, Daily cost: -100
INFO:root:-- Step 8 --
INFO:root:Grid transfered: 10, Local transferred: 0
INFO:root:Energy balance: 0, Daily cost: -100
INFO:root:-- Step 9 --
INFO:root:Grid transfered: 10, Local transferred: 0
INFO:root:Energy balance: 0, Daily cost: -100
INFO:root:-- Step 10 --
INFO:root:Grid transfered: 10, Local transferred: 0
INFO:root:Energy balance: 0, Daily cost: -100
INFO:root:-- Step 11 --
INFO:root:Grid transfered: 10, Local transferred: 0
INFO:root:Energy balance: 0, Daily cost: -100
INFO:root:-- Step 12 --
INFO:root:Grid transfered: 10, Local transferred: 0
INFO:root:Energy balance: 0, Daily cost: -100
INFO:root:-- Step 13 --
INFO:root:Grid transfered: 10, Local transferred: 0
INFO:root:Energy balance: 0, Daily cost: -100
INFO:root:-- Step 14 --
INFO:root:Grid transfered: 10, Local transferred: 0
INFO:root:Energy balance: 0, Daily cost: -100
INFO:root:-- Step 15 --
INFO:root:Grid transfered: 10, Local transferred: 0
INFO:root:Energy balance: 0, Daily cost: -100
INFO:root:-- Step 16 --
INFO:root:Grid transfered: 10, Local transferred: 0
INFO:root:Energy balance: 0, Daily cost: -100
INFO:root:-- Step 17 --
INFO:root:Grid transfered: 10, Local transferred: 0
INFO:root:Energy balance: 0, Daily cost: -100
INFO:root:-- Step 18 --
INFO:root:Grid transfered: 10, Local transferred: 0
INFO:root:Energy balance: 0, Daily cost: -100
INFO:root:-- Step 19 --
INFO:root:Grid transfered: 10, Local transferred: 0
INFO:root:Energy balance: 0, Daily cost: -100
INFO:root:-- Step 20 --
INFO:root:Grid transfered: 10, Local transferred: 0
INFO:root:Energy balance: 0, Daily cost: -100
WARNING:matplotlib.legend:No artists with labels found to put in legend.  Note that artists whose label start with an underscore are ignored when legend() is called with no argument.
INFO:matplotlib.animation:Animation.save using <class 'matplotlib.animation.HTMLWriter'>
INFO:root:-- Step 1 --
INFO:root:Grid transfered: 10, Local transferred: 0
INFO:root:Energy balance: 0, Daily cost: -100
INFO:root:-- Step 2 --
INFO:root:Grid transfered: 10, Local transferred: 0
INFO:root:Energy balance: 0, Daily cost: -100
INFO:root:-- Step 3 --
INFO:root:Grid transfered: 10, Local transferred: 0
INFO:root:Energy balance: 0, Daily cost: -100
INFO:root:-- Step 4 --
INFO:root:Grid transfered: 10, Local transferred: 0
INFO:root:Energy balance: 0, Daily cost: -100
INFO:root:-- Step 5 --
INFO:root:Grid transfered: 10, Local transferred: 0
INFO:root:Energy balance: 0, Daily cost: -100
INFO:root:-- Step 6 --
INFO:root:Grid transfered: 10, Local transferred: 0
INFO:root:Energy balance: 0, Daily cost: -100
INFO:root:-- Step 7 --
INFO:root:Grid transfered: 10, Local transferred: 0
INFO:root:Energy balance: 0, Daily cost: -100
INFO:root:-- Step 8 --
INFO:root:Grid transfered: 10, Local transferred: 0
INFO:root:Energy balance: 0, Daily cost: -100
INFO:root:-- Step 9 --
INFO:root:Grid transfered: 10, Local transferred: 0
INFO:root:Energy balance: 0, Daily cost: -100
INFO:root:-- Step 10 --
INFO:root:Grid transfered: 10, Local transferred: 0
INFO:root:Energy balance: 0, Daily cost: -100
INFO:root:-- Step 11 --
INFO:root:Grid transfered: 10, Local transferred: 0
INFO:root:Energy balance: 0, Daily cost: -100
INFO:root:-- Step 12 --
INFO:root:Grid transfered: 10, Local transferred: 0
INFO:root:Energy balance: 0, Daily cost: -100
INFO:root:-- Step 13 --
INFO:root:Grid transfered: 10, Local transferred: 0
INFO:root:Energy balance: 0, Daily cost: -100
INFO:root:-- Step 14 --
INFO:root:Grid transfered: 10, Local transferred: 0
INFO:root:Energy balance: 0, Daily cost: -100
INFO:root:-- Step 15 --
INFO:root:Grid transfered: 10, Local transferred: 0
INFO:root:Energy balance: 0, Daily cost: -100
INFO:root:-- Step 16 --
INFO:root:Grid transfered: 10, Local transferred: 0
INFO:root:Energy balance: 0, Daily cost: -100
INFO:root:-- Step 17 --
INFO:root:Grid transfered: 10, Local transferred: 0
INFO:root:Energy balance: 0, Daily cost: -100
INFO:root:-- Step 18 --
INFO:root:Grid transfered: 10, Local transferred: 0
INFO:root:Energy balance: 0, Daily cost: -100
INFO:root:-- Step 19 --
INFO:root:Grid transfered: 10, Local transferred: 0
INFO:root:Energy balance: 0, Daily cost: -100
INFO:root:-- Step 20 --
INFO:root:Grid transfered: 10, Local transferred: 0
INFO:root:Energy balance: 0, Daily cost: -100
INFO:root:-- Step 1 --
INFO:root:Grid transfered: 10, Local transferred: 0
INFO:root:Energy balance: 0, Daily cost: -100
INFO:root:-- Step 2 --
INFO:root:Grid transfered: 10, Local transferred: 0
INFO:root:Energy balance: 0, Daily cost: -100
INFO:root:-- Step 3 --
INFO:root:Grid transfered: 10, Local transferred: 0
INFO:root:Energy balance: 0, Daily cost: -100
INFO:root:-- Step 4 --
INFO:root:Grid transfered: 10, Local transferred: 0
INFO:root:Energy balance: 0, Daily cost: -100
INFO:root:-- Step 5 --
INFO:root:Grid transfered: 10, Local transferred: 0
INFO:root:Energy balance: 0, Daily cost: -100
INFO:root:-- Step 6 --
INFO:root:Grid transfered: 10, Local transferred: 0
INFO:root:Energy balance: 0, Daily cost: -100
INFO:root:-- Step 7 --
INFO:root:Grid transfered: 10, Local transferred: 0
INFO:root:Energy balance: 0, Daily cost: -100
INFO:root:-- Step 8 --
INFO:root:Grid transfered: 10, Local transferred: 0
INFO:root:Energy balance: 0, Daily cost: -100
INFO:root:-- Step 9 --
INFO:root:Grid transfered: 10, Local transferred: 0
INFO:root:Energy balance: 0, Daily cost: -100
INFO:root:-- Step 10 --
INFO:root:Grid transfered: 10, Local transferred: 0
INFO:root:Energy balance: 0, Daily cost: -100
INFO:root:-- Step 11 --
INFO:root:Grid transfered: 10, Local transferred: 0
INFO:root:Energy balance: 0, Daily cost: -100
INFO:root:-- Step 12 --
INFO:root:Grid transfered: 10, Local transferred: 0
INFO:root:Energy balance: 0, Daily cost: -100
INFO:root:-- Step 13 --
INFO:root:Grid transfered: 10, Local transferred: 0
INFO:root:Energy balance: 0, Daily cost: -100
INFO:root:-- Step 14 --
INFO:root:Grid transfered: 10, Local transferred: 0
INFO:root:Energy balance: 0, Daily cost: -100
INFO:root:-- Step 15 --
INFO:root:Grid transfered: 10, Local transferred: 0
INFO:root:Energy balance: 0, Daily cost: -100
INFO:root:-- Step 16 --
INFO:root:Grid transfered: 10, Local transferred: 0
INFO:root:Energy balance: 0, Daily cost: -100
INFO:root:-- Step 17 --
INFO:root:Grid transfered: 10, Local transferred: 0
INFO:root:Energy balance: 0, Daily cost: -100
INFO:root:-- Step 18 --
INFO:root:Grid transfered: 10, Local transferred: 0
INFO:root:Energy balance: 0, Daily cost: -100
INFO:root:-- Step 19 --
INFO:root:Grid transfered: 10, Local transferred: 0
INFO:root:Energy balance: 0, Daily cost: -100
INFO:root:-- Step 20 --
INFO:root:Grid transfered: 10, Local transferred: 0
INFO:root:Energy balance: 0, Daily cost: -100
INFO:matplotlib.animation:Animation.save using <class 'matplotlib.animation.HTMLWriter'>
INFO:root:-- Step 1 --
INFO:root:Grid transfered: 10, Local transferred: 0
INFO:root:Energy balance: 0, Daily cost: -100
INFO:root:-- Step 2 --
INFO:root:Grid transfered: 10, Local transferred: 0
INFO:root:Energy balance: 0, Daily cost: -100
INFO:root:-- Step 3 --
INFO:root:Grid transfered: 10, Local transferred: 0
INFO:root:Energy balance: 0, Daily cost: -100
INFO:root:-- Step 4 --
INFO:root:Grid transfered: 10, Local transferred: 0
INFO:root:Energy balance: 0, Daily cost: -100
INFO:root:-- Step 5 --
INFO:root:Grid transfered: 10, Local transferred: 0
INFO:root:Energy balance: 0, Daily cost: -100
INFO:root:-- Step 6 --
INFO:root:Grid transfered: 10, Local transferred: 0
INFO:root:Energy balance: 0, Daily cost: -100
INFO:root:-- Step 7 --
INFO:root:Grid transfered: 10, Local transferred: 0
INFO:root:Energy balance: 0, Daily cost: -100
INFO:root:-- Step 8 --
INFO:root:Grid transfered: 10, Local transferred: 0
INFO:root:Energy balance: 0, Daily cost: -100
INFO:root:-- Step 9 --
INFO:root:Grid transfered: 10, Local transferred: 0
INFO:root:Energy balance: 0, Daily cost: -100
INFO:root:-- Step 10 --
INFO:root:Grid transfered: 10, Local transferred: 0
INFO:root:Energy balance: 0, Daily cost: -100
INFO:root:-- Step 11 --
INFO:root:Grid transfered: 10, Local transferred: 0
INFO:root:Energy balance: 0, Daily cost: -100
INFO:root:-- Step 12 --
INFO:root:Grid transfered: 10, Local transferred: 0
INFO:root:Energy balance: 0, Daily cost: -100
INFO:root:-- Step 13 --
INFO:root:Grid transfered: 10, Local transferred: 0
INFO:root:Energy balance: 0, Daily cost: -100
INFO:root:-- Step 14 --
INFO:root:Grid transfered: 10, Local transferred: 0
INFO:root:Energy balance: 0, Daily cost: -100
INFO:root:-- Step 15 --
INFO:root:Grid transfered: 10, Local transferred: 0
INFO:root:Energy balance: 0, Daily cost: -100
INFO:root:-- Step 16 --
INFO:root:Grid transfered: 10, Local transferred: 0
INFO:root:Energy balance: 0, Daily cost: -100
INFO:root:-- Step 17 --
INFO:root:Grid transfered: 10, Local transferred: 0
INFO:root:Energy balance: 0, Daily cost: -100
INFO:root:-- Step 18 --
INFO:root:Grid transfered: 10, Local transferred: 0
INFO:root:Energy balance: 0, Daily cost: -100
INFO:root:-- Step 19 --
INFO:root:Grid transfered: 10, Local transferred: 0
INFO:root:Energy balance: 0, Daily cost: -100
INFO:root:-- Step 20 --
INFO:root:Grid transfered: 10, Local transferred: 0
INFO:root:Energy balance: 0, Daily cost: -100
